2025-11-27 01:07:25.043 [info] [main] Log level: Info
2025-11-27 01:07:25.044 [info] [main] Validating found git in: "git"
2025-11-27 01:07:25.044 [info] [main] Using git "2.51.2" from "git"
2025-11-27 01:07:25.044 [info] [Model][doInitialScan] Initial repository scan started
2025-11-27 01:07:25.044 [info] > git rev-parse --show-toplevel [30ms]
2025-11-27 01:07:25.044 [info] fatal: not a git repository (or any of the parent directories): .git
2025-11-27 01:07:25.044 [info] > git rev-parse --show-toplevel [22ms]
2025-11-27 01:07:25.044 [info] fatal: not a git repository (or any of the parent directories): .git
2025-11-27 01:07:25.044 [info] > git rev-parse --show-toplevel [124ms]
2025-11-27 01:07:25.044 [info] fatal: not a git repository (or any of the parent directories): .git
2025-11-27 01:07:25.044 [info] > git rev-parse --show-toplevel [84ms]
2025-11-27 01:07:25.044 [info] fatal: not a git repository (or any of the parent directories): .git
2025-11-27 01:07:25.044 [info] [Model][doInitialScan] Initial repository scan completed - repositories (0), closed repositories (0), parent repositories (0), unsafe repositories (0)
2025-11-27 01:07:25.061 [info] > git rev-parse --show-toplevel [5ms]
2025-11-27 01:07:25.061 [info] fatal: not a git repository (or any of the parent directories): .git
2025-11-27 01:07:29.323 [info] > git rev-parse --show-toplevel [571ms]
2025-11-27 01:07:29.323 [info] fatal: not a git repository (or any of the parent directories): .git
2025-11-27 01:07:32.100 [info] > git rev-parse --show-toplevel [76ms]
2025-11-27 01:07:32.100 [info] fatal: not a git repository (or any of the parent directories): .git
2025-11-27 01:09:28.526 [info] > git rev-parse --show-toplevel [10ms]
2025-11-27 01:09:28.530 [info] fatal: not a git repository (or any of the parent directories): .git
2025-11-27 01:10:55.509 [info] > git rev-parse --show-toplevel [3ms]
2025-11-27 01:10:55.510 [info] fatal: not a git repository (or any of the parent directories): .git
2025-11-27 01:11:14.435 [info] > git rev-parse --show-toplevel [3ms]
2025-11-27 01:11:14.435 [info] fatal: not a git repository (or any of the parent directories): .git
2025-11-27 01:11:19.194 [info] > git rev-parse --show-toplevel [21ms]
2025-11-27 01:11:19.194 [info] fatal: not a git repository (or any of the parent directories): .git
2025-11-27 01:12:04.754 [info] > git rev-parse --show-toplevel [20ms]
2025-11-27 01:12:04.755 [info] fatal: not a git repository (or any of the parent directories): .git
2025-11-27 01:12:46.132 [info] > git rev-parse --show-toplevel [15ms]
2025-11-27 01:12:46.132 [info] fatal: not a git repository (or any of the parent directories): .git
2025-11-27 01:19:40.784 [info] > git rev-parse --show-toplevel [4ms]
2025-11-27 01:19:40.784 [info] fatal: not a git repository (or any of the parent directories): .git
2025-11-27 01:29:28.468 [info] > git rev-parse --show-toplevel [4ms]
2025-11-27 01:29:28.468 [info] fatal: not a git repository (or any of the parent directories): .git
