2025-12-03 03:27:05.329 [info] Activating Laravel Extension...
2025-12-03 03:27:05.329 [info] Started
2025-12-03 03:27:05.329 [info] Checking herd PHP installation: herd which-php
2025-12-03 03:27:05.329 [info] Checking valet PHP installation: valet which-php
2025-12-03 03:27:05.329 [info] Checking sail PHP installation: ./vendor/bin/sail ps
2025-12-03 03:27:05.329 [info] Checking lando PHP installation: lando php -r 'echo PHP_BINARY;'
2025-12-03 03:27:05.329 [info] Checking ddev PHP installation: ddev php -r 'echo PHP_BINARY;'
2025-12-03 03:27:05.329 [info] Checking local PHP installation: php -r 'echo PHP_BINARY;'
2025-12-03 03:27:05.329 [info] Using local PHP installation: /usr/bin/php
2025-12-03 03:33:52.239 [error] Error: __VSCODE_LARAVEL_START_OUTPUT__
   ParseError 

  syntax error, unexpected identifier "pro", expecting "function"

  at app/Models/Musician.php:11
      7▕ class Musician extends Model
      8▕ {
      9▕     //
     10▕ 
  ➜  11▕     pro
     12▕ }
     13▕



    at /home/mailerdaemon/.vscode/extensions/laravel.vscode-laravel-1.2.1/dist/extension.js:1588:442
2025-12-03 03:35:00.051 [error] Error: __VSCODE_LARAVEL_START_OUTPUT__
   ParseError 

  syntax error, unexpected token "}"

  at app/Models/Musician.php:16
     12▕ 
     13▕     
     14▕     public function 
     15▕ 
  ➜  16▕ }
     17▕



    at /home/mailerdaemon/.vscode/extensions/laravel.vscode-laravel-1.2.1/dist/extension.js:1588:442
2025-12-03 03:36:41.462 [error] Error: __VSCODE_LARAVEL_START_OUTPUT__
   ParseError 

  Unclosed '(' does not match ']'

  at app/Models/Musician.php:17
     13▕     
     14▕     public function instruments()
     15▕     {
     16▕         return $this->belongsToMany(Instrument::class, 'instrument_mucician')
  ➜  17▕         ->withPivot([]])
     18▕         ->withTimestamps();
     19▕     }
     20▕ 
     21▕ }



    at /home/mailerdaemon/.vscode/extensions/laravel.vscode-laravel-1.2.1/dist/extension.js:1588:442
    at processTicksAndRejections (node:internal/process/task_queues:105:5)
2025-12-03 03:36:45.345 [error] Error: __VSCODE_LARAVEL_START_OUTPUT__
   ParseError 

  syntax error, unexpected single-quoted string "proficiency", expecting ")"

  at app/Models/Musician.php:17
     13▕     
     14▕     public function instruments()
     15▕     {
     16▕         return $this->belongsToMany(Instrument::class, 'instrument_mucician')
  ➜  17▕         ->withPivot([]'proficiency', 'years_played')])
     18▕         ->withTimestamps();
     19▕     }
     20▕ 
     21▕ }



    at /home/mailerdaemon/.vscode/extensions/laravel.vscode-laravel-1.2.1/dist/extension.js:1588:442
2025-12-04 00:04:30.854 [info] Stopped
