[52192][1762338049717][main][info]["Booting Postman 11.70.2, linux-6.17.6-arch1-1 on x64"]
[52192][1762338049723][main][info]["EventBus~initialize - Success"]
[52192][1762338049727][main][info]["Proxy configuration has not been setup"]
[52192][1762338049728][main][info]["CloudProxyManager~init - Success"]
[52192][1762338049830][main][info]["performShellDataMigration: Starting shell data migration"]
[52192][1762338049830][main][info]["migrateShellData:Starting"]
[52192][1762338049835][main][info]["migrateShellData: Old storage cleaned up"]
[52192][1762338050103][main][info]["migrateShellData: Got data from shell. Writing to storage"]
[52192][1762338050111][main][info]["performShellDataMigration: Migration successful on try count 1"]
[52192][1762338050121][main][info]["UpdateHandler~init - Success"]
[52192][1762338050125][main][info]["LeaderSelection: Initialized successfully"]
[52192][1762338050140][main][info]["GPU detected VID 32902 DID 2582 ACTIVE true"]
[52192][1762338050143][main][info]["main.js: Agent started"]
[52192][1762338050144][main][info]["shellController~init: Success"]
[52192][1762338050145][main][info]["shellMeta~init: Success"]
[52192][1762338050145][main][info]["partitionMigrationService: State of V7 partition:"]
[52192][1762338050145][main][info]["partitionMigrationService: V7 partitions",[]]
[52192][1762338050146][main][info]["partitionMigrationService~rectifyNamespaceOfScratchPadPartition: There is no partition with scratchpad namespace"]
[52192][1762338050146][main][info]["partitionMigrationService~rectifyNamespaceOfScratchPadPartition: There is no transit partition which could have been used for scratchpad"]
[52192][1762338050146][main][info]["partitionMigrationService~init: Success"]
[52192][1762338050146][main][info]["partitionMigrationService~runV8PartitionsIntegrity: Two way migration~ removing the following partitions from v8",[]]
[52192][1762338050147][main][info]["userPartitionService~_rectifyTheActivePartitionOfApplication: Setting the active partition to ",null]
[52192][1762338050158][main][info]["LinuxAutoUpdater~Cleanup - Initial cleanup successful"]
[52192][1762338050162][main][info]["newAccountRegionPreferenceService~getPreferenceWithFallback - Preference not found in storage."]
[52192][1762338050163][main][info]["newAccountRegionPreferenceService~getToggleMenuTemplate - Using preference:","useUSRegion"]
[52192][1762338050175][main][info]["userPartitionService~init: Success"]
[52192][1762338050198][main][info]["userPartitionService: State of v8 partition system:"]
[52192][1762338050199][main][info]["shell~init~getPartitionToLoad: loading scratchpad partition"]
[52192][1762338050199][main][info]["userPartitionService: List of partitions:",[]]
[52192][1762338050199][main][info]["userPartitionService: users global meta:",{}]
[52192][1762338050241][main][info]["Main:windowManager~newRequesterWindow: Fetch and update runtime config: undefined"]
[52192][1762338055736][main][info]["RuntimeIPCAgent~started: Success"]
[52192][1762338055877][main][info]["Main~scratchpadThemeAction:: action: set, value: light"]
[52192][1762338055902][main][info]["Main~scratchpadThemeAction:: action: set, value: light"]
[52192][1762338055927][main][info]["Main~scratchpadThemeAction:: action: set, value: light"]
[52192][1762338055941][main][info]["UpdateHandler~app-update-events - Received event",{"name":"checkForElectronVersionUpdated","namespace":"appUpdate"}]
[52192][1762338055967][main][info]["windowManager: First requester booted successfully."]
[52192][1762338055970][main][info]["windowManager~restoreWindows: Restoring requester windows"]
[52192][1762338055972][main][info]["WebVersionService: Initialized successfully with version: undefined"]
[52192][1762338055972][main][info]["Main~AppEvents - Received booted event for process requester.Version undefined UI Version: undefined Desktop Platform Version: 11.70.2"]
[52192][1762338080506][main][info]["Main~scratchpadThemeAction:: action: set, value: dark"]
[52192][1762338080570][main][info]["Main~scratchpadThemeAction:: action: set, value: dark"]
[52192][1762340212858][main][info]["WindowManager~closeHandler - Closed Window (id: 2 )"]
[52192][1762340212877][main][info]["Quitting app"]
[28930][1762537026495][main][info]["Booting Postman 11.70.2, linux-6.17.6-arch1-1 on x64"]
[28930][1762537026501][main][info]["EventBus~initialize - Success"]
[28930][1762537026519][main][info]["Proxy configuration has not been setup"]
[28930][1762537026520][main][info]["CloudProxyManager~init - Success"]
[28930][1762537026616][main][info]["performShellDataMigration: Migration has already been done. Bailing out"]
[28930][1762537026625][main][info]["UpdateHandler~init - Success"]
[28930][1762537026632][main][info]["LeaderSelection: Initialized successfully"]
[28930][1762537026649][main][info]["GPU detected VID 32902 DID 2582 ACTIVE true"]
[28930][1762537026653][main][info]["main.js: Agent started"]
[28930][1762537026654][main][info]["shellController~init: Success"]
[28930][1762537026655][main][info]["shellMeta~init: Success"]
[28930][1762537026655][main][info]["partitionMigrationService: State of V7 partition:"]
[28930][1762537026655][main][info]["partitionMigrationService: V7 partitions",[]]
[28930][1762537026655][main][info]["partitionMigrationService~rectifyNamespaceOfScratchPadPartition: There is no partition with scratchpad namespace"]
[28930][1762537026655][main][info]["partitionMigrationService~rectifyNamespaceOfScratchPadPartition: There is no transit partition which could have been used for scratchpad"]
[28930][1762537026656][main][info]["partitionMigrationService~init: Success"]
[28930][1762537026656][main][info]["partitionMigrationService~runV8PartitionsIntegrity: Two way migration~ removing the following partitions from v8",[]]
[28930][1762537026657][main][info]["userPartitionService~_rectifyTheActivePartitionOfApplication: Setting the active partition to ",null]
[28930][1762537026664][main][info]["LinuxAutoUpdater~Cleanup - Initial cleanup successful"]
[28930][1762537026667][main][info]["newAccountRegionPreferenceService~getPreferenceWithFallback - Preference not found in storage."]
[28930][1762537026667][main][info]["newAccountRegionPreferenceService~getToggleMenuTemplate - Using preference:","useUSRegion"]
[28930][1762537026680][main][info]["userPartitionService~init: Success"]
[28930][1762537026706][main][info]["userPartitionService: State of v8 partition system:"]
[28930][1762537026707][main][info]["shell~init~getPartitionToLoad: loading scratchpad partition"]
[28930][1762537026707][main][info]["userPartitionService: List of partitions:",[{"partitionId":"d1513cc8-d0c5-4081-b0fc-0ed8a6923459","namespace":"scratchPad","userId":0,"teamId":0,"isDirty":false}]]
[28930][1762537026707][main][info]["userPartitionService: users global meta:",{}]
[28930][1762537026707][main][info]["Main:windowManager~newRequesterWindow: Fetch and update runtime config: undefined"]
[28930][1762537031992][main][info]["RuntimeIPCAgent~started: Success"]
[28930][1762537032043][main][info]["Main~scratchpadThemeAction:: action: set, value: dark"]
[28930][1762537032080][main][info]["UpdateHandler~app-update-events - Received event",{"name":"checkForElectronVersionUpdated","namespace":"appUpdate"}]
[28930][1762537032108][main][info]["windowManager: First requester booted successfully."]
[28930][1762537032108][main][info]["windowManager~restoreWindows: Restoring requester windows"]
[28930][1762537032109][main][info]["WebVersionService: Initialized successfully with version: undefined"]
[28930][1762537032109][main][info]["Main~AppEvents - Received booted event for process requester.Version undefined UI Version: undefined Desktop Platform Version: 11.70.2"]
[28930][1762537042789][main][info]["UpdateHandler~app-update-events - Received event",{"name":"updateElectron","namespace":"appUpdate","data":{"channel":"stable","version":"11.70.2","downloadVersion":"11.70.6","appId":"69401c8d-4f32-49da-8910-9f1b62b0a101","userAgent":"Mozilla/5.0 (X11; Linux x86_64) AppleWebKit/537.36 (KHTML, like Gecko) Postman/11.70.2 Electron/33.4.11 Safari/537.36","platform":"linux_64","downloadURL":"https://dl.pstmn.io/download/version/11.70.6/linux_64","updateServerDomain":"https://dl.pstmn.io/","additionalParamsString":"installationId=69401c8d-4f32-49da-8910-9f1b62b0a101&userId=0&syncEnabled=false&teamPlan=&teamId=0","userId":"0"}}]
[28930][1762537042790][main][info]["LinuxUpdater~downloadUpdate - UpdateInfo received",{"channel":"stable","version":"11.70.2","downloadVersion":"11.70.6","appId":"69401c8d-4f32-49da-8910-9f1b62b0a101","userAgent":"Mozilla/5.0 (X11; Linux x86_64) AppleWebKit/537.36 (KHTML, like Gecko) Postman/11.70.2 Electron/33.4.11 Safari/537.36","platform":"linux_64","downloadURL":"https://dl.pstmn.io/download/version/11.70.6/linux_64","updateServerDomain":"https://dl.pstmn.io/","additionalParamsString":"installationId=69401c8d-4f32-49da-8910-9f1b62b0a101&userId=0&syncEnabled=false&teamPlan=&teamId=0","userId":"0"}]
[28930][1762537042961][main][error]["@postman/app-updater: error",{"errno":-13,"code":"EACCES","syscall":"open","path":"/opt/postman/Postman-1762537042791.tar.gz","name":"Error","message":"EACCES: permission denied, open '/opt/postman/Postman-1762537042791.tar.gz'","stack":"Error: EACCES: permission denied, open '/opt/postman/Postman-1762537042791.tar.gz'"},{"context":{"api":"@postman/app-updater","domain":"starship"},"info":"{\"packageName\":\"Postman\",\"eID\":\"Postman-1762537042791\",\"downloadURL\":\"https://dl.pstmn.io/download/version/11.70.6/linux_64\",\"downloadDirectory\":\"/opt/postman\",\"downloadInfo\":{\"status\":\"DOWNLOAD_ERROR\",\"error\":{\"errno\":-13,\"code\":\"EACCES\",\"syscall\":\"open\",\"path\":\"/opt/postman/Postman-1762537042791.tar.gz\"},\"downloadDirectory\":\"/opt/postman\"}}"}]
[28930][1762537042965][main][info]["UpdateHandler~app-update-events - Received event",{"name":"electronAppUpdateError","namespace":"appUpdate","data":{"error":{"errno":-13,"code":"EACCES","syscall":"open","path":"/opt/postman/Postman-1762537042791.tar.gz","name":"Error","message":"EACCES: permission denied, open '/opt/postman/Postman-1762537042791.tar.gz'","stack":"Error: EACCES: permission denied, open '/opt/postman/Postman-1762537042791.tar.gz'"},"updateData":{"packageName":"Postman","eID":"Postman-1762537042791","downloadURL":"https://dl.pstmn.io/download/version/11.70.6/linux_64","downloadDirectory":"/opt/postman","downloadInfo":{"status":"DOWNLOAD_ERROR","error":{"errno":-13,"code":"EACCES","syscall":"open","path":"/opt/postman/Postman-1762537042791.tar.gz"},"downloadDirectory":"/opt/postman"}}}}]
[28930][1762539830686][main][info]["WindowManager~closeHandler - Closed Window (id: 1 )"]
[28930][1762539830705][main][info]["Quitting app"]
[5100][1762941747420][main][info]["Booting Postman 11.70.2, linux-6.17.6-arch1-1 on x64"]
[5100][1762941747427][main][info]["EventBus~initialize - Success"]
[5100][1762941747433][main][info]["Proxy configuration has not been setup"]
[5100][1762941747435][main][info]["CloudProxyManager~init - Success"]
[5100][1762941747552][main][info]["performShellDataMigration: Migration has already been done. Bailing out"]
[5100][1762941747561][main][info]["UpdateHandler~init - Success"]
[5100][1762941747565][main][info]["LeaderSelection: Initialized successfully"]
[5100][1762941747583][main][info]["GPU detected VID 32902 DID 2582 ACTIVE true"]
[5100][1762941747587][main][info]["main.js: Agent started"]
[5100][1762941747588][main][info]["shellController~init: Success"]
[5100][1762941747588][main][info]["shellMeta~init: Success"]
[5100][1762941747588][main][info]["partitionMigrationService: State of V7 partition:"]
[5100][1762941747588][main][info]["partitionMigrationService: V7 partitions",[]]
[5100][1762941747589][main][info]["partitionMigrationService~rectifyNamespaceOfScratchPadPartition: There is no partition with scratchpad namespace"]
[5100][1762941747589][main][info]["partitionMigrationService~rectifyNamespaceOfScratchPadPartition: There is no transit partition which could have been used for scratchpad"]
[5100][1762941747589][main][info]["partitionMigrationService~init: Success"]
[5100][1762941747590][main][info]["partitionMigrationService~runV8PartitionsIntegrity: Two way migration~ removing the following partitions from v8",[]]
[5100][1762941747590][main][info]["userPartitionService~_rectifyTheActivePartitionOfApplication: Setting the active partition to ",null]
[5100][1762941747594][main][info]["LinuxAutoUpdater~Cleanup - Initial cleanup successful"]
[5100][1762941747596][main][info]["newAccountRegionPreferenceService~getPreferenceWithFallback - Preference not found in storage."]
[5100][1762941747597][main][info]["newAccountRegionPreferenceService~getToggleMenuTemplate - Using preference:","useUSRegion"]
[5100][1762941747609][main][info]["userPartitionService~init: Success"]
[5100][1762941747633][main][info]["userPartitionService: State of v8 partition system:"]
[5100][1762941747633][main][info]["shell~init~getPartitionToLoad: loading scratchpad partition"]
[5100][1762941747634][main][info]["userPartitionService: List of partitions:",[{"partitionId":"d1513cc8-d0c5-4081-b0fc-0ed8a6923459","namespace":"scratchPad","userId":0,"teamId":0,"isDirty":false}]]
[5100][1762941747634][main][info]["userPartitionService: users global meta:",{}]
[5100][1762941747634][main][info]["Main:windowManager~newRequesterWindow: Fetch and update runtime config: undefined"]
[5100][1762941752918][main][info]["RuntimeIPCAgent~started: Success"]
[5100][1762941752972][main][info]["Main~scratchpadThemeAction:: action: set, value: dark"]
[5100][1762941753005][main][info]["UpdateHandler~app-update-events - Received event",{"name":"checkForElectronVersionUpdated","namespace":"appUpdate"}]
[5100][1762941753024][main][info]["windowManager: First requester booted successfully."]
[5100][1762941753025][main][info]["windowManager~restoreWindows: Restoring requester windows"]
[5100][1762941753026][main][info]["WebVersionService: Initialized successfully with version: undefined"]
[5100][1762941753026][main][info]["Main~AppEvents - Received booted event for process requester.Version undefined UI Version: undefined Desktop Platform Version: 11.70.2"]
[5100][1762941763519][main][info]["UpdateHandler~app-update-events - Received event",{"name":"updateElectron","namespace":"appUpdate","data":{"channel":"stable","version":"11.70.2","downloadVersion":"11.70.6","appId":"69401c8d-4f32-49da-8910-9f1b62b0a101","userAgent":"Mozilla/5.0 (X11; Linux x86_64) AppleWebKit/537.36 (KHTML, like Gecko) Postman/11.70.2 Electron/33.4.11 Safari/537.36","platform":"linux_64","downloadURL":"https://dl.pstmn.io/download/version/11.70.6/linux_64","updateServerDomain":"https://dl.pstmn.io/","additionalParamsString":"installationId=69401c8d-4f32-49da-8910-9f1b62b0a101&userId=0&syncEnabled=false&teamPlan=&teamId=0","userId":"0"}}]
[5100][1762941763520][main][info]["LinuxUpdater~downloadUpdate - UpdateInfo received",{"channel":"stable","version":"11.70.2","downloadVersion":"11.70.6","appId":"69401c8d-4f32-49da-8910-9f1b62b0a101","userAgent":"Mozilla/5.0 (X11; Linux x86_64) AppleWebKit/537.36 (KHTML, like Gecko) Postman/11.70.2 Electron/33.4.11 Safari/537.36","platform":"linux_64","downloadURL":"https://dl.pstmn.io/download/version/11.70.6/linux_64","updateServerDomain":"https://dl.pstmn.io/","additionalParamsString":"installationId=69401c8d-4f32-49da-8910-9f1b62b0a101&userId=0&syncEnabled=false&teamPlan=&teamId=0","userId":"0"}]
[5100][1762941763681][main][error]["@postman/app-updater: error",{"errno":-13,"code":"EACCES","syscall":"open","path":"/opt/postman/Postman-1762941763521.tar.gz","name":"Error","message":"EACCES: permission denied, open '/opt/postman/Postman-1762941763521.tar.gz'","stack":"Error: EACCES: permission denied, open '/opt/postman/Postman-1762941763521.tar.gz'"},{"context":{"api":"@postman/app-updater","domain":"starship"},"info":"{\"packageName\":\"Postman\",\"eID\":\"Postman-1762941763521\",\"downloadURL\":\"https://dl.pstmn.io/download/version/11.70.6/linux_64\",\"downloadDirectory\":\"/opt/postman\",\"downloadInfo\":{\"status\":\"DOWNLOAD_ERROR\",\"error\":{\"errno\":-13,\"code\":\"EACCES\",\"syscall\":\"open\",\"path\":\"/opt/postman/Postman-1762941763521.tar.gz\"},\"downloadDirectory\":\"/opt/postman\"}}"}]
[5100][1762941763684][main][info]["UpdateHandler~app-update-events - Received event",{"name":"electronAppUpdateError","namespace":"appUpdate","data":{"error":{"errno":-13,"code":"EACCES","syscall":"open","path":"/opt/postman/Postman-1762941763521.tar.gz","name":"Error","message":"EACCES: permission denied, open '/opt/postman/Postman-1762941763521.tar.gz'","stack":"Error: EACCES: permission denied, open '/opt/postman/Postman-1762941763521.tar.gz'"},"updateData":{"packageName":"Postman","eID":"Postman-1762941763521","downloadURL":"https://dl.pstmn.io/download/version/11.70.6/linux_64","downloadDirectory":"/opt/postman","downloadInfo":{"status":"DOWNLOAD_ERROR","error":{"errno":-13,"code":"EACCES","syscall":"open","path":"/opt/postman/Postman-1762941763521.tar.gz"},"downloadDirectory":"/opt/postman"}}}}]
[5100][1762974513691][main][info]["WindowManager~closeHandler - Closed Window (id: 1 )"]
[5100][1762974513708][main][info]["Quitting app"]
[245082][1763543977868][main][info]["Booting Postman 11.70.2, linux-6.17.6-arch1-1 on x64"]
[245082][1763543977874][main][info]["EventBus~initialize - Success"]
[245082][1763543977881][main][info]["Proxy configuration has not been setup"]
[245082][1763543977882][main][info]["CloudProxyManager~init - Success"]
[245082][1763543978006][main][info]["performShellDataMigration: Migration has already been done. Bailing out"]
[245082][1763543978018][main][info]["UpdateHandler~init - Success"]
[245082][1763543978025][main][info]["LeaderSelection: Initialized successfully"]
[245082][1763543978046][main][info]["GPU detected VID 32902 DID 2582 ACTIVE true"]
[245082][1763543978050][main][info]["main.js: Agent started"]
[245082][1763543978050][main][info]["shellController~init: Success"]
[245082][1763543978051][main][info]["shellMeta~init: Success"]
[245082][1763543978051][main][info]["partitionMigrationService: State of V7 partition:"]
[245082][1763543978051][main][info]["partitionMigrationService: V7 partitions",[]]
[245082][1763543978051][main][info]["partitionMigrationService~rectifyNamespaceOfScratchPadPartition: There is no partition with scratchpad namespace"]
[245082][1763543978052][main][info]["partitionMigrationService~rectifyNamespaceOfScratchPadPartition: There is no transit partition which could have been used for scratchpad"]
[245082][1763543978052][main][info]["partitionMigrationService~init: Success"]
[245082][1763543978052][main][info]["partitionMigrationService~runV8PartitionsIntegrity: Two way migration~ removing the following partitions from v8",[]]
[245082][1763543978053][main][info]["userPartitionService~_rectifyTheActivePartitionOfApplication: Setting the active partition to ",null]
[245082][1763543978060][main][info]["LinuxAutoUpdater~Cleanup - Initial cleanup successful"]
[245082][1763543978062][main][info]["newAccountRegionPreferenceService~getPreferenceWithFallback - Preference not found in storage."]
[245082][1763543978062][main][info]["newAccountRegionPreferenceService~getToggleMenuTemplate - Using preference:","useUSRegion"]
[245082][1763543978077][main][info]["userPartitionService~init: Success"]
[245082][1763543978103][main][info]["userPartitionService: State of v8 partition system:"]
[245082][1763543978103][main][info]["shell~init~getPartitionToLoad: loading scratchpad partition"]
[245082][1763543978103][main][info]["userPartitionService: List of partitions:",[{"partitionId":"d1513cc8-d0c5-4081-b0fc-0ed8a6923459","namespace":"scratchPad","userId":0,"teamId":0,"isDirty":false}]]
[245082][1763543978104][main][info]["userPartitionService: users global meta:",{}]
[245082][1763543978104][main][info]["Main:windowManager~newRequesterWindow: Fetch and update runtime config: undefined"]
[245082][1763543985349][main][info]["RuntimeIPCAgent~started: Success"]
[245082][1763543985407][main][info]["Main~scratchpadThemeAction:: action: set, value: dark"]
[245082][1763543985433][main][info]["UpdateHandler~app-update-events - Received event",{"name":"checkForElectronVersionUpdated","namespace":"appUpdate"}]
[245082][1763543985443][main][info]["windowManager: First requester booted successfully."]
[245082][1763543985444][main][info]["windowManager~restoreWindows: Restoring requester windows"]
[245082][1763543985445][main][info]["WebVersionService: Initialized successfully with version: undefined"]
[245082][1763543985445][main][info]["Main~AppEvents - Received booted event for process requester.Version undefined UI Version: undefined Desktop Platform Version: 11.70.2"]
[245082][1763543996076][main][info]["UpdateHandler~app-update-events - Received event",{"name":"updateElectron","namespace":"appUpdate","data":{"channel":"stable","version":"11.70.2","downloadVersion":"11.71.7","appId":"69401c8d-4f32-49da-8910-9f1b62b0a101","userAgent":"Mozilla/5.0 (X11; Linux x86_64) AppleWebKit/537.36 (KHTML, like Gecko) Postman/11.70.2 Electron/33.4.11 Safari/537.36","platform":"linux_64","downloadURL":"https://dl.pstmn.io/download/version/11.71.7/linux_64","updateServerDomain":"https://dl.pstmn.io/","additionalParamsString":"installationId=69401c8d-4f32-49da-8910-9f1b62b0a101&userId=0&syncEnabled=false&teamPlan=&teamId=0","userId":"0"}}]
[245082][1763543996077][main][info]["LinuxUpdater~downloadUpdate - UpdateInfo received",{"channel":"stable","version":"11.70.2","downloadVersion":"11.71.7","appId":"69401c8d-4f32-49da-8910-9f1b62b0a101","userAgent":"Mozilla/5.0 (X11; Linux x86_64) AppleWebKit/537.36 (KHTML, like Gecko) Postman/11.70.2 Electron/33.4.11 Safari/537.36","platform":"linux_64","downloadURL":"https://dl.pstmn.io/download/version/11.71.7/linux_64","updateServerDomain":"https://dl.pstmn.io/","additionalParamsString":"installationId=69401c8d-4f32-49da-8910-9f1b62b0a101&userId=0&syncEnabled=false&teamPlan=&teamId=0","userId":"0"}]
[245082][1763543996217][main][error]["@postman/app-updater: error",{"errno":-13,"code":"EACCES","syscall":"open","path":"/opt/postman/Postman-1763543996077.tar.gz","name":"Error","message":"EACCES: permission denied, open '/opt/postman/Postman-1763543996077.tar.gz'","stack":"Error: EACCES: permission denied, open '/opt/postman/Postman-1763543996077.tar.gz'"},{"context":{"api":"@postman/app-updater","domain":"starship"},"info":"{\"packageName\":\"Postman\",\"eID\":\"Postman-1763543996077\",\"downloadURL\":\"https://dl.pstmn.io/download/version/11.71.7/linux_64\",\"downloadDirectory\":\"/opt/postman\",\"downloadInfo\":{\"status\":\"DOWNLOAD_ERROR\",\"error\":{\"errno\":-13,\"code\":\"EACCES\",\"syscall\":\"open\",\"path\":\"/opt/postman/Postman-1763543996077.tar.gz\"},\"downloadDirectory\":\"/opt/postman\"}}"}]
[245082][1763543996222][main][info]["UpdateHandler~app-update-events - Received event",{"name":"electronAppUpdateError","namespace":"appUpdate","data":{"error":{"errno":-13,"code":"EACCES","syscall":"open","path":"/opt/postman/Postman-1763543996077.tar.gz","name":"Error","message":"EACCES: permission denied, open '/opt/postman/Postman-1763543996077.tar.gz'","stack":"Error: EACCES: permission denied, open '/opt/postman/Postman-1763543996077.tar.gz'"},"updateData":{"packageName":"Postman","eID":"Postman-1763543996077","downloadURL":"https://dl.pstmn.io/download/version/11.71.7/linux_64","downloadDirectory":"/opt/postman","downloadInfo":{"status":"DOWNLOAD_ERROR","error":{"errno":-13,"code":"EACCES","syscall":"open","path":"/opt/postman/Postman-1763543996077.tar.gz"},"downloadDirectory":"/opt/postman"}}}}]
[245082][1763551925954][main][info]["WindowManager~closeHandler - Closed Window (id: 1 )"]
[245082][1763551926037][main][info]["Quitting app"]
