2025-11-26 02:10:27.779 [info] [aebc6443-996d-45c2-90f0-388ff96faa56] Native Broker is only available on Windows and macOS
2025-11-26 02:10:28.427 [info] [getSessions] [all] starting
2025-11-26 02:10:28.427 [info] [getSessions] [all] returned 0 session(s)
2025-11-26 02:10:28.428 [info] [getSessions] [all] starting
2025-11-26 02:10:28.428 [info] [getSessions] [all] returned 0 session(s)
2025-11-26 02:10:28.428 [info] [getSessions] [all] starting
2025-11-26 02:10:28.428 [info] [getSessions] [all] returned 0 session(s)
2025-11-26 02:10:28.435 [info] [getSessions] [all] starting
2025-11-26 02:10:28.435 [info] [getSessions] [all] returned 0 session(s)
2025-11-26 02:10:29.222 [info] [getSessions] [499b84ac-1321-427f-aa17-267ca6975798/.default offline_access] starting
2025-11-26 02:10:29.222 [info] [aebc6443-996d-45c2-90f0-388ff96faa56] Native Broker is only available on Windows and macOS
2025-11-26 02:10:30.032 [info] [getSessions] [499b84ac-1321-427f-aa17-267ca6975798/.default offline_access] returned 0 session(s)
2025-11-26 02:10:31.222 [info] [getSessions] [499b84ac-1321-427f-aa17-267ca6975798/.default offline_access] starting
2025-11-26 02:10:31.222 [info] [getSessions] [499b84ac-1321-427f-aa17-267ca6975798/.default offline_access] returned 0 session(s)
2025-11-26 02:10:32.121 [info] [getSessions] [all] starting
2025-11-26 02:10:32.121 [info] [getSessions] [all] returned 0 session(s)
2025-11-26 02:15:50.128 [info] [getSessions] [499b84ac-1321-427f-aa17-267ca6975798/.default offline_access] starting
2025-11-26 02:15:50.128 [info] [getSessions] [499b84ac-1321-427f-aa17-267ca6975798/.default offline_access] returned 0 session(s)
2025-11-26 02:15:50.323 [info] [getSessions] [499b84ac-1321-427f-aa17-267ca6975798/.default offline_access] starting
2025-11-26 02:15:50.323 [info] [getSessions] [499b84ac-1321-427f-aa17-267ca6975798/.default offline_access] returned 0 session(s)
2025-11-26 02:16:12.758 [info] [getSessions] [499b84ac-1321-427f-aa17-267ca6975798/.default offline_access] starting
2025-11-26 02:16:12.758 [info] [getSessions] [499b84ac-1321-427f-aa17-267ca6975798/.default offline_access] returned 0 session(s)
2025-11-26 02:16:15.309 [info] [getSessions] [499b84ac-1321-427f-aa17-267ca6975798/.default offline_access] starting
2025-11-26 02:16:15.309 [info] [getSessions] [499b84ac-1321-427f-aa17-267ca6975798/.default offline_access] returned 0 session(s)
2025-11-26 02:54:21.682 [info] [getSessions] [499b84ac-1321-427f-aa17-267ca6975798/.default offline_access] starting
2025-11-26 02:54:21.682 [info] [getSessions] [499b84ac-1321-427f-aa17-267ca6975798/.default offline_access] returned 0 session(s)
