2025-11-27 01:07:23.948 [info] Reading sessions from keychain...
2025-11-27 01:07:23.948 [info] Getting sessions for all scopes...
2025-11-27 01:07:24.357 [info] Got stored sessions!
2025-11-27 01:07:24.358 [info] Got 1 verified sessions.
2025-11-27 01:07:24.358 [info] Got 1 sessions for ...
2025-11-27 01:07:24.358 [info] Getting sessions for all scopes...
2025-11-27 01:07:24.358 [info] Got 1 sessions for ...
2025-11-27 01:07:24.358 [info] Getting sessions for all scopes...
2025-11-27 01:07:24.358 [info] Got 1 sessions for ...
2025-11-27 01:07:24.358 [info] Getting sessions for all scopes...
2025-11-27 01:07:24.358 [info] Got 1 sessions for ...
2025-11-27 01:07:24.359 [info] Getting sessions for all scopes...
2025-11-27 01:07:24.359 [info] Got 1 sessions for ...
2025-11-27 01:07:24.359 [info] Getting sessions for all scopes...
2025-11-27 01:07:24.359 [info] Got 1 sessions for ...
2025-11-27 01:07:24.359 [info] Getting sessions for all scopes...
2025-11-27 01:07:24.359 [info] Got 1 sessions for ...
2025-11-27 01:07:24.359 [info] Getting sessions for all scopes...
2025-11-27 01:07:24.359 [info] Got 1 sessions for ...
2025-11-27 01:07:24.359 [info] Getting sessions for all scopes...
2025-11-27 01:07:24.359 [info] Got 1 sessions for ...
2025-11-27 01:07:24.360 [info] Getting sessions for all scopes...
2025-11-27 01:07:24.360 [info] Got 1 sessions for ...
2025-11-27 01:07:24.360 [info] Getting sessions for all scopes...
2025-11-27 01:07:24.360 [info] Got 1 sessions for ...
2025-11-27 01:07:24.503 [info] Getting sessions for all scopes...
2025-11-27 01:07:24.503 [info] Got 1 sessions for ...
2025-11-27 01:07:24.504 [info] Getting sessions for all scopes...
2025-11-27 01:07:24.505 [info] Got 1 sessions for ...
2025-11-27 01:07:24.506 [info] Getting sessions for all scopes...
2025-11-27 01:07:24.506 [info] Got 1 sessions for ...
2025-11-27 01:07:24.508 [info] Getting sessions for all scopes...
2025-11-27 01:07:24.508 [info] Got 1 sessions for ...
2025-11-27 01:07:24.509 [info] Getting sessions for all scopes...
2025-11-27 01:07:24.509 [info] Got 1 sessions for ...
2025-11-27 01:07:24.509 [info] Getting sessions for all scopes...
2025-11-27 01:07:24.509 [info] Got 1 sessions for ...
2025-11-27 01:07:24.510 [info] Getting sessions for all scopes...
2025-11-27 01:07:24.510 [info] Got 1 sessions for ...
2025-11-27 01:07:24.790 [info] Getting sessions for read:user,repo,user:email,workflow...
2025-11-27 01:07:24.790 [info] Got 0 sessions for read:user,repo,user:email,workflow...
2025-11-27 01:07:28.728 [info] Getting sessions for all scopes...
2025-11-27 01:07:28.728 [info] Got 1 sessions for ...
2025-11-27 01:07:28.728 [info] Getting sessions for all scopes...
2025-11-27 01:07:28.728 [info] Got 1 sessions for ...
2025-11-27 01:07:28.729 [info] Getting sessions for all scopes...
2025-11-27 01:07:28.729 [info] Got 1 sessions for ...
2025-11-27 01:07:28.769 [info] Getting sessions for user:email...
2025-11-27 01:07:28.769 [info] Got 1 sessions for user:email...
2025-11-27 01:07:28.769 [info] Getting sessions for read:user,repo,user:email,workflow...
2025-11-27 01:07:28.769 [info] Got 0 sessions for read:user,repo,user:email,workflow...
2025-11-27 01:07:29.355 [info] Getting sessions for all scopes...
2025-11-27 01:07:29.355 [info] Got 1 sessions for ...
2025-11-27 01:07:29.358 [info] Getting sessions for all scopes...
2025-11-27 01:07:29.358 [info] Got 1 sessions for ...
2025-11-27 01:07:29.734 [info] FetcherService: Electron fetch failed with status: 429 
2025-11-27 01:07:32.086 [info] Getting sessions for all scopes...
2025-11-27 01:07:32.086 [info] Got 1 sessions for ...
2025-11-27 01:07:32.089 [info] Getting sessions for read:user,repo,user:email,workflow...
2025-11-27 01:07:32.089 [info] Got 0 sessions for read:user,repo,user:email,workflow...
2025-11-27 01:07:32.164 [info] Getting sessions for all scopes...
2025-11-27 01:07:32.164 [info] Got 1 sessions for ...
2025-11-27 01:07:32.169 [info] Getting sessions for read:user,repo,user:email,workflow...
2025-11-27 01:07:32.169 [info] Got 0 sessions for read:user,repo,user:email,workflow...
2025-11-27 01:07:34.420 [info] Getting sessions for user:email...
2025-11-27 01:07:34.420 [info] Got 1 sessions for user:email...
2025-11-27 01:07:34.448 [info] FetcherService: Node fetch failed with status: 429 Too Many Requests
2025-11-27 01:07:35.337 [info] Getting sessions for read:user...
2025-11-27 01:07:35.337 [info] Got 0 sessions for read:user...
2025-11-27 01:07:35.953 [info] FetcherService: Node http/s failed with status: 429 Too Many Requests
2025-11-27 01:07:36.995 [info] Getting sessions for user:email...
2025-11-27 01:07:36.995 [info] Got 1 sessions for user:email...
2025-11-27 01:07:37.189 [info] Getting sessions for all scopes...
2025-11-27 01:07:37.189 [info] Got 1 sessions for ...
2025-11-27 01:07:37.189 [info] Getting sessions for all scopes...
2025-11-27 01:07:37.189 [info] Got 1 sessions for ...
2025-11-27 01:07:39.369 [info] Getting sessions for read:user,repo,user:email,workflow...
2025-11-27 01:07:39.369 [info] Got 0 sessions for read:user,repo,user:email,workflow...
2025-11-27 01:07:39.720 [info] Getting sessions for read:user,repo,user:email,workflow...
2025-11-27 01:07:39.720 [info] Got 0 sessions for read:user,repo,user:email,workflow...
2025-11-27 01:07:40.118 [info] Getting sessions for user:email...
2025-11-27 01:07:40.118 [info] Got 1 sessions for user:email...
2025-11-27 01:07:40.118 [info] Getting sessions for read:user,repo,user:email,workflow...
2025-11-27 01:07:40.118 [info] Got 0 sessions for read:user,repo,user:email,workflow...
2025-11-27 01:07:40.674 [info] Getting sessions for all scopes...
2025-11-27 01:07:40.674 [info] Got 1 sessions for ...
2025-11-27 01:07:40.690 [info] Getting sessions for all scopes...
2025-11-27 01:07:40.690 [info] Got 1 sessions for ...
2025-11-27 01:07:40.698 [info] Getting sessions for all scopes...
2025-11-27 01:07:40.698 [info] Got 1 sessions for ...
2025-11-27 01:07:40.701 [info] Getting sessions for all scopes...
2025-11-27 01:07:40.701 [info] Got 1 sessions for ...
2025-11-27 01:07:40.780 [info] Getting sessions for read:user,repo,user:email,workflow...
2025-11-27 01:07:40.780 [info] Got 0 sessions for read:user,repo,user:email,workflow...
2025-11-27 01:07:40.805 [info] Getting sessions for user:email...
2025-11-27 01:07:40.805 [info] Got 1 sessions for user:email...
2025-11-27 01:07:40.811 [info] Getting sessions for read:user,repo,user:email,workflow...
2025-11-27 01:07:40.811 [info] Got 0 sessions for read:user,repo,user:email,workflow...
2025-11-27 01:07:40.822 [info] Getting sessions for all scopes...
2025-11-27 01:07:40.822 [info] Got 1 sessions for ...
2025-11-27 01:07:40.835 [info] Getting sessions for read:user,repo,user:email,workflow...
2025-11-27 01:07:40.835 [info] Got 0 sessions for read:user,repo,user:email,workflow...
2025-11-27 01:07:41.447 [info] Getting sessions for user:email...
2025-11-27 01:07:41.447 [info] Got 1 sessions for user:email...
2025-11-27 01:07:41.503 [info] Getting sessions for all scopes...
2025-11-27 01:07:41.503 [info] Got 1 sessions for ...
2025-11-27 01:09:15.641 [info] Getting sessions for all scopes...
2025-11-27 01:09:15.641 [info] Got 1 sessions for ...
2025-11-27 01:09:15.659 [info] Getting sessions for all scopes...
2025-11-27 01:09:15.659 [info] Got 1 sessions for ...
2025-11-27 01:09:15.851 [info] Getting sessions for all scopes...
2025-11-27 01:09:15.851 [info] Got 1 sessions for ...
2025-11-27 01:09:15.870 [info] Getting sessions for all scopes...
2025-11-27 01:09:15.870 [info] Got 1 sessions for ...
2025-11-27 01:09:17.823 [info] Getting sessions for all scopes...
2025-11-27 01:09:17.823 [info] Got 1 sessions for ...
2025-11-27 01:09:17.825 [info] Getting sessions for all scopes...
2025-11-27 01:09:17.825 [info] Got 1 sessions for ...
2025-11-27 01:09:19.845 [info] Getting sessions for all scopes...
2025-11-27 01:09:19.845 [info] Got 1 sessions for ...
2025-11-27 01:09:19.860 [info] Getting sessions for all scopes...
2025-11-27 01:09:19.860 [info] Got 1 sessions for ...
2025-11-27 01:17:17.973 [info] Getting sessions for all scopes...
2025-11-27 01:17:17.973 [info] Got 1 sessions for ...
2025-11-27 01:17:18.003 [info] Getting sessions for all scopes...
2025-11-27 01:17:18.003 [info] Got 1 sessions for ...
2025-11-27 23:02:01.277 [info] Getting sessions for read:user,repo,user:email,workflow...
2025-11-27 23:02:01.277 [info] Got 0 sessions for read:user,repo,user:email,workflow...
2025-11-27 23:02:01.280 [info] Getting sessions for read:user...
2025-11-27 23:02:01.280 [info] Got 0 sessions for read:user...
2025-11-27 23:02:01.282 [info] Getting sessions for user:email...
2025-11-27 23:02:01.282 [info] Got 1 sessions for user:email...
2025-11-27 23:02:01.301 [info] Getting sessions for read:user,repo,user:email,workflow...
2025-11-27 23:02:01.301 [info] Got 0 sessions for read:user,repo,user:email,workflow...
2025-11-27 23:02:01.303 [info] Getting sessions for read:user...
2025-11-27 23:02:01.303 [info] Got 0 sessions for read:user...
2025-11-27 23:02:01.305 [info] Getting sessions for user:email...
2025-11-27 23:02:01.305 [info] Got 1 sessions for user:email...
2025-11-27 23:02:01.478 [info] Getting sessions for all scopes...
2025-11-27 23:02:01.478 [info] Got 1 sessions for ...
2025-11-27 23:02:01.481 [info] Getting sessions for read:user,repo,user:email,workflow...
2025-11-27 23:02:01.481 [info] Got 0 sessions for read:user,repo,user:email,workflow...
2025-11-27 23:02:01.532 [info] Getting sessions for user:email...
2025-11-27 23:02:01.532 [info] Got 1 sessions for user:email...
2025-11-27 23:02:02.337 [info] Getting sessions for all scopes...
2025-11-27 23:02:02.337 [info] Got 1 sessions for ...
2025-11-27 23:02:02.337 [info] Getting sessions for all scopes...
2025-11-27 23:02:02.337 [info] Got 1 sessions for ...
2025-11-27 23:02:02.367 [info] Getting sessions for read:user,repo,user:email,workflow...
2025-11-27 23:02:02.367 [info] Got 0 sessions for read:user,repo,user:email,workflow...
2025-11-27 23:02:02.429 [info] Getting sessions for user:email...
2025-11-27 23:02:02.429 [info] Got 1 sessions for user:email...
2025-11-27 23:02:02.429 [info] Getting sessions for read:user,repo,user:email,workflow...
2025-11-27 23:02:02.429 [info] Got 0 sessions for read:user,repo,user:email,workflow...
2025-11-27 23:02:02.431 [info] Getting sessions for all scopes...
2025-11-27 23:02:02.431 [info] Got 1 sessions for ...
2025-11-27 23:02:02.434 [info] Getting sessions for read:user,repo,user:email,workflow...
2025-11-27 23:02:02.434 [info] Got 0 sessions for read:user,repo,user:email,workflow...
2025-11-27 23:02:02.441 [info] Getting sessions for user:email...
2025-11-27 23:02:02.442 [info] Got 1 sessions for user:email...
2025-11-27 23:02:02.681 [info] Getting sessions for all scopes...
2025-11-27 23:02:02.681 [info] Got 1 sessions for ...
2025-11-27 23:02:02.681 [info] Getting sessions for all scopes...
2025-11-27 23:02:02.681 [info] Got 1 sessions for ...
2025-11-27 23:02:02.695 [info] Getting sessions for read:user,repo,user:email,workflow...
2025-11-27 23:02:02.695 [info] Got 0 sessions for read:user,repo,user:email,workflow...
2025-11-27 23:02:02.696 [info] Getting sessions for user:email...
2025-11-27 23:02:02.696 [info] Got 1 sessions for user:email...
2025-11-27 23:02:02.696 [info] Getting sessions for read:user,repo,user:email,workflow...
2025-11-27 23:02:02.696 [info] Got 0 sessions for read:user,repo,user:email,workflow...
2025-11-27 23:02:02.801 [info] Getting sessions for all scopes...
2025-11-27 23:02:02.801 [info] Got 1 sessions for ...
2025-11-27 23:02:02.846 [info] Getting sessions for read:user,repo,user:email,workflow...
2025-11-27 23:02:02.846 [info] Got 0 sessions for read:user,repo,user:email,workflow...
2025-11-27 23:02:02.847 [info] Getting sessions for user:email...
2025-11-27 23:02:02.847 [info] Got 1 sessions for user:email...
