2025-12-04 00:19:15.121 [info] Reading sessions from keychain...
2025-12-04 00:19:15.121 [info] Got stored sessions!
2025-12-04 00:19:15.122 [info] Got 1 verified sessions.
2025-12-04 00:19:15.122 [info] Getting sessions for all scopes...
2025-12-04 00:19:15.122 [info] Got 1 sessions for ...
2025-12-04 00:19:15.122 [info] Getting sessions for all scopes...
2025-12-04 00:19:15.122 [info] Got 1 sessions for ...
2025-12-04 00:19:15.122 [info] Getting sessions for all scopes...
2025-12-04 00:19:15.122 [info] Got 1 sessions for ...
2025-12-04 00:19:15.122 [info] Getting sessions for all scopes...
2025-12-04 00:19:15.122 [info] Got 1 sessions for ...
2025-12-04 00:19:15.122 [info] Getting sessions for all scopes...
2025-12-04 00:19:15.122 [info] Got 1 sessions for ...
2025-12-04 00:19:15.122 [info] Getting sessions for all scopes...
2025-12-04 00:19:15.122 [info] Got 1 sessions for ...
2025-12-04 00:19:15.122 [info] Getting sessions for all scopes...
2025-12-04 00:19:15.122 [info] Got 1 sessions for ...
2025-12-04 00:19:15.122 [info] Getting sessions for all scopes...
2025-12-04 00:19:15.122 [info] Got 1 sessions for ...
2025-12-04 00:19:15.122 [info] Getting sessions for all scopes...
2025-12-04 00:19:15.122 [info] Got 1 sessions for ...
2025-12-04 00:19:15.122 [info] Getting sessions for all scopes...
2025-12-04 00:19:15.122 [info] Got 1 sessions for ...
2025-12-04 00:19:15.122 [info] Getting sessions for all scopes...
2025-12-04 00:19:15.122 [info] Got 1 sessions for ...
2025-12-04 00:19:15.122 [info] Getting sessions for all scopes...
2025-12-04 00:19:15.122 [info] Got 1 sessions for ...
2025-12-04 00:19:15.122 [info] Getting sessions for all scopes...
2025-12-04 00:19:15.122 [info] Got 1 sessions for ...
2025-12-04 00:19:15.122 [info] Getting sessions for all scopes...
2025-12-04 00:19:15.122 [info] Got 1 sessions for ...
2025-12-04 00:19:15.122 [info] Getting sessions for all scopes...
2025-12-04 00:19:15.122 [info] Got 1 sessions for ...
2025-12-04 00:19:15.122 [info] Getting sessions for all scopes...
2025-12-04 00:19:15.122 [info] Got 1 sessions for ...
2025-12-04 00:19:15.122 [info] Getting sessions for all scopes...
2025-12-04 00:19:15.122 [info] Got 1 sessions for ...
2025-12-04 00:19:15.122 [info] Getting sessions for all scopes...
2025-12-04 00:19:15.122 [info] Got 1 sessions for ...
2025-12-04 00:19:15.122 [info] Getting sessions for all scopes...
2025-12-04 00:19:15.122 [info] Got 1 sessions for ...
2025-12-04 00:19:15.122 [info] Getting sessions for all scopes...
2025-12-04 00:19:15.122 [info] Got 1 sessions for ...
2025-12-04 00:19:15.122 [info] Getting sessions for read:user,repo,user:email,workflow...
2025-12-04 00:19:15.122 [info] Got 0 sessions for read:user,repo,user:email,workflow...
2025-12-04 00:19:15.250 [info] Getting sessions for user:email...
2025-12-04 00:19:15.251 [info] Got 1 sessions for user:email...
2025-12-04 00:19:15.252 [info] Getting sessions for read:user,repo,user:email,workflow...
2025-12-04 00:19:15.252 [info] Got 0 sessions for read:user,repo,user:email,workflow...
2025-12-04 00:19:15.612 [info] Getting sessions for all scopes...
2025-12-04 00:19:15.612 [info] Got 1 sessions for ...
2025-12-04 00:19:21.136 [info] Getting sessions for all scopes...
2025-12-04 00:19:21.136 [info] Got 1 sessions for ...
2025-12-04 00:19:21.147 [info] Getting sessions for all scopes...
2025-12-04 00:19:21.147 [info] Got 1 sessions for ...
2025-12-04 00:19:21.859 [info] FetcherService: Electron fetch failed with status: 429 
2025-12-04 00:19:22.268 [info] Getting sessions for read:user,repo,user:email,workflow...
2025-12-04 00:19:22.268 [info] Got 0 sessions for read:user,repo,user:email,workflow...
2025-12-04 00:19:23.103 [info] Getting sessions for all scopes...
2025-12-04 00:19:23.103 [info] Got 1 sessions for ...
2025-12-04 00:19:23.194 [info] Getting sessions for all scopes...
2025-12-04 00:19:23.194 [info] Got 1 sessions for ...
2025-12-04 00:19:23.195 [info] Getting sessions for read:user,repo,user:email,workflow...
2025-12-04 00:19:23.195 [info] Got 0 sessions for read:user,repo,user:email,workflow...
2025-12-04 00:19:23.217 [info] Getting sessions for user:email...
2025-12-04 00:19:23.217 [info] Got 1 sessions for user:email...
2025-12-04 00:19:24.253 [info] Getting sessions for read:user...
2025-12-04 00:19:24.254 [info] Got 0 sessions for read:user...
2025-12-04 00:19:24.289 [info] Getting sessions for user:email...
2025-12-04 00:19:24.289 [info] Got 1 sessions for user:email...
2025-12-04 00:19:24.508 [info] FetcherService: Node fetch failed with status: 429 Too Many Requests
2025-12-04 00:19:24.570 [info] Getting sessions for read:user,repo,user:email,workflow...
2025-12-04 00:19:24.570 [info] Got 0 sessions for read:user,repo,user:email,workflow...
2025-12-04 00:19:24.921 [info] Getting sessions for all scopes...
2025-12-04 00:19:24.922 [info] Got 1 sessions for ...
2025-12-04 00:19:24.923 [info] Getting sessions for all scopes...
2025-12-04 00:19:24.923 [info] Got 1 sessions for ...
2025-12-04 00:19:24.942 [info] Getting sessions for read:user,repo,user:email,workflow...
2025-12-04 00:19:24.942 [info] Got 0 sessions for read:user,repo,user:email,workflow...
2025-12-04 00:19:24.945 [info] Getting sessions for user:email...
2025-12-04 00:19:24.945 [info] Got 1 sessions for user:email...
2025-12-04 00:19:24.946 [info] Getting sessions for read:user,repo,user:email,workflow...
2025-12-04 00:19:24.946 [info] Got 0 sessions for read:user,repo,user:email,workflow...
2025-12-04 00:19:25.111 [info] Getting sessions for all scopes...
2025-12-04 00:19:25.111 [info] Got 1 sessions for ...
2025-12-04 00:19:25.117 [info] Getting sessions for all scopes...
2025-12-04 00:19:25.117 [info] Got 1 sessions for ...
2025-12-04 00:19:25.124 [info] Getting sessions for all scopes...
2025-12-04 00:19:25.124 [info] Got 1 sessions for ...
2025-12-04 00:19:25.175 [info] Getting sessions for read:user,repo,user:email,workflow...
2025-12-04 00:19:25.175 [info] Got 0 sessions for read:user,repo,user:email,workflow...
2025-12-04 00:19:25.205 [info] Getting sessions for user:email...
2025-12-04 00:19:25.206 [info] Got 1 sessions for user:email...
2025-12-04 00:19:25.429 [info] FetcherService: Node http/s failed with status: 429 Too Many Requests
2025-12-04 00:19:26.231 [info] Getting sessions for all scopes...
2025-12-04 00:19:26.231 [info] Got 1 sessions for ...
2025-12-04 00:20:14.025 [info] Getting sessions for all scopes...
2025-12-04 00:20:14.026 [info] Got 1 sessions for ...
2025-12-04 00:20:14.043 [info] Getting sessions for read:user,repo,user:email,workflow...
2025-12-04 00:20:14.043 [info] Got 0 sessions for read:user,repo,user:email,workflow...
2025-12-04 00:20:14.050 [info] Getting sessions for read:user,repo,user:email,workflow...
2025-12-04 00:20:14.050 [info] Got 0 sessions for read:user,repo,user:email,workflow...
2025-12-04 00:20:14.058 [info] Getting sessions for all scopes...
2025-12-04 00:20:14.058 [info] Got 1 sessions for ...
2025-12-04 00:20:14.062 [info] Getting sessions for read:user,repo,user:email,workflow...
2025-12-04 00:20:14.062 [info] Got 0 sessions for read:user,repo,user:email,workflow...
2025-12-04 00:20:14.069 [info] Getting sessions for user:email...
2025-12-04 00:20:14.069 [info] Got 1 sessions for user:email...
