11/18/2025, 9:50:36 AM PST 0: 

----------------------------------------------
11/18/2025, 9:50:36 AM PST 1: Discord starting: {"releaseChannel":"canary","version":"0.0.809"}, modulepath: /home/mailerdaemon/.config/discordcanary/0.0.809/modules
11/18/2025, 9:50:36 AM PST 2: ✅ webContents.created web1 ""
11/18/2025, 9:50:36 AM PST 3: ✅ window.created win1 "discord-canary"
11/18/2025, 9:50:37 AM PST 4: ✅ webContents.did-finish-load web1
11/18/2025, 9:50:37 AM PST 5: window.close win1
11/18/2025, 9:50:37 AM PST 6: webContents.destroyed web1
11/18/2025, 9:50:42 AM PST 0: 

----------------------------------------------
11/18/2025, 9:50:42 AM PST 1: Discord starting: {"releaseChannel":"canary","version":"0.0.809"}, modulepath: /home/mailerdaemon/.config/discordcanary/0.0.809/modules
11/18/2025, 9:50:42 AM PST 2: ✅ webContents.created web1 ""
11/18/2025, 9:50:42 AM PST 3: ✅ window.created win1 "discord-canary"
11/18/2025, 9:50:42 AM PST 4: ✅ webContents.did-finish-load web1
11/18/2025, 9:50:56 AM PST 5: ✅ webContents.created web2 ""
11/18/2025, 9:50:56 AM PST 6: ✅ window.created win2 "Discord"
11/18/2025, 9:50:58 AM PST 7: ✅ webContents.did-finish-load web2
11/18/2025, 9:51:01 AM PST 8: window.close win1
11/18/2025, 9:51:01 AM PST 9: webContents.destroyed web1
11/18/2025, 9:51:01 AM PST 10: window.closed win1
11/18/2025, 9:52:43 AM PST 11: window.close win2
11/18/2025, 9:53:00 AM PST 0: 

----------------------------------------------
11/18/2025, 9:53:00 AM PST 1: Discord starting: {"releaseChannel":"canary","version":"0.0.809"}, modulepath: /home/mailerdaemon/.config/discordcanary/0.0.809/modules
11/18/2025, 9:53:34 AM PST 12: window.close win2
11/18/2025, 9:53:47 AM PST 0: 

----------------------------------------------
11/18/2025, 9:53:47 AM PST 1: Discord starting: {"releaseChannel":"canary","version":"0.0.809"}, modulepath: /home/mailerdaemon/.config/discordcanary/0.0.809/modules
11/19/2025, 12:55:28 AM PST 13: before-quit
11/19/2025, 12:55:28 AM PST 14: window.close win2
11/19/2025, 12:55:28 AM PST 15: webContents.destroyed web2
11/19/2025, 12:55:28 AM PST 16: window.closed win2
