2025-12-10 03:11:41.365 [info] Reading sessions from keychain...
2025-12-10 03:11:41.378 [info] Getting sessions for all scopes...
2025-12-10 03:11:41.731 [info] Got stored sessions!
2025-12-10 03:11:41.732 [info] Got 1 verified sessions.
2025-12-10 03:11:41.732 [info] Got 1 sessions for ...
2025-12-10 03:11:41.732 [info] Getting sessions for all scopes...
2025-12-10 03:11:41.732 [info] Got 1 sessions for ...
2025-12-10 03:11:41.732 [info] Getting sessions for all scopes...
2025-12-10 03:11:41.732 [info] Got 1 sessions for ...
2025-12-10 03:11:41.732 [info] Getting sessions for all scopes...
2025-12-10 03:11:41.732 [info] Got 1 sessions for ...
2025-12-10 03:11:41.733 [info] Getting sessions for all scopes...
2025-12-10 03:11:41.733 [info] Got 1 sessions for ...
2025-12-10 03:11:41.733 [info] Getting sessions for all scopes...
2025-12-10 03:11:41.733 [info] Got 1 sessions for ...
2025-12-10 03:11:41.733 [info] Getting sessions for all scopes...
2025-12-10 03:11:41.733 [info] Got 1 sessions for ...
2025-12-10 03:11:41.733 [info] Getting sessions for all scopes...
2025-12-10 03:11:41.734 [info] Got 1 sessions for ...
2025-12-10 03:11:41.734 [info] Getting sessions for all scopes...
2025-12-10 03:11:41.734 [info] Got 1 sessions for ...
2025-12-10 03:11:41.734 [info] Getting sessions for all scopes...
2025-12-10 03:11:41.734 [info] Got 1 sessions for ...
2025-12-10 03:11:41.734 [info] Getting sessions for all scopes...
2025-12-10 03:11:41.734 [info] Got 1 sessions for ...
2025-12-10 03:11:41.988 [info] Getting sessions for all scopes...
2025-12-10 03:11:41.988 [info] Got 1 sessions for ...
2025-12-10 03:11:41.994 [info] Getting sessions for all scopes...
2025-12-10 03:11:41.994 [info] Got 1 sessions for ...
2025-12-10 03:11:41.995 [info] Getting sessions for all scopes...
2025-12-10 03:11:41.995 [info] Got 1 sessions for ...
2025-12-10 03:11:41.996 [info] Getting sessions for all scopes...
2025-12-10 03:11:41.996 [info] Got 1 sessions for ...
2025-12-10 03:11:41.996 [info] Getting sessions for all scopes...
2025-12-10 03:11:41.996 [info] Got 1 sessions for ...
2025-12-10 03:11:41.996 [info] Getting sessions for all scopes...
2025-12-10 03:11:41.996 [info] Got 1 sessions for ...
2025-12-10 03:11:41.997 [info] Getting sessions for all scopes...
2025-12-10 03:11:41.997 [info] Got 1 sessions for ...
2025-12-10 03:11:42.163 [info] Getting sessions for read:user,repo,user:email,workflow...
2025-12-10 03:11:42.164 [info] Got 0 sessions for read:user,repo,user:email,workflow...
2025-12-10 03:11:47.751 [info] Getting sessions for user:email...
2025-12-10 03:11:47.751 [info] Got 1 sessions for user:email...
2025-12-10 03:11:47.751 [info] Getting sessions for read:user,repo,user:email,workflow...
2025-12-10 03:11:47.751 [info] Got 0 sessions for read:user,repo,user:email,workflow...
2025-12-10 03:11:47.845 [info] Getting sessions for all scopes...
2025-12-10 03:11:47.845 [info] Got 1 sessions for ...
2025-12-10 03:11:47.846 [info] Getting sessions for all scopes...
2025-12-10 03:11:47.846 [info] Got 1 sessions for ...
2025-12-10 03:11:47.846 [info] Getting sessions for all scopes...
2025-12-10 03:11:47.846 [info] Got 1 sessions for ...
2025-12-10 03:11:48.633 [info] Getting sessions for all scopes...
2025-12-10 03:11:48.633 [info] Got 1 sessions for ...
2025-12-10 03:11:48.968 [info] FetcherService: Electron fetch failed with status: 429 
2025-12-10 03:11:50.236 [info] Getting sessions for all scopes...
2025-12-10 03:11:50.236 [info] Got 1 sessions for ...
2025-12-10 03:11:50.271 [info] Getting sessions for all scopes...
2025-12-10 03:11:50.271 [info] Got 1 sessions for ...
2025-12-10 03:11:50.277 [info] Getting sessions for all scopes...
2025-12-10 03:11:50.278 [info] Got 1 sessions for ...
2025-12-10 03:11:50.279 [info] Getting sessions for all scopes...
2025-12-10 03:11:50.279 [info] Got 1 sessions for ...
2025-12-10 03:11:50.280 [info] Getting sessions for read:user,repo,user:email,workflow...
2025-12-10 03:11:50.281 [info] Got 0 sessions for read:user,repo,user:email,workflow...
2025-12-10 03:11:52.529 [info] FetcherService: Node fetch failed with status: 429 Too Many Requests
2025-12-10 03:11:52.635 [info] Getting sessions for read:user,repo,user:email,workflow...
2025-12-10 03:11:52.635 [info] Got 0 sessions for read:user,repo,user:email,workflow...
2025-12-10 03:11:52.637 [info] Getting sessions for read:user...
2025-12-10 03:11:52.637 [info] Got 0 sessions for read:user...
2025-12-10 03:11:53.002 [info] Getting sessions for user:email...
2025-12-10 03:11:53.002 [info] Got 1 sessions for user:email...
2025-12-10 03:11:53.044 [info] Getting sessions for user:email...
2025-12-10 03:11:53.044 [info] Got 1 sessions for user:email...
2025-12-10 03:11:53.411 [info] FetcherService: Node http/s failed with status: 429 Too Many Requests
2025-12-10 03:11:53.487 [info] Getting sessions for read:user,repo,user:email,workflow...
2025-12-10 03:11:53.487 [info] Got 0 sessions for read:user,repo,user:email,workflow...
2025-12-10 03:11:54.170 [info] Getting sessions for all scopes...
2025-12-10 03:11:54.170 [info] Got 1 sessions for ...
2025-12-10 03:11:54.171 [info] Getting sessions for all scopes...
2025-12-10 03:11:54.171 [info] Got 1 sessions for ...
2025-12-10 03:11:54.196 [info] Getting sessions for read:user,repo,user:email,workflow...
2025-12-10 03:11:54.196 [info] Got 0 sessions for read:user,repo,user:email,workflow...
2025-12-10 03:11:54.214 [info] Getting sessions for user:email...
2025-12-10 03:11:54.215 [info] Got 1 sessions for user:email...
2025-12-10 03:11:54.216 [info] Getting sessions for read:user,repo,user:email,workflow...
2025-12-10 03:11:54.216 [info] Got 0 sessions for read:user,repo,user:email,workflow...
2025-12-10 03:11:54.359 [info] Getting sessions for all scopes...
2025-12-10 03:11:54.359 [info] Got 1 sessions for ...
2025-12-10 03:11:54.369 [info] Getting sessions for all scopes...
2025-12-10 03:11:54.369 [info] Got 1 sessions for ...
2025-12-10 03:11:54.374 [info] Getting sessions for all scopes...
2025-12-10 03:11:54.374 [info] Got 1 sessions for ...
2025-12-10 03:11:54.375 [info] Getting sessions for all scopes...
2025-12-10 03:11:54.375 [info] Got 1 sessions for ...
2025-12-10 03:11:54.392 [info] Getting sessions for read:user,repo,user:email,workflow...
2025-12-10 03:11:54.392 [info] Got 0 sessions for read:user,repo,user:email,workflow...
2025-12-10 03:11:54.394 [info] Getting sessions for user:email...
2025-12-10 03:11:54.394 [info] Got 1 sessions for user:email...
2025-12-10 03:11:54.394 [info] Getting sessions for read:user,repo,user:email,workflow...
2025-12-10 03:11:54.394 [info] Got 0 sessions for read:user,repo,user:email,workflow...
2025-12-10 03:11:54.398 [info] Getting sessions for all scopes...
2025-12-10 03:11:54.398 [info] Got 1 sessions for ...
2025-12-10 03:11:54.400 [info] Getting sessions for read:user,repo,user:email,workflow...
2025-12-10 03:11:54.400 [info] Got 0 sessions for read:user,repo,user:email,workflow...
2025-12-10 03:11:54.414 [info] Getting sessions for user:email...
2025-12-10 03:11:54.414 [info] Got 1 sessions for user:email...
2025-12-10 03:11:54.905 [info] Getting sessions for all scopes...
2025-12-10 03:11:54.905 [info] Got 1 sessions for ...
2025-12-10 03:16:15.130 [info] Getting sessions for all scopes...
2025-12-10 03:16:15.130 [info] Got 1 sessions for ...
2025-12-10 03:16:15.152 [info] Getting sessions for all scopes...
2025-12-10 03:16:15.152 [info] Got 1 sessions for ...
2025-12-10 03:16:16.265 [info] Getting sessions for all scopes...
2025-12-10 03:16:16.265 [info] Got 1 sessions for ...
2025-12-10 03:16:16.286 [info] Getting sessions for all scopes...
2025-12-10 03:16:16.286 [info] Got 1 sessions for ...
2025-12-10 03:16:16.538 [info] Getting sessions for all scopes...
2025-12-10 03:16:16.538 [info] Got 1 sessions for ...
2025-12-10 03:16:16.541 [info] Getting sessions for all scopes...
2025-12-10 03:16:16.541 [info] Got 1 sessions for ...
