2025-11-27 23:12:18.945 [info] Reading sessions from keychain...
2025-11-27 23:12:18.945 [info] Getting sessions for all scopes...
2025-11-27 23:12:19.049 [info] Got stored sessions!
2025-11-27 23:12:19.050 [info] Got 1 verified sessions.
2025-11-27 23:12:19.050 [info] Got 1 sessions for ...
2025-11-27 23:12:19.050 [info] Getting sessions for all scopes...
2025-11-27 23:12:19.050 [info] Got 1 sessions for ...
2025-11-27 23:12:19.050 [info] Getting sessions for all scopes...
2025-11-27 23:12:19.050 [info] Got 1 sessions for ...
2025-11-27 23:12:19.050 [info] Getting sessions for all scopes...
2025-11-27 23:12:19.050 [info] Got 1 sessions for ...
2025-11-27 23:12:19.050 [info] Getting sessions for all scopes...
2025-11-27 23:12:19.050 [info] Got 1 sessions for ...
2025-11-27 23:12:19.050 [info] Getting sessions for all scopes...
2025-11-27 23:12:19.050 [info] Got 1 sessions for ...
2025-11-27 23:12:19.051 [info] Getting sessions for all scopes...
2025-11-27 23:12:19.051 [info] Got 1 sessions for ...
2025-11-27 23:12:19.051 [info] Getting sessions for all scopes...
2025-11-27 23:12:19.051 [info] Got 1 sessions for ...
2025-11-27 23:12:19.051 [info] Getting sessions for all scopes...
2025-11-27 23:12:19.051 [info] Got 1 sessions for ...
2025-11-27 23:12:19.426 [info] Getting sessions for all scopes...
2025-11-27 23:12:19.426 [info] Got 1 sessions for ...
2025-11-27 23:12:19.428 [info] Getting sessions for all scopes...
2025-11-27 23:12:19.428 [info] Got 1 sessions for ...
2025-11-27 23:12:19.430 [info] Getting sessions for all scopes...
2025-11-27 23:12:19.430 [info] Got 1 sessions for ...
2025-11-27 23:12:19.430 [info] Getting sessions for all scopes...
2025-11-27 23:12:19.430 [info] Got 1 sessions for ...
2025-11-27 23:12:19.431 [info] Getting sessions for all scopes...
2025-11-27 23:12:19.431 [info] Got 1 sessions for ...
2025-11-27 23:12:19.432 [info] Getting sessions for all scopes...
2025-11-27 23:12:19.432 [info] Got 1 sessions for ...
2025-11-27 23:12:19.485 [info] Getting sessions for all scopes...
2025-11-27 23:12:19.485 [info] Got 1 sessions for ...
2025-11-27 23:12:19.658 [info] Getting sessions for read:user,repo,user:email,workflow...
2025-11-27 23:12:19.658 [info] Got 0 sessions for read:user,repo,user:email,workflow...
2025-11-27 23:12:25.588 [info] Getting sessions for all scopes...
2025-11-27 23:12:25.588 [info] Got 1 sessions for ...
2025-11-27 23:12:25.620 [info] Getting sessions for all scopes...
2025-11-27 23:12:25.620 [info] Got 1 sessions for ...
2025-11-27 23:12:25.620 [info] Getting sessions for all scopes...
2025-11-27 23:12:25.620 [info] Got 1 sessions for ...
2025-11-27 23:12:25.622 [info] Getting sessions for all scopes...
2025-11-27 23:12:25.622 [info] Got 1 sessions for ...
2025-11-27 23:12:25.698 [info] Getting sessions for user:email...
2025-11-27 23:12:25.698 [info] Got 1 sessions for user:email...
2025-11-27 23:12:25.698 [info] Getting sessions for read:user,repo,user:email,workflow...
2025-11-27 23:12:25.698 [info] Got 0 sessions for read:user,repo,user:email,workflow...
2025-11-27 23:12:26.252 [info] FetcherService: Electron fetch failed with status: 429 
2025-11-27 23:12:26.541 [info] Getting sessions for all scopes...
2025-11-27 23:12:26.541 [info] Got 1 sessions for ...
2025-11-27 23:12:27.767 [info] Getting sessions for all scopes...
2025-11-27 23:12:27.768 [info] Got 1 sessions for ...
2025-11-27 23:12:28.033 [info] Getting sessions for all scopes...
2025-11-27 23:12:28.033 [info] Got 1 sessions for ...
2025-11-27 23:12:28.034 [info] Getting sessions for read:user,repo,user:email,workflow...
2025-11-27 23:12:28.034 [info] Got 0 sessions for read:user,repo,user:email,workflow...
2025-11-27 23:12:28.035 [info] Getting sessions for all scopes...
2025-11-27 23:12:28.036 [info] Got 1 sessions for ...
2025-11-27 23:12:28.036 [info] Getting sessions for all scopes...
2025-11-27 23:12:28.036 [info] Got 1 sessions for ...
2025-11-27 23:12:28.400 [info] FetcherService: Node fetch failed with status: 429 Too Many Requests
2025-11-27 23:12:28.829 [info] Getting sessions for read:user...
2025-11-27 23:12:28.829 [info] Got 0 sessions for read:user...
2025-11-27 23:12:28.830 [info] Getting sessions for read:user,repo,user:email,workflow...
2025-11-27 23:12:28.830 [info] Got 0 sessions for read:user,repo,user:email,workflow...
2025-11-27 23:12:29.926 [info] Getting sessions for user:email...
2025-11-27 23:12:29.926 [info] Got 1 sessions for user:email...
2025-11-27 23:12:29.926 [info] Getting sessions for user:email...
2025-11-27 23:12:29.926 [info] Got 1 sessions for user:email...
2025-11-27 23:12:30.143 [info] FetcherService: Node http/s failed with status: 429 Too Many Requests
2025-11-27 23:12:30.558 [info] Getting sessions for read:user,repo,user:email,workflow...
2025-11-27 23:12:30.558 [info] Got 0 sessions for read:user,repo,user:email,workflow...
2025-11-27 23:12:30.785 [info] Getting sessions for all scopes...
2025-11-27 23:12:30.785 [info] Got 1 sessions for ...
2025-11-27 23:12:30.785 [info] Getting sessions for all scopes...
2025-11-27 23:12:30.785 [info] Got 1 sessions for ...
2025-11-27 23:12:30.855 [info] Getting sessions for read:user,repo,user:email,workflow...
2025-11-27 23:12:30.855 [info] Got 0 sessions for read:user,repo,user:email,workflow...
2025-11-27 23:12:30.859 [info] Getting sessions for user:email...
2025-11-27 23:12:30.859 [info] Got 1 sessions for user:email...
2025-11-27 23:12:30.859 [info] Getting sessions for read:user,repo,user:email,workflow...
2025-11-27 23:12:30.859 [info] Got 0 sessions for read:user,repo,user:email,workflow...
2025-11-27 23:12:31.113 [info] Getting sessions for all scopes...
2025-11-27 23:12:31.113 [info] Got 1 sessions for ...
2025-11-27 23:12:31.121 [info] Getting sessions for all scopes...
2025-11-27 23:12:31.121 [info] Got 1 sessions for ...
2025-11-27 23:12:31.136 [info] Getting sessions for all scopes...
2025-11-27 23:12:31.136 [info] Got 1 sessions for ...
2025-11-27 23:12:31.142 [info] Getting sessions for all scopes...
2025-11-27 23:12:31.142 [info] Got 1 sessions for ...
2025-11-27 23:12:31.184 [info] Getting sessions for read:user,repo,user:email,workflow...
2025-11-27 23:12:31.184 [info] Got 0 sessions for read:user,repo,user:email,workflow...
2025-11-27 23:12:31.187 [info] Getting sessions for user:email...
2025-11-27 23:12:31.187 [info] Got 1 sessions for user:email...
2025-11-27 23:12:31.187 [info] Getting sessions for read:user,repo,user:email,workflow...
2025-11-27 23:12:31.187 [info] Got 0 sessions for read:user,repo,user:email,workflow...
2025-11-27 23:12:31.191 [info] Getting sessions for all scopes...
2025-11-27 23:12:31.191 [info] Got 1 sessions for ...
2025-11-27 23:12:31.193 [info] Getting sessions for read:user,repo,user:email,workflow...
2025-11-27 23:12:31.193 [info] Got 0 sessions for read:user,repo,user:email,workflow...
2025-11-27 23:12:31.195 [info] Getting sessions for user:email...
2025-11-27 23:12:31.195 [info] Got 1 sessions for user:email...
2025-11-27 23:12:31.919 [info] Getting sessions for all scopes...
2025-11-27 23:12:31.919 [info] Got 1 sessions for ...
2025-11-27 23:12:50.383 [info] Getting sessions for all scopes...
2025-11-27 23:12:50.383 [info] Got 1 sessions for ...
2025-11-27 23:12:50.407 [info] Getting sessions for all scopes...
2025-11-27 23:12:50.407 [info] Got 1 sessions for ...
2025-11-27 23:12:50.841 [info] Getting sessions for all scopes...
2025-11-27 23:12:50.841 [info] Got 1 sessions for ...
2025-11-27 23:12:50.846 [info] Getting sessions for all scopes...
2025-11-27 23:12:50.846 [info] Got 1 sessions for ...
2025-11-27 23:14:24.511 [info] Getting sessions for all scopes...
2025-11-27 23:14:24.511 [info] Got 1 sessions for ...
2025-11-27 23:14:24.533 [info] Getting sessions for all scopes...
2025-11-27 23:14:24.533 [info] Got 1 sessions for ...
