2025-12-04 00:21:16.450 [info] Reading sessions from keychain...
2025-12-04 00:21:16.450 [info] Getting sessions for all scopes...
2025-12-04 00:21:16.450 [info] Got stored sessions!
2025-12-04 00:21:16.450 [info] Got 1 verified sessions.
2025-12-04 00:21:16.450 [info] Got 1 sessions for ...
2025-12-04 00:21:16.450 [info] Getting sessions for all scopes...
2025-12-04 00:21:16.450 [info] Got 1 sessions for ...
2025-12-04 00:21:16.450 [info] Getting sessions for all scopes...
2025-12-04 00:21:16.450 [info] Got 1 sessions for ...
2025-12-04 00:21:16.450 [info] Getting sessions for all scopes...
2025-12-04 00:21:16.450 [info] Got 1 sessions for ...
2025-12-04 00:21:16.450 [info] Getting sessions for all scopes...
2025-12-04 00:21:16.450 [info] Got 1 sessions for ...
2025-12-04 00:21:16.450 [info] Getting sessions for all scopes...
2025-12-04 00:21:16.450 [info] Got 1 sessions for ...
2025-12-04 00:21:16.450 [info] Getting sessions for all scopes...
2025-12-04 00:21:16.450 [info] Got 1 sessions for ...
2025-12-04 00:21:16.450 [info] Getting sessions for all scopes...
2025-12-04 00:21:16.450 [info] Got 1 sessions for ...
2025-12-04 00:21:16.450 [info] Getting sessions for all scopes...
2025-12-04 00:21:16.450 [info] Got 1 sessions for ...
2025-12-04 00:21:16.461 [info] Getting sessions for all scopes...
2025-12-04 00:21:16.461 [info] Got 1 sessions for ...
2025-12-04 00:21:16.462 [info] Getting sessions for all scopes...
2025-12-04 00:21:16.462 [info] Got 1 sessions for ...
2025-12-04 00:21:16.612 [info] Getting sessions for all scopes...
2025-12-04 00:21:16.612 [info] Got 1 sessions for ...
2025-12-04 00:21:16.615 [info] Getting sessions for all scopes...
2025-12-04 00:21:16.615 [info] Got 1 sessions for ...
2025-12-04 00:21:16.616 [info] Getting sessions for all scopes...
2025-12-04 00:21:16.616 [info] Got 1 sessions for ...
2025-12-04 00:21:16.616 [info] Getting sessions for all scopes...
2025-12-04 00:21:16.616 [info] Got 1 sessions for ...
2025-12-04 00:21:16.617 [info] Getting sessions for all scopes...
2025-12-04 00:21:16.617 [info] Got 1 sessions for ...
2025-12-04 00:21:16.620 [info] Getting sessions for all scopes...
2025-12-04 00:21:16.620 [info] Got 1 sessions for ...
2025-12-04 00:21:16.883 [info] Getting sessions for all scopes...
2025-12-04 00:21:16.883 [info] Got 1 sessions for ...
2025-12-04 00:21:17.120 [info] Getting sessions for read:user,repo,user:email,workflow...
2025-12-04 00:21:17.120 [info] Got 0 sessions for read:user,repo,user:email,workflow...
2025-12-04 00:21:17.237 [info] Getting sessions for user:email...
2025-12-04 00:21:17.237 [info] Got 1 sessions for user:email...
2025-12-04 00:21:17.237 [info] Getting sessions for read:user,repo,user:email,workflow...
2025-12-04 00:21:17.237 [info] Got 0 sessions for read:user,repo,user:email,workflow...
2025-12-04 00:21:20.556 [info] Getting sessions for all scopes...
2025-12-04 00:21:20.556 [info] Got 1 sessions for ...
2025-12-04 00:21:20.557 [info] Getting sessions for all scopes...
2025-12-04 00:21:20.557 [info] Got 1 sessions for ...
2025-12-04 00:21:20.557 [info] Getting sessions for all scopes...
2025-12-04 00:21:20.557 [info] Got 1 sessions for ...
2025-12-04 00:21:22.025 [info] Getting sessions for all scopes...
2025-12-04 00:21:22.026 [info] Got 1 sessions for ...
2025-12-04 00:21:22.772 [info] Getting sessions for all scopes...
2025-12-04 00:21:22.772 [info] Got 1 sessions for ...
2025-12-04 00:21:22.841 [info] Getting sessions for all scopes...
2025-12-04 00:21:22.841 [info] Got 1 sessions for ...
2025-12-04 00:21:22.886 [info] FetcherService: Electron fetch failed with status: 429 
2025-12-04 00:21:24.584 [info] Getting sessions for read:user,repo,user:email,workflow...
2025-12-04 00:21:24.584 [info] Got 0 sessions for read:user,repo,user:email,workflow...
2025-12-04 00:21:24.616 [info] Getting sessions for all scopes...
2025-12-04 00:21:24.617 [info] Got 1 sessions for ...
2025-12-04 00:21:24.621 [info] Getting sessions for all scopes...
2025-12-04 00:21:24.621 [info] Got 1 sessions for ...
2025-12-04 00:21:24.623 [info] Getting sessions for read:user,repo,user:email,workflow...
2025-12-04 00:21:24.624 [info] Got 0 sessions for read:user,repo,user:email,workflow...
2025-12-04 00:21:24.686 [info] Getting sessions for user:email...
2025-12-04 00:21:24.686 [info] Got 1 sessions for user:email...
2025-12-04 00:21:25.251 [info] Getting sessions for read:user...
2025-12-04 00:21:25.251 [info] Got 0 sessions for read:user...
2025-12-04 00:21:25.750 [info] FetcherService: Node fetch failed with status: 429 Too Many Requests
2025-12-04 00:21:25.917 [info] Getting sessions for user:email...
2025-12-04 00:21:25.917 [info] Got 1 sessions for user:email...
2025-12-04 00:21:26.194 [info] Getting sessions for read:user,repo,user:email,workflow...
2025-12-04 00:21:26.194 [info] Got 0 sessions for read:user,repo,user:email,workflow...
2025-12-04 00:21:26.658 [info] FetcherService: Node http/s failed with status: 429 Too Many Requests
2025-12-04 00:21:26.919 [info] Getting sessions for all scopes...
2025-12-04 00:21:26.919 [info] Got 1 sessions for ...
2025-12-04 00:21:26.920 [info] Getting sessions for all scopes...
2025-12-04 00:21:26.920 [info] Got 1 sessions for ...
2025-12-04 00:21:26.968 [info] Getting sessions for read:user,repo,user:email,workflow...
2025-12-04 00:21:26.968 [info] Got 0 sessions for read:user,repo,user:email,workflow...
2025-12-04 00:21:26.971 [info] Getting sessions for user:email...
2025-12-04 00:21:26.971 [info] Got 1 sessions for user:email...
2025-12-04 00:21:26.971 [info] Getting sessions for read:user,repo,user:email,workflow...
2025-12-04 00:21:26.971 [info] Got 0 sessions for read:user,repo,user:email,workflow...
2025-12-04 00:21:27.287 [info] Getting sessions for all scopes...
2025-12-04 00:21:27.287 [info] Got 1 sessions for ...
2025-12-04 00:21:27.290 [info] Getting sessions for all scopes...
2025-12-04 00:21:27.290 [info] Got 1 sessions for ...
2025-12-04 00:21:27.301 [info] Getting sessions for all scopes...
2025-12-04 00:21:27.301 [info] Got 1 sessions for ...
2025-12-04 00:21:27.301 [info] Getting sessions for all scopes...
2025-12-04 00:21:27.301 [info] Got 1 sessions for ...
2025-12-04 00:21:27.319 [info] Getting sessions for read:user,repo,user:email,workflow...
2025-12-04 00:21:27.319 [info] Got 0 sessions for read:user,repo,user:email,workflow...
2025-12-04 00:21:27.321 [info] Getting sessions for user:email...
2025-12-04 00:21:27.321 [info] Got 1 sessions for user:email...
2025-12-04 00:21:27.321 [info] Getting sessions for read:user,repo,user:email,workflow...
2025-12-04 00:21:27.321 [info] Got 0 sessions for read:user,repo,user:email,workflow...
2025-12-04 00:21:27.328 [info] Getting sessions for all scopes...
2025-12-04 00:21:27.328 [info] Got 1 sessions for ...
2025-12-04 00:21:27.333 [info] Getting sessions for read:user,repo,user:email,workflow...
2025-12-04 00:21:27.333 [info] Got 0 sessions for read:user,repo,user:email,workflow...
2025-12-04 00:21:27.335 [info] Getting sessions for user:email...
2025-12-04 00:21:27.335 [info] Got 1 sessions for user:email...
2025-12-04 00:21:27.806 [info] Getting sessions for all scopes...
2025-12-04 00:21:27.806 [info] Got 1 sessions for ...
