2025-11-26 02:10:18.397 [info] [main] Log level: Info
2025-11-26 02:10:18.397 [info] [main] Validating found git in: "git"
2025-11-26 02:10:18.397 [info] [main] Using git "2.51.2" from "git"
2025-11-26 02:10:18.397 [info] [Model][doInitialScan] Initial repository scan started
2025-11-26 02:10:18.397 [info] > git rev-parse --show-toplevel [44ms]
2025-11-26 02:10:18.397 [info] fatal: not a git repository (or any of the parent directories): .git
2025-11-26 02:10:18.397 [info] > git rev-parse --show-toplevel [6ms]
2025-11-26 02:10:18.397 [info] fatal: not a git repository (or any of the parent directories): .git
2025-11-26 02:10:18.397 [info] > git rev-parse --show-toplevel [20ms]
2025-11-26 02:10:18.397 [info] fatal: not a git repository (or any of the parent directories): .git
2025-11-26 02:10:18.397 [info] > git rev-parse --show-toplevel [9ms]
2025-11-26 02:10:18.397 [info] fatal: not a git repository (or any of the parent directories): .git
2025-11-26 02:10:18.397 [info] > git rev-parse --show-toplevel [19ms]
2025-11-26 02:10:18.397 [info] fatal: not a git repository (or any of the parent directories): .git
2025-11-26 02:10:18.397 [info] > git rev-parse --show-toplevel [4ms]
2025-11-26 02:10:18.397 [info] fatal: not a git repository (or any of the parent directories): .git
2025-11-26 02:10:18.397 [info] > git rev-parse --show-toplevel [3ms]
2025-11-26 02:10:18.397 [info] fatal: not a git repository (or any of the parent directories): .git
2025-11-26 02:10:18.397 [info] > git rev-parse --show-toplevel [4ms]
2025-11-26 02:10:18.397 [info] fatal: not a git repository (or any of the parent directories): .git
2025-11-26 02:10:18.397 [info] > git rev-parse --show-toplevel [4ms]
2025-11-26 02:10:18.397 [info] fatal: not a git repository (or any of the parent directories): .git
2025-11-26 02:10:18.397 [info] > git rev-parse --show-toplevel [4ms]
2025-11-26 02:10:18.397 [info] fatal: not a git repository (or any of the parent directories): .git
2025-11-26 02:10:18.397 [info] > git rev-parse --show-toplevel [3ms]
2025-11-26 02:10:18.397 [info] fatal: not a git repository (or any of the parent directories): .git
2025-11-26 02:10:18.397 [info] > git rev-parse --show-toplevel [4ms]
2025-11-26 02:10:18.397 [info] fatal: not a git repository (or any of the parent directories): .git
2025-11-26 02:10:18.397 [info] > git rev-parse --show-toplevel [3ms]
2025-11-26 02:10:18.397 [info] fatal: not a git repository (or any of the parent directories): .git
2025-11-26 02:10:18.397 [info] [Model][doInitialScan] Initial repository scan completed - repositories (0), closed repositories (0), parent repositories (0), unsafe repositories (0)
2025-11-26 02:10:25.840 [info] > git rev-parse --show-toplevel [736ms]
2025-11-26 02:10:25.840 [info] fatal: not a git repository (or any of the parent directories): .git
2025-11-26 02:10:26.513 [info] > git rev-parse --show-toplevel [441ms]
2025-11-26 02:10:26.513 [info] fatal: not a git repository (or any of the parent directories): .git
2025-11-26 02:10:27.668 [info] > git rev-parse --show-toplevel [1111ms]
2025-11-26 02:10:27.668 [info] fatal: not a git repository (or any of the parent directories): .git
2025-11-26 02:15:51.205 [info] > git rev-parse --show-toplevel [7ms]
2025-11-26 02:15:51.205 [info] fatal: not a git repository (or any of the parent directories): .git
2025-11-26 02:16:16.353 [info] > git rev-parse --show-toplevel [7ms]
2025-11-26 02:16:16.353 [info] fatal: not a git repository (or any of the parent directories): .git
2025-11-26 02:16:44.899 [info] > git rev-parse --show-toplevel [7ms]
2025-11-26 02:16:44.899 [info] fatal: not a git repository (or any of the parent directories): .git
2025-11-26 02:16:49.146 [info] > git rev-parse --show-toplevel [13ms]
2025-11-26 02:16:49.146 [info] fatal: not a git repository (or any of the parent directories): .git
2025-11-26 02:16:50.567 [info] > git rev-parse --show-toplevel [5ms]
2025-11-26 02:16:50.567 [info] fatal: not a git repository (or any of the parent directories): .git
2025-11-26 02:16:54.969 [info] > git rev-parse --show-toplevel [11ms]
2025-11-26 02:16:54.969 [info] fatal: not a git repository (or any of the parent directories): .git
2025-11-26 02:16:56.860 [info] > git rev-parse --show-toplevel [6ms]
2025-11-26 02:16:56.860 [info] fatal: not a git repository (or any of the parent directories): .git
2025-11-26 02:17:45.213 [info] > git rev-parse --show-toplevel [19ms]
2025-11-26 02:17:45.213 [info] fatal: not a git repository (or any of the parent directories): .git
2025-11-26 02:54:13.642 [info] > git rev-parse --show-toplevel [3ms]
2025-11-26 02:54:13.642 [info] fatal: not a git repository (or any of the parent directories): .git
2025-11-26 02:54:17.219 [info] > git rev-parse --show-toplevel [15ms]
2025-11-26 02:54:17.219 [info] fatal: not a git repository (or any of the parent directories): .git
2025-11-26 02:54:48.017 [info] > git rev-parse --show-toplevel [19ms]
2025-11-26 02:54:48.017 [info] fatal: not a git repository (or any of the parent directories): .git
2025-11-26 02:54:50.408 [info] > git rev-parse --show-toplevel [9ms]
2025-11-26 02:54:50.408 [info] fatal: not a git repository (or any of the parent directories): .git
2025-11-26 02:54:51.349 [info] > git rev-parse --show-toplevel [9ms]
2025-11-26 02:54:51.349 [info] fatal: not a git repository (or any of the parent directories): .git
2025-11-26 02:54:51.983 [info] > git rev-parse --show-toplevel [10ms]
2025-11-26 02:54:51.983 [info] fatal: not a git repository (or any of the parent directories): .git
2025-11-26 02:54:54.834 [info] > git rev-parse --show-toplevel [9ms]
2025-11-26 02:54:54.834 [info] fatal: not a git repository (or any of the parent directories): .git
2025-11-26 02:56:50.416 [info] > git rev-parse --show-toplevel [2ms]
2025-11-26 02:56:50.416 [info] fatal: not a git repository (or any of the parent directories): .git
2025-11-26 02:56:52.543 [info] > git rev-parse --show-toplevel [3ms]
2025-11-26 02:56:52.543 [info] fatal: not a git repository (or any of the parent directories): .git
2025-11-26 02:56:54.036 [info] > git rev-parse --show-toplevel [4ms]
2025-11-26 02:56:54.036 [info] fatal: not a git repository (or any of the parent directories): .git
2025-11-26 02:56:58.233 [info] > git rev-parse --show-toplevel [2ms]
2025-11-26 02:56:58.233 [info] fatal: not a git repository (or any of the parent directories): .git
2025-11-26 02:57:00.381 [info] > git rev-parse --show-toplevel [4ms]
2025-11-26 02:57:00.381 [info] fatal: not a git repository (or any of the parent directories): .git
2025-11-26 02:57:05.412 [info] > git rev-parse --show-toplevel [3ms]
2025-11-26 02:57:05.412 [info] fatal: not a git repository (or any of the parent directories): .git
2025-11-26 02:57:07.850 [info] > git rev-parse --show-toplevel [3ms]
2025-11-26 02:57:07.850 [info] fatal: not a git repository (or any of the parent directories): .git
2025-11-26 02:57:11.293 [info] > git rev-parse --show-toplevel [7ms]
2025-11-26 02:57:11.293 [info] fatal: not a git repository (or any of the parent directories): .git
2025-11-26 02:57:15.012 [info] > git rev-parse --show-toplevel [6ms]
2025-11-26 02:57:15.012 [info] fatal: not a git repository (or any of the parent directories): .git
2025-11-26 03:04:24.190 [info] > git rev-parse --show-toplevel [2ms]
2025-11-26 03:04:24.190 [info] fatal: not a git repository (or any of the parent directories): .git
2025-11-26 03:04:29.180 [info] > git rev-parse --show-toplevel [3ms]
2025-11-26 03:04:29.180 [info] fatal: not a git repository (or any of the parent directories): .git
2025-11-26 03:04:36.464 [info] > git rev-parse --show-toplevel [8ms]
2025-11-26 03:04:36.464 [info] fatal: not a git repository (or any of the parent directories): .git
2025-11-26 03:05:43.679 [info] > git rev-parse --show-toplevel [10ms]
2025-11-26 03:05:43.679 [info] fatal: not a git repository (or any of the parent directories): .git
2025-11-26 03:05:45.531 [info] > git rev-parse --show-toplevel [3ms]
2025-11-26 03:05:45.531 [info] fatal: not a git repository (or any of the parent directories): .git
2025-11-26 03:06:38.340 [info] > git rev-parse --show-toplevel [2ms]
2025-11-26 03:06:38.340 [info] fatal: not a git repository (or any of the parent directories): .git
2025-11-26 03:09:47.084 [info] > git rev-parse --show-toplevel [12ms]
2025-11-26 03:09:47.084 [info] fatal: not a git repository (or any of the parent directories): .git
2025-11-26 03:09:54.466 [info] > git rev-parse --show-toplevel [5ms]
2025-11-26 03:09:54.466 [info] fatal: not a git repository (or any of the parent directories): .git
2025-11-26 03:10:07.374 [info] > git rev-parse --show-toplevel [5ms]
2025-11-26 03:10:07.374 [info] fatal: not a git repository (or any of the parent directories): .git
2025-11-26 03:10:25.318 [info] > git rev-parse --show-toplevel [5ms]
2025-11-26 03:10:25.318 [info] fatal: not a git repository (or any of the parent directories): .git
2025-11-26 03:12:05.822 [info] > git rev-parse --show-toplevel [10ms]
2025-11-26 03:12:05.822 [info] fatal: not a git repository (or any of the parent directories): .git
2025-11-26 03:12:20.664 [info] > git rev-parse --show-toplevel [3ms]
2025-11-26 03:12:20.665 [info] fatal: not a git repository (or any of the parent directories): .git
2025-11-26 03:12:28.046 [info] > git rev-parse --show-toplevel [3ms]
2025-11-26 03:12:28.046 [info] fatal: not a git repository (or any of the parent directories): .git
2025-11-26 03:17:38.109 [info] > git rev-parse --show-toplevel [8ms]
2025-11-26 03:17:38.109 [info] fatal: not a git repository (or any of the parent directories): .git
2025-11-26 03:18:52.256 [info] > git rev-parse --show-toplevel [6ms]
2025-11-26 03:18:52.256 [info] fatal: not a git repository (or any of the parent directories): .git
2025-11-26 03:19:31.850 [info] > git rev-parse --show-toplevel [11ms]
2025-11-26 03:19:31.850 [info] fatal: not a git repository (or any of the parent directories): .git
2025-11-26 03:19:44.395 [info] > git rev-parse --show-toplevel [4ms]
2025-11-26 03:19:44.395 [info] fatal: not a git repository (or any of the parent directories): .git
2025-11-26 03:20:37.402 [info] > git rev-parse --show-toplevel [5ms]
2025-11-26 03:20:37.402 [info] fatal: not a git repository (or any of the parent directories): .git
2025-11-26 03:21:13.768 [info] > git rev-parse --show-toplevel [4ms]
2025-11-26 03:21:13.768 [info] fatal: not a git repository (or any of the parent directories): .git
2025-11-26 03:23:54.861 [info] > git rev-parse --show-toplevel [8ms]
2025-11-26 03:23:54.861 [info] fatal: not a git repository (or any of the parent directories): .git
2025-11-26 03:25:09.566 [info] > git rev-parse --show-toplevel [7ms]
2025-11-26 03:25:09.567 [info] fatal: not a git repository (or any of the parent directories): .git
2025-11-26 03:25:11.425 [info] > git rev-parse --show-toplevel [4ms]
2025-11-26 03:25:11.425 [info] fatal: not a git repository (or any of the parent directories): .git
2025-11-26 03:25:13.976 [info] > git rev-parse --show-toplevel [3ms]
2025-11-26 03:25:13.976 [info] fatal: not a git repository (or any of the parent directories): .git
2025-11-26 03:25:51.344 [info] > git rev-parse --show-toplevel [5ms]
2025-11-26 03:25:51.344 [info] fatal: not a git repository (or any of the parent directories): .git
2025-11-26 03:26:30.822 [info] > git rev-parse --show-toplevel [4ms]
2025-11-26 03:26:30.822 [info] fatal: not a git repository (or any of the parent directories): .git
2025-11-26 03:28:15.818 [info] > git rev-parse --show-toplevel [8ms]
2025-11-26 03:28:15.819 [info] fatal: not a git repository (or any of the parent directories): .git
2025-11-26 03:33:07.574 [info] > git rev-parse --show-toplevel [3ms]
2025-11-26 03:33:07.574 [info] fatal: not a git repository (or any of the parent directories): .git
2025-11-26 03:33:17.827 [info] > git rev-parse --show-toplevel [9ms]
2025-11-26 03:33:17.827 [info] fatal: not a git repository (or any of the parent directories): .git
2025-11-26 03:34:36.720 [info] > git rev-parse --show-toplevel [3ms]
2025-11-26 03:34:36.720 [info] fatal: not a git repository (or any of the parent directories): .git
2025-11-26 03:34:39.156 [info] > git rev-parse --show-toplevel [3ms]
2025-11-26 03:34:39.156 [info] fatal: not a git repository (or any of the parent directories): .git
2025-11-26 03:34:50.609 [info] > git rev-parse --show-toplevel [7ms]
2025-11-26 03:34:50.609 [info] fatal: not a git repository (or any of the parent directories): .git
2025-11-26 03:35:07.051 [info] > git rev-parse --show-toplevel [6ms]
2025-11-26 03:35:07.051 [info] fatal: not a git repository (or any of the parent directories): .git
2025-11-26 03:35:27.385 [info] > git rev-parse --show-toplevel [8ms]
2025-11-26 03:35:27.385 [info] fatal: not a git repository (or any of the parent directories): .git
2025-11-26 03:35:29.928 [info] > git rev-parse --show-toplevel [5ms]
2025-11-26 03:35:29.928 [info] fatal: not a git repository (or any of the parent directories): .git
2025-11-26 03:37:11.117 [info] > git rev-parse --show-toplevel [4ms]
2025-11-26 03:37:11.117 [info] fatal: not a git repository (or any of the parent directories): .git
2025-11-26 03:37:12.094 [info] > git rev-parse --show-toplevel [3ms]
2025-11-26 03:37:12.094 [info] fatal: not a git repository (or any of the parent directories): .git
2025-11-26 03:37:12.118 [info] > git rev-parse --show-toplevel [7ms]
2025-11-26 03:37:12.119 [info] fatal: not a git repository (or any of the parent directories): .git
2025-11-26 03:37:16.208 [info] > git rev-parse --show-toplevel [2ms]
2025-11-26 03:37:16.208 [info] fatal: not a git repository (or any of the parent directories): .git
2025-11-26 03:38:01.818 [info] > git rev-parse --show-toplevel [7ms]
2025-11-26 03:38:01.818 [info] fatal: not a git repository (or any of the parent directories): .git
2025-11-26 03:38:03.065 [info] > git rev-parse --show-toplevel [11ms]
2025-11-26 03:38:03.065 [info] fatal: not a git repository (or any of the parent directories): .git
2025-11-26 03:41:33.959 [info] > git rev-parse --show-toplevel [11ms]
2025-11-26 03:41:33.959 [info] fatal: not a git repository (or any of the parent directories): .git
2025-11-26 03:44:03.218 [info] > git rev-parse --show-toplevel [7ms]
2025-11-26 03:44:03.218 [info] fatal: not a git repository (or any of the parent directories): .git
2025-11-26 03:44:07.884 [info] > git rev-parse --show-toplevel [10ms]
2025-11-26 03:44:07.884 [info] fatal: not a git repository (or any of the parent directories): .git
2025-11-26 03:44:12.777 [info] > git rev-parse --show-toplevel [7ms]
2025-11-26 03:44:12.777 [info] fatal: not a git repository (or any of the parent directories): .git
2025-11-26 03:44:14.863 [info] > git rev-parse --show-toplevel [7ms]
2025-11-26 03:44:14.863 [info] fatal: not a git repository (or any of the parent directories): .git
2025-11-26 03:49:20.216 [info] > git rev-parse --show-toplevel [5ms]
2025-11-26 03:49:20.216 [info] fatal: not a git repository (or any of the parent directories): .git
2025-11-26 03:49:28.979 [info] > git rev-parse --show-toplevel [10ms]
2025-11-26 03:49:28.979 [info] fatal: not a git repository (or any of the parent directories): .git
2025-11-26 03:49:40.214 [info] > git rev-parse --show-toplevel [5ms]
2025-11-26 03:49:40.214 [info] fatal: not a git repository (or any of the parent directories): .git
2025-11-26 03:49:43.115 [info] > git rev-parse --show-toplevel [5ms]
2025-11-26 03:49:43.115 [info] fatal: not a git repository (or any of the parent directories): .git
2025-11-26 03:50:32.467 [info] > git rev-parse --show-toplevel [4ms]
2025-11-26 03:50:32.467 [info] fatal: not a git repository (or any of the parent directories): .git
2025-11-26 03:51:30.984 [info] > git rev-parse --show-toplevel [14ms]
2025-11-26 03:51:30.984 [info] fatal: not a git repository (or any of the parent directories): .git
2025-11-26 03:51:42.538 [info] > git rev-parse --show-toplevel [4ms]
2025-11-26 03:51:42.539 [info] fatal: not a git repository (or any of the parent directories): .git
2025-11-26 03:51:44.173 [info] > git rev-parse --show-toplevel [6ms]
2025-11-26 03:51:44.173 [info] fatal: not a git repository (or any of the parent directories): .git
2025-11-26 03:51:53.106 [info] > git rev-parse --show-toplevel [17ms]
2025-11-26 03:51:53.106 [info] fatal: not a git repository (or any of the parent directories): .git
2025-11-26 03:51:59.096 [info] > git rev-parse --show-toplevel [6ms]
2025-11-26 03:51:59.096 [info] fatal: not a git repository (or any of the parent directories): .git
2025-11-26 03:53:13.834 [info] > git rev-parse --show-toplevel [7ms]
2025-11-26 03:53:13.834 [info] fatal: not a git repository (or any of the parent directories): .git
2025-11-26 03:53:50.400 [info] > git rev-parse --show-toplevel [14ms]
2025-11-26 03:53:50.400 [info] fatal: not a git repository (or any of the parent directories): .git
2025-11-26 03:53:56.479 [info] > git rev-parse --show-toplevel [5ms]
2025-11-26 03:53:56.479 [info] fatal: not a git repository (or any of the parent directories): .git
2025-11-26 03:53:57.831 [info] > git rev-parse --show-toplevel [10ms]
2025-11-26 03:53:57.831 [info] fatal: not a git repository (or any of the parent directories): .git
2025-11-26 03:54:06.769 [info] > git rev-parse --show-toplevel [5ms]
2025-11-26 03:54:06.769 [info] fatal: not a git repository (or any of the parent directories): .git
2025-11-26 03:54:11.434 [info] > git rev-parse --show-toplevel [6ms]
2025-11-26 03:54:11.434 [info] fatal: not a git repository (or any of the parent directories): .git
2025-11-26 03:55:50.349 [info] > git rev-parse --show-toplevel [6ms]
2025-11-26 03:55:50.350 [info] fatal: not a git repository (or any of the parent directories): .git
2025-11-26 03:55:51.111 [info] > git rev-parse --show-toplevel [2ms]
2025-11-26 03:55:51.111 [info] fatal: not a git repository (or any of the parent directories): .git
2025-11-26 03:55:59.160 [info] > git rev-parse --show-toplevel [6ms]
2025-11-26 03:55:59.160 [info] fatal: not a git repository (or any of the parent directories): .git
2025-11-26 03:56:07.497 [info] > git rev-parse --show-toplevel [5ms]
2025-11-26 03:56:07.497 [info] fatal: not a git repository (or any of the parent directories): .git
2025-11-26 03:56:11.722 [info] > git rev-parse --show-toplevel [5ms]
2025-11-26 03:56:11.722 [info] fatal: not a git repository (or any of the parent directories): .git
2025-11-26 03:57:40.014 [info] > git rev-parse --show-toplevel [11ms]
2025-11-26 03:57:40.014 [info] fatal: not a git repository (or any of the parent directories): .git
