2025-11-26 02:10:17.076 [info] Reading sessions from keychain...
2025-11-26 02:10:17.076 [info] Getting sessions for all scopes...
2025-11-26 02:10:17.515 [info] Got stored sessions!
2025-11-26 02:10:17.515 [info] Got 1 verified sessions.
2025-11-26 02:10:17.515 [info] Got 1 sessions for ...
2025-11-26 02:10:17.515 [info] Getting sessions for all scopes...
2025-11-26 02:10:17.515 [info] Got 1 sessions for ...
2025-11-26 02:10:17.515 [info] Getting sessions for all scopes...
2025-11-26 02:10:17.515 [info] Got 1 sessions for ...
2025-11-26 02:10:17.516 [info] Getting sessions for all scopes...
2025-11-26 02:10:17.516 [info] Got 1 sessions for ...
2025-11-26 02:10:17.516 [info] Getting sessions for all scopes...
2025-11-26 02:10:17.516 [info] Got 1 sessions for ...
2025-11-26 02:10:17.516 [info] Getting sessions for all scopes...
2025-11-26 02:10:17.516 [info] Got 1 sessions for ...
2025-11-26 02:10:17.516 [info] Getting sessions for all scopes...
2025-11-26 02:10:17.516 [info] Got 1 sessions for ...
2025-11-26 02:10:17.744 [info] Getting sessions for all scopes...
2025-11-26 02:10:17.744 [info] Got 1 sessions for ...
2025-11-26 02:10:17.745 [info] Getting sessions for all scopes...
2025-11-26 02:10:17.745 [info] Got 1 sessions for ...
2025-11-26 02:10:17.745 [info] Getting sessions for all scopes...
2025-11-26 02:10:17.745 [info] Got 1 sessions for ...
2025-11-26 02:10:17.746 [info] Getting sessions for all scopes...
2025-11-26 02:10:17.746 [info] Got 1 sessions for ...
2025-11-26 02:10:17.746 [info] Getting sessions for all scopes...
2025-11-26 02:10:17.747 [info] Got 1 sessions for ...
2025-11-26 02:10:17.747 [info] Getting sessions for all scopes...
2025-11-26 02:10:17.747 [info] Got 1 sessions for ...
2025-11-26 02:10:17.886 [info] Getting sessions for all scopes...
2025-11-26 02:10:17.886 [info] Got 1 sessions for ...
2025-11-26 02:10:24.854 [info] Getting sessions for all scopes...
2025-11-26 02:10:24.854 [info] Got 1 sessions for ...
2025-11-26 02:10:25.015 [info] Getting sessions for all scopes...
2025-11-26 02:10:25.015 [info] Got 1 sessions for ...
2025-11-26 02:10:25.015 [info] Getting sessions for all scopes...
2025-11-26 02:10:25.015 [info] Got 1 sessions for ...
2025-11-26 02:10:25.016 [info] Getting sessions for all scopes...
2025-11-26 02:10:25.016 [info] Got 1 sessions for ...
2025-11-26 02:10:25.023 [info] Getting sessions for all scopes...
2025-11-26 02:10:25.023 [info] Got 1 sessions for ...
2025-11-26 02:10:25.171 [info] Getting sessions for all scopes...
2025-11-26 02:10:25.171 [info] Got 1 sessions for ...
2025-11-26 02:10:25.866 [info] Getting sessions for all scopes...
2025-11-26 02:10:25.866 [info] Got 1 sessions for ...
2025-11-26 02:10:25.873 [info] FetcherService: Electron fetch failed with status: 429 
2025-11-26 02:10:25.878 [info] Getting sessions for all scopes...
2025-11-26 02:10:25.878 [info] Got 1 sessions for ...
2025-11-26 02:10:26.559 [info] Getting sessions for read:user,repo,user:email,workflow...
2025-11-26 02:10:26.559 [info] Got 0 sessions for read:user,repo,user:email,workflow...
2025-11-26 02:10:27.676 [info] Getting sessions for all scopes...
2025-11-26 02:10:27.676 [info] Got 1 sessions for ...
2025-11-26 02:10:27.715 [info] Getting sessions for all scopes...
2025-11-26 02:10:27.715 [info] Got 1 sessions for ...
2025-11-26 02:10:27.716 [info] Getting sessions for read:user,repo,user:email,workflow...
2025-11-26 02:10:27.716 [info] Got 0 sessions for read:user,repo,user:email,workflow...
2025-11-26 02:10:27.717 [info] Getting sessions for user:email...
2025-11-26 02:10:27.717 [info] Got 1 sessions for user:email...
2025-11-26 02:10:27.728 [info] Getting sessions for read:user,repo,user:email,workflow...
2025-11-26 02:10:27.728 [info] Got 0 sessions for read:user,repo,user:email,workflow...
2025-11-26 02:10:28.410 [info] Getting sessions for read:user...
2025-11-26 02:10:28.410 [info] Got 0 sessions for read:user...
2025-11-26 02:10:28.422 [info] Getting sessions for all scopes...
2025-11-26 02:10:28.422 [info] Got 1 sessions for ...
2025-11-26 02:10:28.751 [info] FetcherService: Node fetch failed with status: 429 Too Many Requests
2025-11-26 02:10:29.990 [info] Getting sessions for all scopes...
2025-11-26 02:10:29.991 [info] Got 1 sessions for ...
2025-11-26 02:10:29.994 [info] Getting sessions for all scopes...
2025-11-26 02:10:29.994 [info] Got 1 sessions for ...
2025-11-26 02:10:29.995 [info] Getting sessions for user:email...
2025-11-26 02:10:29.996 [info] Got 1 sessions for user:email...
2025-11-26 02:10:30.081 [info] Getting sessions for read:user,repo,user:email,workflow...
2025-11-26 02:10:30.081 [info] Got 0 sessions for read:user,repo,user:email,workflow...
2025-11-26 02:10:30.567 [info] Getting sessions for user:email...
2025-11-26 02:10:30.568 [info] Got 1 sessions for user:email...
2025-11-26 02:10:30.574 [info] FetcherService: Node http/s failed with status: 429 Too Many Requests
2025-11-26 02:10:30.607 [info] Getting sessions for read:user,repo,user:email,workflow...
2025-11-26 02:10:30.607 [info] Got 0 sessions for read:user,repo,user:email,workflow...
2025-11-26 02:10:31.205 [info] Getting sessions for all scopes...
2025-11-26 02:10:31.205 [info] Got 1 sessions for ...
2025-11-26 02:10:31.206 [info] Getting sessions for all scopes...
2025-11-26 02:10:31.206 [info] Got 1 sessions for ...
2025-11-26 02:10:31.228 [info] Getting sessions for read:user,repo,user:email,workflow...
2025-11-26 02:10:31.228 [info] Got 0 sessions for read:user,repo,user:email,workflow...
2025-11-26 02:10:31.232 [info] Getting sessions for user:email...
2025-11-26 02:10:31.232 [info] Got 1 sessions for user:email...
2025-11-26 02:10:31.233 [info] Getting sessions for read:user,repo,user:email,workflow...
2025-11-26 02:10:31.233 [info] Got 0 sessions for read:user,repo,user:email,workflow...
2025-11-26 02:10:31.355 [info] Getting sessions for all scopes...
2025-11-26 02:10:31.355 [info] Got 1 sessions for ...
2025-11-26 02:10:31.358 [info] Getting sessions for all scopes...
2025-11-26 02:10:31.358 [info] Got 1 sessions for ...
2025-11-26 02:10:31.358 [info] Getting sessions for all scopes...
2025-11-26 02:10:31.358 [info] Got 1 sessions for ...
2025-11-26 02:10:31.372 [info] Getting sessions for read:user,repo,user:email,workflow...
2025-11-26 02:10:31.372 [info] Got 0 sessions for read:user,repo,user:email,workflow...
2025-11-26 02:10:31.376 [info] Getting sessions for user:email...
2025-11-26 02:10:31.376 [info] Got 1 sessions for user:email...
2025-11-26 02:10:32.120 [info] Getting sessions for all scopes...
2025-11-26 02:10:32.120 [info] Got 1 sessions for ...
2025-11-26 02:14:57.249 [info] Getting sessions for all scopes...
2025-11-26 02:14:57.249 [info] Got 1 sessions for ...
2025-11-26 02:14:57.285 [info] Getting sessions for read:user,repo,user:email,workflow...
2025-11-26 02:14:57.285 [info] Got 0 sessions for read:user,repo,user:email,workflow...
2025-11-26 02:14:57.327 [info] Getting sessions for read:user,repo,user:email,workflow...
2025-11-26 02:14:57.328 [info] Got 0 sessions for read:user,repo,user:email,workflow...
2025-11-26 02:14:57.382 [info] Getting sessions for all scopes...
2025-11-26 02:14:57.382 [info] Got 1 sessions for ...
2025-11-26 02:14:57.386 [info] Getting sessions for read:user,repo,user:email,workflow...
2025-11-26 02:14:57.387 [info] Got 0 sessions for read:user,repo,user:email,workflow...
2025-11-26 02:14:57.393 [info] Getting sessions for user:email...
2025-11-26 02:14:57.393 [info] Got 1 sessions for user:email...
2025-11-26 02:14:57.711 [info] Getting sessions for all scopes...
2025-11-26 02:14:57.711 [info] Got 1 sessions for ...
2025-11-26 02:14:57.735 [info] Getting sessions for all scopes...
2025-11-26 02:14:57.735 [info] Got 1 sessions for ...
2025-11-26 02:15:45.235 [info] Getting sessions for all scopes...
2025-11-26 02:15:45.235 [info] Got 1 sessions for ...
2025-11-26 02:15:45.325 [info] Getting sessions for all scopes...
2025-11-26 02:15:45.325 [info] Got 1 sessions for ...
2025-11-26 02:15:48.310 [info] Getting sessions for all scopes...
2025-11-26 02:15:48.310 [info] Got 1 sessions for ...
2025-11-26 02:15:49.633 [info] Logging out of 4dadc6c5725526be
2025-11-26 02:15:49.634 [info] Storing 0 sessions...
2025-11-26 02:15:49.668 [info] Reading sessions from keychain...
2025-11-26 02:15:49.669 [info] Stored 0 sessions!
2025-11-26 02:15:49.680 [info] Got stored sessions!
2025-11-26 02:15:49.680 [info] Got 0 verified sessions.
2025-11-26 02:15:50.120 [info] Getting sessions for all scopes...
2025-11-26 02:15:50.120 [info] Got 0 sessions for ...
2025-11-26 02:15:50.124 [info] Getting sessions for all scopes...
2025-11-26 02:15:50.124 [info] Got 0 sessions for ...
2025-11-26 02:15:50.125 [info] Getting sessions for all scopes...
2025-11-26 02:15:50.125 [info] Got 0 sessions for ...
2025-11-26 02:15:50.126 [info] Getting sessions for all scopes...
2025-11-26 02:15:50.126 [info] Got 0 sessions for ...
2025-11-26 02:15:50.127 [info] Getting sessions for all scopes...
2025-11-26 02:15:50.127 [info] Got 0 sessions for ...
2025-11-26 02:15:50.127 [info] Getting sessions for all scopes...
2025-11-26 02:15:50.127 [info] Got 0 sessions for ...
2025-11-26 02:15:50.127 [info] Getting sessions for all scopes...
2025-11-26 02:15:50.127 [info] Got 0 sessions for ...
2025-11-26 02:15:50.128 [info] Getting sessions for read:user,repo,user:email,workflow...
2025-11-26 02:15:50.128 [info] Got 0 sessions for read:user,repo,user:email,workflow...
2025-11-26 02:15:50.129 [info] Getting sessions for read:user,repo,user:email,workflow...
2025-11-26 02:15:50.129 [info] Got 0 sessions for read:user,repo,user:email,workflow...
2025-11-26 02:15:50.186 [info] Getting sessions for user:email...
2025-11-26 02:15:50.186 [info] Got 0 sessions for user:email...
2025-11-26 02:15:50.187 [info] Getting sessions for read:user,repo,user:email,workflow...
2025-11-26 02:15:50.187 [info] Got 0 sessions for read:user,repo,user:email,workflow...
2025-11-26 02:15:50.187 [info] Getting sessions for read:user...
2025-11-26 02:15:50.187 [info] Got 0 sessions for read:user...
2025-11-26 02:15:50.199 [info] Getting sessions for all scopes...
2025-11-26 02:15:50.199 [info] Got 0 sessions for ...
2025-11-26 02:15:50.201 [info] Getting sessions for user:email...
2025-11-26 02:15:50.201 [info] Got 0 sessions for user:email...
2025-11-26 02:15:50.208 [info] Getting sessions for user:email...
2025-11-26 02:15:50.208 [info] Got 0 sessions for user:email...
2025-11-26 02:15:50.322 [info] Getting sessions for all scopes...
2025-11-26 02:15:50.322 [info] Got 0 sessions for ...
2025-11-26 02:15:50.322 [info] Getting sessions for all scopes...
2025-11-26 02:15:50.322 [info] Got 0 sessions for ...
2025-11-26 02:15:50.356 [info] Getting sessions for user:email...
2025-11-26 02:15:50.356 [info] Got 0 sessions for user:email...
2025-11-26 02:15:50.356 [info] Getting sessions for read:user,repo,user:email,workflow...
2025-11-26 02:15:50.356 [info] Got 0 sessions for read:user,repo,user:email,workflow...
2025-11-26 02:15:50.370 [info] Getting sessions for all scopes...
2025-11-26 02:15:50.370 [info] Got 0 sessions for ...
2025-11-26 02:15:50.373 [info] Getting sessions for user:email...
2025-11-26 02:15:50.373 [info] Got 0 sessions for user:email...
2025-11-26 02:15:50.471 [info] Getting sessions for all scopes...
2025-11-26 02:15:50.471 [info] Got 0 sessions for ...
2025-11-26 02:15:50.485 [info] Getting sessions for user:email...
2025-11-26 02:15:50.485 [info] Got 0 sessions for user:email...
2025-11-26 02:16:00.238 [info] Logging in with 'any' account...
2025-11-26 02:16:00.238 [info] Logging in for the following scopes: user:email
2025-11-26 02:16:00.435 [info] Trying with local server... (user:email)
2025-11-26 02:16:11.955 [info] Exchanging code for token...
2025-11-26 02:16:12.438 [info] Token exchange success!
2025-11-26 02:16:12.441 [info] Getting user info...
2025-11-26 02:16:12.738 [info] Got account info!
2025-11-26 02:16:12.739 [info] Storing 1 sessions...
2025-11-26 02:16:12.741 [info] Reading sessions from keychain...
2025-11-26 02:16:12.741 [info] Stored 1 sessions!
2025-11-26 02:16:12.741 [info] Login success!
2025-11-26 02:16:12.742 [info] Getting sessions for all scopes...
2025-11-26 02:16:12.748 [info] Got stored sessions!
2025-11-26 02:16:12.748 [info] Got 1 verified sessions.
2025-11-26 02:16:12.748 [info] Got 1 sessions for ...
2025-11-26 02:16:12.749 [info] Getting sessions for all scopes...
2025-11-26 02:16:12.749 [info] Got 1 sessions for ...
2025-11-26 02:16:12.757 [info] Getting sessions for all scopes...
2025-11-26 02:16:12.757 [info] Got 1 sessions for ...
2025-11-26 02:16:12.757 [info] Getting sessions for all scopes...
2025-11-26 02:16:12.757 [info] Got 1 sessions for ...
2025-11-26 02:16:12.758 [info] Getting sessions for all scopes...
2025-11-26 02:16:12.758 [info] Got 1 sessions for ...
2025-11-26 02:16:12.759 [info] Getting sessions for read:user,repo,user:email,workflow...
2025-11-26 02:16:12.759 [info] Got 0 sessions for read:user,repo,user:email,workflow...
2025-11-26 02:16:12.759 [info] Getting sessions for read:user,repo,user:email,workflow...
2025-11-26 02:16:12.760 [info] Got 0 sessions for read:user,repo,user:email,workflow...
2025-11-26 02:16:12.768 [info] Getting sessions for read:user,repo,user:email,workflow...
2025-11-26 02:16:12.768 [info] Got 0 sessions for read:user,repo,user:email,workflow...
2025-11-26 02:16:12.768 [info] Getting sessions for read:user...
2025-11-26 02:16:12.768 [info] Got 0 sessions for read:user...
2025-11-26 02:16:12.770 [info] Getting sessions for user:email...
2025-11-26 02:16:12.770 [info] Got 1 sessions for user:email...
2025-11-26 02:16:12.770 [info] Getting sessions for read:user,repo,user:email,workflow...
2025-11-26 02:16:12.770 [info] Got 0 sessions for read:user,repo,user:email,workflow...
2025-11-26 02:16:12.771 [info] Getting sessions for user:email...
2025-11-26 02:16:12.771 [info] Got 1 sessions for user:email...
2025-11-26 02:16:12.785 [info] Getting sessions for all scopes...
2025-11-26 02:16:12.785 [info] Got 1 sessions for ...
2025-11-26 02:16:12.787 [info] Getting sessions for read:user,repo,user:email,workflow...
2025-11-26 02:16:12.787 [info] Got 0 sessions for read:user,repo,user:email,workflow...
2025-11-26 02:16:12.789 [info] Getting sessions for user:email...
2025-11-26 02:16:12.789 [info] Got 1 sessions for user:email...
2025-11-26 02:16:13.274 [info] FetcherService: Electron fetch failed with status: 429 
2025-11-26 02:16:13.831 [info] FetcherService: Node fetch failed with status: 429 Too Many Requests
2025-11-26 02:16:14.752 [info] FetcherService: Node http/s failed with status: 429 Too Many Requests
2025-11-26 02:16:15.307 [info] Getting sessions for all scopes...
2025-11-26 02:16:15.307 [info] Got 1 sessions for ...
2025-11-26 02:16:15.308 [info] Getting sessions for all scopes...
2025-11-26 02:16:15.308 [info] Got 1 sessions for ...
2025-11-26 02:16:15.327 [info] Getting sessions for read:user,repo,user:email,workflow...
2025-11-26 02:16:15.327 [info] Got 0 sessions for read:user,repo,user:email,workflow...
2025-11-26 02:16:15.329 [info] Getting sessions for read:user,repo,user:email,workflow...
2025-11-26 02:16:15.330 [info] Got 0 sessions for read:user,repo,user:email,workflow...
2025-11-26 02:16:15.336 [info] Getting sessions for read:user...
2025-11-26 02:16:15.336 [info] Got 0 sessions for read:user...
2025-11-26 02:16:15.355 [info] Getting sessions for user:email...
2025-11-26 02:16:15.355 [info] Got 1 sessions for user:email...
2025-11-26 02:16:15.367 [info] Getting sessions for read:user,repo,user:email,workflow...
2025-11-26 02:16:15.367 [info] Got 0 sessions for read:user,repo,user:email,workflow...
2025-11-26 02:16:15.748 [info] Getting sessions for user:email...
2025-11-26 02:16:15.748 [info] Got 1 sessions for user:email...
2025-11-26 02:16:15.753 [info] Getting sessions for all scopes...
2025-11-26 02:16:15.753 [info] Got 1 sessions for ...
2025-11-26 02:16:15.790 [info] Getting sessions for all scopes...
2025-11-26 02:16:15.790 [info] Got 1 sessions for ...
2025-11-26 02:16:15.842 [info] Getting sessions for read:user,repo,user:email,workflow...
2025-11-26 02:16:15.842 [info] Got 0 sessions for read:user,repo,user:email,workflow...
2025-11-26 02:16:15.843 [info] Getting sessions for read:user,repo,user:email,workflow...
2025-11-26 02:16:15.843 [info] Got 0 sessions for read:user,repo,user:email,workflow...
2025-11-26 02:16:15.879 [info] Getting sessions for read:user...
2025-11-26 02:16:15.879 [info] Got 0 sessions for read:user...
2025-11-26 02:16:15.884 [info] Getting sessions for user:email...
2025-11-26 02:16:15.884 [info] Got 1 sessions for user:email...
2025-11-26 02:16:15.885 [info] Getting sessions for read:user,repo,user:email,workflow...
2025-11-26 02:16:15.885 [info] Got 0 sessions for read:user,repo,user:email,workflow...
2025-11-26 02:16:15.904 [info] Getting sessions for user:email...
2025-11-26 02:16:15.905 [info] Got 1 sessions for user:email...
2025-11-26 02:16:15.908 [info] Getting sessions for all scopes...
2025-11-26 02:16:15.908 [info] Got 1 sessions for ...
2025-11-26 02:16:15.915 [info] Getting sessions for read:user,repo,user:email,workflow...
2025-11-26 02:16:15.915 [info] Got 0 sessions for read:user,repo,user:email,workflow...
2025-11-26 02:16:15.918 [info] Getting sessions for user:email...
2025-11-26 02:16:15.918 [info] Got 1 sessions for user:email...
2025-11-26 02:54:21.005 [info] Getting sessions for read:user,repo,user:email,workflow...
2025-11-26 02:54:21.005 [info] Got 0 sessions for read:user,repo,user:email,workflow...
2025-11-26 02:54:21.007 [info] Getting sessions for read:user...
2025-11-26 02:54:21.007 [info] Got 0 sessions for read:user...
2025-11-26 02:54:21.010 [info] Getting sessions for user:email...
2025-11-26 02:54:21.010 [info] Got 1 sessions for user:email...
2025-11-26 02:54:21.199 [info] Getting sessions for all scopes...
2025-11-26 02:54:21.199 [info] Got 1 sessions for ...
2025-11-26 02:54:21.202 [info] Getting sessions for read:user,repo,user:email,workflow...
2025-11-26 02:54:21.202 [info] Got 0 sessions for read:user,repo,user:email,workflow...
2025-11-26 02:54:21.205 [info] Getting sessions for user:email...
2025-11-26 02:54:21.205 [info] Got 1 sessions for user:email...
2025-11-26 02:54:21.680 [info] Getting sessions for all scopes...
2025-11-26 02:54:21.680 [info] Got 1 sessions for ...
2025-11-26 02:54:21.681 [info] Getting sessions for all scopes...
2025-11-26 02:54:21.681 [info] Got 1 sessions for ...
2025-11-26 02:54:21.685 [info] Getting sessions for read:user,repo,user:email,workflow...
2025-11-26 02:54:21.685 [info] Got 0 sessions for read:user,repo,user:email,workflow...
2025-11-26 02:54:21.686 [info] Getting sessions for user:email...
2025-11-26 02:54:21.686 [info] Got 1 sessions for user:email...
2025-11-26 02:54:21.687 [info] Getting sessions for read:user,repo,user:email,workflow...
2025-11-26 02:54:21.687 [info] Got 0 sessions for read:user,repo,user:email,workflow...
2025-11-26 02:54:21.702 [info] Getting sessions for all scopes...
2025-11-26 02:54:21.702 [info] Got 1 sessions for ...
2025-11-26 02:54:21.703 [info] Getting sessions for read:user,repo,user:email,workflow...
2025-11-26 02:54:21.703 [info] Got 0 sessions for read:user,repo,user:email,workflow...
2025-11-26 02:54:21.705 [info] Getting sessions for read:user,repo,user:email,workflow...
2025-11-26 02:54:21.705 [info] Got 0 sessions for read:user,repo,user:email,workflow...
2025-11-26 02:54:21.707 [info] Getting sessions for all scopes...
2025-11-26 02:54:21.707 [info] Got 1 sessions for ...
2025-11-26 02:54:21.711 [info] Getting sessions for read:user,repo,user:email,workflow...
2025-11-26 02:54:21.711 [info] Got 0 sessions for read:user,repo,user:email,workflow...
2025-11-26 02:54:21.714 [info] Getting sessions for user:email...
2025-11-26 02:54:21.714 [info] Got 1 sessions for user:email...
