[2025-Nov-18 09:51:06.145 -08:00][234944:234944][info ] Logging initialized
[2025-Nov-18 09:51:06.145 -08:00][234944:234944][info ] Initializing krisp SDK...
[2025-Nov-18 09:51:06.145 -08:00][234944:234944][info ] DoKrispInitialize
[2025-Nov-18 09:51:06.649 -08:00][234944:234944][info ] LoadDynamicKrisp
[2025-Nov-18 09:51:06.649 -08:00][234944:234944][info ] Did not find KRISP_DYLIB_PATH, skipping dynamic loading
[2025-Nov-18 09:51:06.649 -08:00][234944:234944][info ] Initializing Krisp SDK in PID 234944, addr 0x7f36ce92cf90
[2025-Nov-18 09:51:06.651 -08:00][234944:234944][info ] Initialized Krisp SDK successfully
[2025-Nov-18 09:51:06.651 -08:00][234944:234944][info ] Krisp SDK initialized
[2025-Nov-18 09:53:13.543 -08:00][234944:234969][info ] KrispNCSetup: sampleRate = 48000, duration = 10
[2025-Nov-18 09:53:13.543 -08:00][234944:234969][info ] Setting Krisp model: full_NC
[2025-Nov-18 09:53:13.725 -08:00][234944:234969][info ] KrispVADSetup: sampleRate = 48000, duration = 10
[2025-Nov-18 09:54:12.098 -08:00][234944:234962][info ] KrispVADReset
[2025-Nov-18 09:54:12.103 -08:00][234944:234969][info ] KrispNCReset
[2025-Nov-18 09:54:12.104 -08:00][234944:234969][info ] KrispNCSetup: sampleRate = 8000, duration = 10
[2025-Nov-18 09:54:12.104 -08:00][234944:234969][info ] Setting Krisp model: small_NC_8k
[2025-Nov-18 09:54:14.013 -08:00][234944:234969][info ] KrispNCReset
[2025-Nov-18 09:54:14.013 -08:00][234944:234969][info ] KrispNCSetup: sampleRate = 48000, duration = 10
[2025-Nov-18 09:54:14.013 -08:00][234944:234969][info ] Setting Krisp model: full_NC
[2025-Nov-18 09:54:14.180 -08:00][234944:234969][info ] KrispVADSetup: sampleRate = 48000, duration = 10
[2025-Nov-18 09:56:19.714 -08:00][234944:234962][info ] KrispNCReset
[2025-Nov-18 10:34:30.744 -08:00][234944:234962][info ] KrispVADReset
