11/18/2025, 9:50:36 AM PST [Modules] Modules initializing
11/18/2025, 9:50:36 AM PST [Modules] Distribution: remote
11/18/2025, 9:50:36 AM PST [Modules] Host updates: enabled
11/18/2025, 9:50:36 AM PST [Modules] Module updates: enabled
11/18/2025, 9:50:36 AM PST [Modules] Module install path: /home/mailerdaemon/.config/discordcanary/0.0.809/modules
11/18/2025, 9:50:36 AM PST [Modules] Module installed file path: /home/mailerdaemon/.config/discordcanary/0.0.809/modules/installed.json
11/18/2025, 9:50:36 AM PST [Modules] Module download path: /home/mailerdaemon/.config/discordcanary/0.0.809/modules/pending
11/18/2025, 9:50:37 AM PST [Modules] Bootstrapping...
11/18/2025, 9:50:37 AM PST [Modules] Installing discord_desktop_core@0 from /opt/discord-canary/resources/bootstrap/discord_desktop_core.zip
11/18/2025, 9:50:37 AM PST [Modules] Failed installing discord_desktop_core@0: Error: ENOENT: no such file or directory, open '/opt/discord-canary/resources/bootstrap/discord_desktop_core.zip'
11/18/2025, 9:50:37 AM PST [Modules] Installing discord_erlpack@0 from /opt/discord-canary/resources/bootstrap/discord_erlpack.zip
11/18/2025, 9:50:37 AM PST [Modules] Failed installing discord_erlpack@0: Error: ENOENT: no such file or directory, open '/opt/discord-canary/resources/bootstrap/discord_erlpack.zip'
11/18/2025, 9:50:37 AM PST [Modules] Installing discord_spellcheck@0 from /opt/discord-canary/resources/bootstrap/discord_spellcheck.zip
11/18/2025, 9:50:37 AM PST [Modules] Failed installing discord_spellcheck@0: Error: ENOENT: no such file or directory, open '/opt/discord-canary/resources/bootstrap/discord_spellcheck.zip'
11/18/2025, 9:50:37 AM PST [Modules] Installing discord_utils@0 from /opt/discord-canary/resources/bootstrap/discord_utils.zip
11/18/2025, 9:50:37 AM PST [Modules] Failed installing discord_utils@0: Error: ENOENT: no such file or directory, open '/opt/discord-canary/resources/bootstrap/discord_utils.zip'
11/18/2025, 9:50:37 AM PST [Modules] Installing discord_voice@0 from /opt/discord-canary/resources/bootstrap/discord_voice.zip
11/18/2025, 9:50:37 AM PST [Modules] Failed installing discord_voice@0: Error: ENOENT: no such file or directory, open '/opt/discord-canary/resources/bootstrap/discord_voice.zip'
11/18/2025, 9:50:37 AM PST [Modules] Installing discord_zstd@0 from /opt/discord-canary/resources/bootstrap/discord_zstd.zip
11/18/2025, 9:50:37 AM PST [Modules] Failed installing discord_zstd@0: Error: ENOENT: no such file or directory, open '/opt/discord-canary/resources/bootstrap/discord_zstd.zip'
11/18/2025, 9:50:37 AM PST [Modules] Finished module installations. [success: 0] [failure: 6]
11/18/2025, 9:50:37 AM PST [Modules] Checking for host updates.
11/18/2025, 9:50:42 AM PST [Modules] Modules initializing
11/18/2025, 9:50:42 AM PST [Modules] Distribution: remote
11/18/2025, 9:50:42 AM PST [Modules] Host updates: enabled
11/18/2025, 9:50:42 AM PST [Modules] Module updates: enabled
11/18/2025, 9:50:42 AM PST [Modules] Module install path: /home/mailerdaemon/.config/discordcanary/0.0.809/modules
11/18/2025, 9:50:42 AM PST [Modules] Module installed file path: /home/mailerdaemon/.config/discordcanary/0.0.809/modules/installed.json
11/18/2025, 9:50:42 AM PST [Modules] Module download path: /home/mailerdaemon/.config/discordcanary/0.0.809/modules/pending
11/18/2025, 9:50:42 AM PST [Modules] No updates to install
11/18/2025, 9:50:42 AM PST [Modules] Checking for host updates.
11/18/2025, 9:50:42 AM PST [Modules] Host is up to date.
11/18/2025, 9:50:42 AM PST [Modules] Checking for module updates at https://discord.com/api/modules/canary/versions.json
11/18/2025, 9:50:42 AM PST [Modules] Module update available: discord_desktop_core@1 [installed: 0]
11/18/2025, 9:50:42 AM PST [Modules] Module update available: discord_erlpack@1 [installed: 0]
11/18/2025, 9:50:42 AM PST [Modules] Module update available: discord_spellcheck@1 [installed: 0]
11/18/2025, 9:50:42 AM PST [Modules] Module update available: discord_utils@7 [installed: 0]
11/18/2025, 9:50:42 AM PST [Modules] Module update available: discord_voice@1 [installed: 0]
11/18/2025, 9:50:42 AM PST [Modules] Module update available: discord_zstd@1 [installed: 0]
11/18/2025, 9:50:42 AM PST [Modules] Fetching discord_desktop_core@1 from https://discord.com/api/modules/canary/discord_desktop_core/1
11/18/2025, 9:50:42 AM PST [Modules] Streaming discord_desktop_core@1 to /home/mailerdaemon/.config/discordcanary/0.0.809/modules/pending/discord_desktop_core-1.zip
11/18/2025, 9:50:43 AM PST [Modules] Streaming discord_desktop_core@1 to /home/mailerdaemon/.config/discordcanary/0.0.809/modules/pending/discord_desktop_core-1.zip: 1%
11/18/2025, 9:50:43 AM PST [Modules] Streaming discord_desktop_core@1 to /home/mailerdaemon/.config/discordcanary/0.0.809/modules/pending/discord_desktop_core-1.zip: 2%
11/18/2025, 9:50:43 AM PST [Modules] Streaming discord_desktop_core@1 to /home/mailerdaemon/.config/discordcanary/0.0.809/modules/pending/discord_desktop_core-1.zip: 4%
11/18/2025, 9:50:43 AM PST [Modules] Streaming discord_desktop_core@1 to /home/mailerdaemon/.config/discordcanary/0.0.809/modules/pending/discord_desktop_core-1.zip: 13%
11/18/2025, 9:50:43 AM PST [Modules] Streaming discord_desktop_core@1 to /home/mailerdaemon/.config/discordcanary/0.0.809/modules/pending/discord_desktop_core-1.zip: 16%
11/18/2025, 9:50:43 AM PST [Modules] Streaming discord_desktop_core@1 to /home/mailerdaemon/.config/discordcanary/0.0.809/modules/pending/discord_desktop_core-1.zip: 17%
11/18/2025, 9:50:43 AM PST [Modules] Streaming discord_desktop_core@1 to /home/mailerdaemon/.config/discordcanary/0.0.809/modules/pending/discord_desktop_core-1.zip: 20%
11/18/2025, 9:50:43 AM PST [Modules] Streaming discord_desktop_core@1 to /home/mailerdaemon/.config/discordcanary/0.0.809/modules/pending/discord_desktop_core-1.zip: 27%
11/18/2025, 9:50:43 AM PST [Modules] Streaming discord_desktop_core@1 to /home/mailerdaemon/.config/discordcanary/0.0.809/modules/pending/discord_desktop_core-1.zip: 30%
11/18/2025, 9:50:43 AM PST [Modules] Streaming discord_desktop_core@1 to /home/mailerdaemon/.config/discordcanary/0.0.809/modules/pending/discord_desktop_core-1.zip: 45%
11/18/2025, 9:50:43 AM PST [Modules] Streaming discord_desktop_core@1 to /home/mailerdaemon/.config/discordcanary/0.0.809/modules/pending/discord_desktop_core-1.zip: 62%
11/18/2025, 9:50:43 AM PST [Modules] Streaming discord_desktop_core@1 to /home/mailerdaemon/.config/discordcanary/0.0.809/modules/pending/discord_desktop_core-1.zip: 90%
11/18/2025, 9:50:43 AM PST [Modules] Streaming discord_desktop_core@1 to /home/mailerdaemon/.config/discordcanary/0.0.809/modules/pending/discord_desktop_core-1.zip: 100%
11/18/2025, 9:50:43 AM PST [Modules] Fetching discord_erlpack@1 from https://discord.com/api/modules/canary/discord_erlpack/1
11/18/2025, 9:50:43 AM PST [Modules] Streaming discord_erlpack@1 to /home/mailerdaemon/.config/discordcanary/0.0.809/modules/pending/discord_erlpack-1.zip
11/18/2025, 9:50:43 AM PST [Modules] Streaming discord_erlpack@1 to /home/mailerdaemon/.config/discordcanary/0.0.809/modules/pending/discord_erlpack-1.zip: 2%
11/18/2025, 9:50:43 AM PST [Modules] Streaming discord_erlpack@1 to /home/mailerdaemon/.config/discordcanary/0.0.809/modules/pending/discord_erlpack-1.zip: 14%
11/18/2025, 9:50:43 AM PST [Modules] Streaming discord_erlpack@1 to /home/mailerdaemon/.config/discordcanary/0.0.809/modules/pending/discord_erlpack-1.zip: 37%
11/18/2025, 9:50:43 AM PST [Modules] Streaming discord_erlpack@1 to /home/mailerdaemon/.config/discordcanary/0.0.809/modules/pending/discord_erlpack-1.zip: 56%
11/18/2025, 9:50:43 AM PST [Modules] Streaming discord_erlpack@1 to /home/mailerdaemon/.config/discordcanary/0.0.809/modules/pending/discord_erlpack-1.zip: 70%
11/18/2025, 9:50:43 AM PST [Modules] Streaming discord_erlpack@1 to /home/mailerdaemon/.config/discordcanary/0.0.809/modules/pending/discord_erlpack-1.zip: 88%
11/18/2025, 9:50:43 AM PST [Modules] Streaming discord_erlpack@1 to /home/mailerdaemon/.config/discordcanary/0.0.809/modules/pending/discord_erlpack-1.zip: 89%
11/18/2025, 9:50:43 AM PST [Modules] Streaming discord_erlpack@1 to /home/mailerdaemon/.config/discordcanary/0.0.809/modules/pending/discord_erlpack-1.zip: 100%
11/18/2025, 9:50:43 AM PST [Modules] Fetching discord_spellcheck@1 from https://discord.com/api/modules/canary/discord_spellcheck/1
11/18/2025, 9:50:43 AM PST [Modules] Streaming discord_spellcheck@1 to /home/mailerdaemon/.config/discordcanary/0.0.809/modules/pending/discord_spellcheck-1.zip
11/18/2025, 9:50:44 AM PST [Modules] Streaming discord_spellcheck@1 to /home/mailerdaemon/.config/discordcanary/0.0.809/modules/pending/discord_spellcheck-1.zip: 1%
11/18/2025, 9:50:44 AM PST [Modules] Streaming discord_spellcheck@1 to /home/mailerdaemon/.config/discordcanary/0.0.809/modules/pending/discord_spellcheck-1.zip: 2%
11/18/2025, 9:50:44 AM PST [Modules] Streaming discord_spellcheck@1 to /home/mailerdaemon/.config/discordcanary/0.0.809/modules/pending/discord_spellcheck-1.zip: 3%
11/18/2025, 9:50:44 AM PST [Modules] Streaming discord_spellcheck@1 to /home/mailerdaemon/.config/discordcanary/0.0.809/modules/pending/discord_spellcheck-1.zip: 4%
11/18/2025, 9:50:44 AM PST [Modules] Streaming discord_spellcheck@1 to /home/mailerdaemon/.config/discordcanary/0.0.809/modules/pending/discord_spellcheck-1.zip: 5%
11/18/2025, 9:50:44 AM PST [Modules] Streaming discord_spellcheck@1 to /home/mailerdaemon/.config/discordcanary/0.0.809/modules/pending/discord_spellcheck-1.zip: 6%
11/18/2025, 9:50:44 AM PST [Modules] Streaming discord_spellcheck@1 to /home/mailerdaemon/.config/discordcanary/0.0.809/modules/pending/discord_spellcheck-1.zip: 7%
11/18/2025, 9:50:44 AM PST [Modules] Streaming discord_spellcheck@1 to /home/mailerdaemon/.config/discordcanary/0.0.809/modules/pending/discord_spellcheck-1.zip: 8%
11/18/2025, 9:50:44 AM PST [Modules] Streaming discord_spellcheck@1 to /home/mailerdaemon/.config/discordcanary/0.0.809/modules/pending/discord_spellcheck-1.zip: 9%
11/18/2025, 9:50:44 AM PST [Modules] Streaming discord_spellcheck@1 to /home/mailerdaemon/.config/discordcanary/0.0.809/modules/pending/discord_spellcheck-1.zip: 11%
11/18/2025, 9:50:44 AM PST [Modules] Streaming discord_spellcheck@1 to /home/mailerdaemon/.config/discordcanary/0.0.809/modules/pending/discord_spellcheck-1.zip: 12%
11/18/2025, 9:50:44 AM PST [Modules] Streaming discord_spellcheck@1 to /home/mailerdaemon/.config/discordcanary/0.0.809/modules/pending/discord_spellcheck-1.zip: 14%
11/18/2025, 9:50:44 AM PST [Modules] Streaming discord_spellcheck@1 to /home/mailerdaemon/.config/discordcanary/0.0.809/modules/pending/discord_spellcheck-1.zip: 15%
11/18/2025, 9:50:44 AM PST [Modules] Streaming discord_spellcheck@1 to /home/mailerdaemon/.config/discordcanary/0.0.809/modules/pending/discord_spellcheck-1.zip: 16%
11/18/2025, 9:50:44 AM PST [Modules] Streaming discord_spellcheck@1 to /home/mailerdaemon/.config/discordcanary/0.0.809/modules/pending/discord_spellcheck-1.zip: 17%
11/18/2025, 9:50:44 AM PST [Modules] Streaming discord_spellcheck@1 to /home/mailerdaemon/.config/discordcanary/0.0.809/modules/pending/discord_spellcheck-1.zip: 18%
11/18/2025, 9:50:44 AM PST [Modules] Streaming discord_spellcheck@1 to /home/mailerdaemon/.config/discordcanary/0.0.809/modules/pending/discord_spellcheck-1.zip: 19%
11/18/2025, 9:50:44 AM PST [Modules] Streaming discord_spellcheck@1 to /home/mailerdaemon/.config/discordcanary/0.0.809/modules/pending/discord_spellcheck-1.zip: 20%
11/18/2025, 9:50:44 AM PST [Modules] Streaming discord_spellcheck@1 to /home/mailerdaemon/.config/discordcanary/0.0.809/modules/pending/discord_spellcheck-1.zip: 21%
11/18/2025, 9:50:44 AM PST [Modules] Streaming discord_spellcheck@1 to /home/mailerdaemon/.config/discordcanary/0.0.809/modules/pending/discord_spellcheck-1.zip: 22%
11/18/2025, 9:50:44 AM PST [Modules] Streaming discord_spellcheck@1 to /home/mailerdaemon/.config/discordcanary/0.0.809/modules/pending/discord_spellcheck-1.zip: 23%
11/18/2025, 9:50:44 AM PST [Modules] Streaming discord_spellcheck@1 to /home/mailerdaemon/.config/discordcanary/0.0.809/modules/pending/discord_spellcheck-1.zip: 25%
11/18/2025, 9:50:44 AM PST [Modules] Streaming discord_spellcheck@1 to /home/mailerdaemon/.config/discordcanary/0.0.809/modules/pending/discord_spellcheck-1.zip: 27%
11/18/2025, 9:50:44 AM PST [Modules] Streaming discord_spellcheck@1 to /home/mailerdaemon/.config/discordcanary/0.0.809/modules/pending/discord_spellcheck-1.zip: 29%
11/18/2025, 9:50:44 AM PST [Modules] Streaming discord_spellcheck@1 to /home/mailerdaemon/.config/discordcanary/0.0.809/modules/pending/discord_spellcheck-1.zip: 32%
11/18/2025, 9:50:44 AM PST [Modules] Streaming discord_spellcheck@1 to /home/mailerdaemon/.config/discordcanary/0.0.809/modules/pending/discord_spellcheck-1.zip: 33%
11/18/2025, 9:50:44 AM PST [Modules] Streaming discord_spellcheck@1 to /home/mailerdaemon/.config/discordcanary/0.0.809/modules/pending/discord_spellcheck-1.zip: 34%
11/18/2025, 9:50:44 AM PST [Modules] Streaming discord_spellcheck@1 to /home/mailerdaemon/.config/discordcanary/0.0.809/modules/pending/discord_spellcheck-1.zip: 35%
11/18/2025, 9:50:44 AM PST [Modules] Streaming discord_spellcheck@1 to /home/mailerdaemon/.config/discordcanary/0.0.809/modules/pending/discord_spellcheck-1.zip: 39%
11/18/2025, 9:50:44 AM PST [Modules] Streaming discord_spellcheck@1 to /home/mailerdaemon/.config/discordcanary/0.0.809/modules/pending/discord_spellcheck-1.zip: 41%
11/18/2025, 9:50:44 AM PST [Modules] Streaming discord_spellcheck@1 to /home/mailerdaemon/.config/discordcanary/0.0.809/modules/pending/discord_spellcheck-1.zip: 42%
11/18/2025, 9:50:44 AM PST [Modules] Streaming discord_spellcheck@1 to /home/mailerdaemon/.config/discordcanary/0.0.809/modules/pending/discord_spellcheck-1.zip: 43%
11/18/2025, 9:50:44 AM PST [Modules] Streaming discord_spellcheck@1 to /home/mailerdaemon/.config/discordcanary/0.0.809/modules/pending/discord_spellcheck-1.zip: 45%
11/18/2025, 9:50:44 AM PST [Modules] Streaming discord_spellcheck@1 to /home/mailerdaemon/.config/discordcanary/0.0.809/modules/pending/discord_spellcheck-1.zip: 47%
11/18/2025, 9:50:44 AM PST [Modules] Streaming discord_spellcheck@1 to /home/mailerdaemon/.config/discordcanary/0.0.809/modules/pending/discord_spellcheck-1.zip: 48%
11/18/2025, 9:50:44 AM PST [Modules] Streaming discord_spellcheck@1 to /home/mailerdaemon/.config/discordcanary/0.0.809/modules/pending/discord_spellcheck-1.zip: 49%
11/18/2025, 9:50:44 AM PST [Modules] Streaming discord_spellcheck@1 to /home/mailerdaemon/.config/discordcanary/0.0.809/modules/pending/discord_spellcheck-1.zip: 50%
11/18/2025, 9:50:44 AM PST [Modules] Streaming discord_spellcheck@1 to /home/mailerdaemon/.config/discordcanary/0.0.809/modules/pending/discord_spellcheck-1.zip: 51%
11/18/2025, 9:50:44 AM PST [Modules] Streaming discord_spellcheck@1 to /home/mailerdaemon/.config/discordcanary/0.0.809/modules/pending/discord_spellcheck-1.zip: 55%
11/18/2025, 9:50:45 AM PST [Modules] Streaming discord_spellcheck@1 to /home/mailerdaemon/.config/discordcanary/0.0.809/modules/pending/discord_spellcheck-1.zip: 56%
11/18/2025, 9:50:45 AM PST [Modules] Streaming discord_spellcheck@1 to /home/mailerdaemon/.config/discordcanary/0.0.809/modules/pending/discord_spellcheck-1.zip: 59%
11/18/2025, 9:50:45 AM PST [Modules] Streaming discord_spellcheck@1 to /home/mailerdaemon/.config/discordcanary/0.0.809/modules/pending/discord_spellcheck-1.zip: 61%
11/18/2025, 9:50:45 AM PST [Modules] Streaming discord_spellcheck@1 to /home/mailerdaemon/.config/discordcanary/0.0.809/modules/pending/discord_spellcheck-1.zip: 62%
11/18/2025, 9:50:45 AM PST [Modules] Streaming discord_spellcheck@1 to /home/mailerdaemon/.config/discordcanary/0.0.809/modules/pending/discord_spellcheck-1.zip: 63%
11/18/2025, 9:50:45 AM PST [Modules] Streaming discord_spellcheck@1 to /home/mailerdaemon/.config/discordcanary/0.0.809/modules/pending/discord_spellcheck-1.zip: 65%
11/18/2025, 9:50:45 AM PST [Modules] Streaming discord_spellcheck@1 to /home/mailerdaemon/.config/discordcanary/0.0.809/modules/pending/discord_spellcheck-1.zip: 66%
11/18/2025, 9:50:45 AM PST [Modules] Streaming discord_spellcheck@1 to /home/mailerdaemon/.config/discordcanary/0.0.809/modules/pending/discord_spellcheck-1.zip: 67%
11/18/2025, 9:50:45 AM PST [Modules] Streaming discord_spellcheck@1 to /home/mailerdaemon/.config/discordcanary/0.0.809/modules/pending/discord_spellcheck-1.zip: 68%
11/18/2025, 9:50:45 AM PST [Modules] Streaming discord_spellcheck@1 to /home/mailerdaemon/.config/discordcanary/0.0.809/modules/pending/discord_spellcheck-1.zip: 70%
11/18/2025, 9:50:45 AM PST [Modules] Streaming discord_spellcheck@1 to /home/mailerdaemon/.config/discordcanary/0.0.809/modules/pending/discord_spellcheck-1.zip: 72%
11/18/2025, 9:50:45 AM PST [Modules] Streaming discord_spellcheck@1 to /home/mailerdaemon/.config/discordcanary/0.0.809/modules/pending/discord_spellcheck-1.zip: 76%
11/18/2025, 9:50:45 AM PST [Modules] Streaming discord_spellcheck@1 to /home/mailerdaemon/.config/discordcanary/0.0.809/modules/pending/discord_spellcheck-1.zip: 82%
11/18/2025, 9:50:45 AM PST [Modules] Streaming discord_spellcheck@1 to /home/mailerdaemon/.config/discordcanary/0.0.809/modules/pending/discord_spellcheck-1.zip: 83%
11/18/2025, 9:50:45 AM PST [Modules] Streaming discord_spellcheck@1 to /home/mailerdaemon/.config/discordcanary/0.0.809/modules/pending/discord_spellcheck-1.zip: 84%
11/18/2025, 9:50:45 AM PST [Modules] Streaming discord_spellcheck@1 to /home/mailerdaemon/.config/discordcanary/0.0.809/modules/pending/discord_spellcheck-1.zip: 86%
11/18/2025, 9:50:45 AM PST [Modules] Streaming discord_spellcheck@1 to /home/mailerdaemon/.config/discordcanary/0.0.809/modules/pending/discord_spellcheck-1.zip: 87%
11/18/2025, 9:50:45 AM PST [Modules] Streaming discord_spellcheck@1 to /home/mailerdaemon/.config/discordcanary/0.0.809/modules/pending/discord_spellcheck-1.zip: 88%
11/18/2025, 9:50:45 AM PST [Modules] Streaming discord_spellcheck@1 to /home/mailerdaemon/.config/discordcanary/0.0.809/modules/pending/discord_spellcheck-1.zip: 90%
11/18/2025, 9:50:45 AM PST [Modules] Streaming discord_spellcheck@1 to /home/mailerdaemon/.config/discordcanary/0.0.809/modules/pending/discord_spellcheck-1.zip: 91%
11/18/2025, 9:50:45 AM PST [Modules] Streaming discord_spellcheck@1 to /home/mailerdaemon/.config/discordcanary/0.0.809/modules/pending/discord_spellcheck-1.zip: 95%
11/18/2025, 9:50:45 AM PST [Modules] Streaming discord_spellcheck@1 to /home/mailerdaemon/.config/discordcanary/0.0.809/modules/pending/discord_spellcheck-1.zip: 100%
11/18/2025, 9:50:45 AM PST [Modules] Fetching discord_utils@7 from https://discord.com/api/modules/canary/discord_utils/7
11/18/2025, 9:50:45 AM PST [Modules] Streaming discord_utils@7 to /home/mailerdaemon/.config/discordcanary/0.0.809/modules/pending/discord_utils-7.zip
11/18/2025, 9:50:46 AM PST [Modules] Streaming discord_utils@7 to /home/mailerdaemon/.config/discordcanary/0.0.809/modules/pending/discord_utils-7.zip: 1%
11/18/2025, 9:50:46 AM PST [Modules] Streaming discord_utils@7 to /home/mailerdaemon/.config/discordcanary/0.0.809/modules/pending/discord_utils-7.zip: 5%
11/18/2025, 9:50:46 AM PST [Modules] Streaming discord_utils@7 to /home/mailerdaemon/.config/discordcanary/0.0.809/modules/pending/discord_utils-7.zip: 8%
11/18/2025, 9:50:46 AM PST [Modules] Streaming discord_utils@7 to /home/mailerdaemon/.config/discordcanary/0.0.809/modules/pending/discord_utils-7.zip: 10%
11/18/2025, 9:50:46 AM PST [Modules] Streaming discord_utils@7 to /home/mailerdaemon/.config/discordcanary/0.0.809/modules/pending/discord_utils-7.zip: 15%
11/18/2025, 9:50:46 AM PST [Modules] Streaming discord_utils@7 to /home/mailerdaemon/.config/discordcanary/0.0.809/modules/pending/discord_utils-7.zip: 21%
11/18/2025, 9:50:46 AM PST [Modules] Streaming discord_utils@7 to /home/mailerdaemon/.config/discordcanary/0.0.809/modules/pending/discord_utils-7.zip: 41%
11/18/2025, 9:50:47 AM PST [Modules] Streaming discord_utils@7 to /home/mailerdaemon/.config/discordcanary/0.0.809/modules/pending/discord_utils-7.zip: 42%
11/18/2025, 9:50:47 AM PST [Modules] Streaming discord_utils@7 to /home/mailerdaemon/.config/discordcanary/0.0.809/modules/pending/discord_utils-7.zip: 44%
11/18/2025, 9:50:47 AM PST [Modules] Streaming discord_utils@7 to /home/mailerdaemon/.config/discordcanary/0.0.809/modules/pending/discord_utils-7.zip: 46%
11/18/2025, 9:50:47 AM PST [Modules] Streaming discord_utils@7 to /home/mailerdaemon/.config/discordcanary/0.0.809/modules/pending/discord_utils-7.zip: 47%
11/18/2025, 9:50:47 AM PST [Modules] Streaming discord_utils@7 to /home/mailerdaemon/.config/discordcanary/0.0.809/modules/pending/discord_utils-7.zip: 48%
11/18/2025, 9:50:47 AM PST [Modules] Streaming discord_utils@7 to /home/mailerdaemon/.config/discordcanary/0.0.809/modules/pending/discord_utils-7.zip: 49%
11/18/2025, 9:50:47 AM PST [Modules] Streaming discord_utils@7 to /home/mailerdaemon/.config/discordcanary/0.0.809/modules/pending/discord_utils-7.zip: 51%
11/18/2025, 9:50:47 AM PST [Modules] Streaming discord_utils@7 to /home/mailerdaemon/.config/discordcanary/0.0.809/modules/pending/discord_utils-7.zip: 54%
11/18/2025, 9:50:47 AM PST [Modules] Streaming discord_utils@7 to /home/mailerdaemon/.config/discordcanary/0.0.809/modules/pending/discord_utils-7.zip: 55%
11/18/2025, 9:50:47 AM PST [Modules] Streaming discord_utils@7 to /home/mailerdaemon/.config/discordcanary/0.0.809/modules/pending/discord_utils-7.zip: 56%
11/18/2025, 9:50:47 AM PST [Modules] Streaming discord_utils@7 to /home/mailerdaemon/.config/discordcanary/0.0.809/modules/pending/discord_utils-7.zip: 59%
11/18/2025, 9:50:47 AM PST [Modules] Streaming discord_utils@7 to /home/mailerdaemon/.config/discordcanary/0.0.809/modules/pending/discord_utils-7.zip: 62%
11/18/2025, 9:50:47 AM PST [Modules] Streaming discord_utils@7 to /home/mailerdaemon/.config/discordcanary/0.0.809/modules/pending/discord_utils-7.zip: 64%
11/18/2025, 9:50:47 AM PST [Modules] Streaming discord_utils@7 to /home/mailerdaemon/.config/discordcanary/0.0.809/modules/pending/discord_utils-7.zip: 73%
11/18/2025, 9:50:47 AM PST [Modules] Streaming discord_utils@7 to /home/mailerdaemon/.config/discordcanary/0.0.809/modules/pending/discord_utils-7.zip: 74%
11/18/2025, 9:50:47 AM PST [Modules] Streaming discord_utils@7 to /home/mailerdaemon/.config/discordcanary/0.0.809/modules/pending/discord_utils-7.zip: 76%
11/18/2025, 9:50:47 AM PST [Modules] Streaming discord_utils@7 to /home/mailerdaemon/.config/discordcanary/0.0.809/modules/pending/discord_utils-7.zip: 79%
11/18/2025, 9:50:47 AM PST [Modules] Streaming discord_utils@7 to /home/mailerdaemon/.config/discordcanary/0.0.809/modules/pending/discord_utils-7.zip: 81%
11/18/2025, 9:50:47 AM PST [Modules] Streaming discord_utils@7 to /home/mailerdaemon/.config/discordcanary/0.0.809/modules/pending/discord_utils-7.zip: 83%
11/18/2025, 9:50:47 AM PST [Modules] Streaming discord_utils@7 to /home/mailerdaemon/.config/discordcanary/0.0.809/modules/pending/discord_utils-7.zip: 85%
11/18/2025, 9:50:47 AM PST [Modules] Streaming discord_utils@7 to /home/mailerdaemon/.config/discordcanary/0.0.809/modules/pending/discord_utils-7.zip: 86%
11/18/2025, 9:50:47 AM PST [Modules] Streaming discord_utils@7 to /home/mailerdaemon/.config/discordcanary/0.0.809/modules/pending/discord_utils-7.zip: 87%
11/18/2025, 9:50:47 AM PST [Modules] Streaming discord_utils@7 to /home/mailerdaemon/.config/discordcanary/0.0.809/modules/pending/discord_utils-7.zip: 90%
11/18/2025, 9:50:47 AM PST [Modules] Streaming discord_utils@7 to /home/mailerdaemon/.config/discordcanary/0.0.809/modules/pending/discord_utils-7.zip: 91%
11/18/2025, 9:50:47 AM PST [Modules] Streaming discord_utils@7 to /home/mailerdaemon/.config/discordcanary/0.0.809/modules/pending/discord_utils-7.zip: 93%
11/18/2025, 9:50:47 AM PST [Modules] Streaming discord_utils@7 to /home/mailerdaemon/.config/discordcanary/0.0.809/modules/pending/discord_utils-7.zip: 95%
11/18/2025, 9:50:47 AM PST [Modules] Streaming discord_utils@7 to /home/mailerdaemon/.config/discordcanary/0.0.809/modules/pending/discord_utils-7.zip: 98%
11/18/2025, 9:50:47 AM PST [Modules] Streaming discord_utils@7 to /home/mailerdaemon/.config/discordcanary/0.0.809/modules/pending/discord_utils-7.zip: 99%
11/18/2025, 9:50:47 AM PST [Modules] Streaming discord_utils@7 to /home/mailerdaemon/.config/discordcanary/0.0.809/modules/pending/discord_utils-7.zip: 100%
11/18/2025, 9:50:47 AM PST [Modules] Fetching discord_voice@1 from https://discord.com/api/modules/canary/discord_voice/1
11/18/2025, 9:50:47 AM PST [Modules] Streaming discord_voice@1 to /home/mailerdaemon/.config/discordcanary/0.0.809/modules/pending/discord_voice-1.zip
11/18/2025, 9:50:48 AM PST [Modules] Streaming discord_voice@1 to /home/mailerdaemon/.config/discordcanary/0.0.809/modules/pending/discord_voice-1.zip: 1%
11/18/2025, 9:50:48 AM PST [Modules] Streaming discord_voice@1 to /home/mailerdaemon/.config/discordcanary/0.0.809/modules/pending/discord_voice-1.zip: 2%
11/18/2025, 9:50:48 AM PST [Modules] Streaming discord_voice@1 to /home/mailerdaemon/.config/discordcanary/0.0.809/modules/pending/discord_voice-1.zip: 3%
11/18/2025, 9:50:48 AM PST [Modules] Streaming discord_voice@1 to /home/mailerdaemon/.config/discordcanary/0.0.809/modules/pending/discord_voice-1.zip: 4%
11/18/2025, 9:50:48 AM PST [Modules] Streaming discord_voice@1 to /home/mailerdaemon/.config/discordcanary/0.0.809/modules/pending/discord_voice-1.zip: 5%
11/18/2025, 9:50:48 AM PST [Modules] Streaming discord_voice@1 to /home/mailerdaemon/.config/discordcanary/0.0.809/modules/pending/discord_voice-1.zip: 6%
11/18/2025, 9:50:48 AM PST [Modules] Streaming discord_voice@1 to /home/mailerdaemon/.config/discordcanary/0.0.809/modules/pending/discord_voice-1.zip: 7%
11/18/2025, 9:50:49 AM PST [Modules] Streaming discord_voice@1 to /home/mailerdaemon/.config/discordcanary/0.0.809/modules/pending/discord_voice-1.zip: 8%
11/18/2025, 9:50:49 AM PST [Modules] Streaming discord_voice@1 to /home/mailerdaemon/.config/discordcanary/0.0.809/modules/pending/discord_voice-1.zip: 9%
11/18/2025, 9:50:49 AM PST [Modules] Streaming discord_voice@1 to /home/mailerdaemon/.config/discordcanary/0.0.809/modules/pending/discord_voice-1.zip: 10%
11/18/2025, 9:50:49 AM PST [Modules] Streaming discord_voice@1 to /home/mailerdaemon/.config/discordcanary/0.0.809/modules/pending/discord_voice-1.zip: 11%
11/18/2025, 9:50:49 AM PST [Modules] Streaming discord_voice@1 to /home/mailerdaemon/.config/discordcanary/0.0.809/modules/pending/discord_voice-1.zip: 12%
11/18/2025, 9:50:49 AM PST [Modules] Streaming discord_voice@1 to /home/mailerdaemon/.config/discordcanary/0.0.809/modules/pending/discord_voice-1.zip: 13%
11/18/2025, 9:50:49 AM PST [Modules] Streaming discord_voice@1 to /home/mailerdaemon/.config/discordcanary/0.0.809/modules/pending/discord_voice-1.zip: 14%
11/18/2025, 9:50:49 AM PST [Modules] Streaming discord_voice@1 to /home/mailerdaemon/.config/discordcanary/0.0.809/modules/pending/discord_voice-1.zip: 15%
11/18/2025, 9:50:49 AM PST [Modules] Streaming discord_voice@1 to /home/mailerdaemon/.config/discordcanary/0.0.809/modules/pending/discord_voice-1.zip: 16%
11/18/2025, 9:50:49 AM PST [Modules] Streaming discord_voice@1 to /home/mailerdaemon/.config/discordcanary/0.0.809/modules/pending/discord_voice-1.zip: 17%
11/18/2025, 9:50:49 AM PST [Modules] Streaming discord_voice@1 to /home/mailerdaemon/.config/discordcanary/0.0.809/modules/pending/discord_voice-1.zip: 18%
11/18/2025, 9:50:49 AM PST [Modules] Streaming discord_voice@1 to /home/mailerdaemon/.config/discordcanary/0.0.809/modules/pending/discord_voice-1.zip: 19%
11/18/2025, 9:50:49 AM PST [Modules] Streaming discord_voice@1 to /home/mailerdaemon/.config/discordcanary/0.0.809/modules/pending/discord_voice-1.zip: 20%
11/18/2025, 9:50:49 AM PST [Modules] Streaming discord_voice@1 to /home/mailerdaemon/.config/discordcanary/0.0.809/modules/pending/discord_voice-1.zip: 21%
11/18/2025, 9:50:49 AM PST [Modules] Streaming discord_voice@1 to /home/mailerdaemon/.config/discordcanary/0.0.809/modules/pending/discord_voice-1.zip: 22%
11/18/2025, 9:50:49 AM PST [Modules] Streaming discord_voice@1 to /home/mailerdaemon/.config/discordcanary/0.0.809/modules/pending/discord_voice-1.zip: 23%
11/18/2025, 9:50:49 AM PST [Modules] Streaming discord_voice@1 to /home/mailerdaemon/.config/discordcanary/0.0.809/modules/pending/discord_voice-1.zip: 24%
11/18/2025, 9:50:49 AM PST [Modules] Streaming discord_voice@1 to /home/mailerdaemon/.config/discordcanary/0.0.809/modules/pending/discord_voice-1.zip: 25%
11/18/2025, 9:50:49 AM PST [Modules] Streaming discord_voice@1 to /home/mailerdaemon/.config/discordcanary/0.0.809/modules/pending/discord_voice-1.zip: 26%
11/18/2025, 9:50:49 AM PST [Modules] Streaming discord_voice@1 to /home/mailerdaemon/.config/discordcanary/0.0.809/modules/pending/discord_voice-1.zip: 27%
11/18/2025, 9:50:49 AM PST [Modules] Streaming discord_voice@1 to /home/mailerdaemon/.config/discordcanary/0.0.809/modules/pending/discord_voice-1.zip: 28%
11/18/2025, 9:50:49 AM PST [Modules] Streaming discord_voice@1 to /home/mailerdaemon/.config/discordcanary/0.0.809/modules/pending/discord_voice-1.zip: 29%
11/18/2025, 9:50:49 AM PST [Modules] Streaming discord_voice@1 to /home/mailerdaemon/.config/discordcanary/0.0.809/modules/pending/discord_voice-1.zip: 30%
11/18/2025, 9:50:49 AM PST [Modules] Streaming discord_voice@1 to /home/mailerdaemon/.config/discordcanary/0.0.809/modules/pending/discord_voice-1.zip: 31%
11/18/2025, 9:50:49 AM PST [Modules] Streaming discord_voice@1 to /home/mailerdaemon/.config/discordcanary/0.0.809/modules/pending/discord_voice-1.zip: 32%
11/18/2025, 9:50:49 AM PST [Modules] Streaming discord_voice@1 to /home/mailerdaemon/.config/discordcanary/0.0.809/modules/pending/discord_voice-1.zip: 33%
11/18/2025, 9:50:49 AM PST [Modules] Streaming discord_voice@1 to /home/mailerdaemon/.config/discordcanary/0.0.809/modules/pending/discord_voice-1.zip: 34%
11/18/2025, 9:50:49 AM PST [Modules] Streaming discord_voice@1 to /home/mailerdaemon/.config/discordcanary/0.0.809/modules/pending/discord_voice-1.zip: 35%
11/18/2025, 9:50:49 AM PST [Modules] Streaming discord_voice@1 to /home/mailerdaemon/.config/discordcanary/0.0.809/modules/pending/discord_voice-1.zip: 36%
11/18/2025, 9:50:49 AM PST [Modules] Streaming discord_voice@1 to /home/mailerdaemon/.config/discordcanary/0.0.809/modules/pending/discord_voice-1.zip: 37%
11/18/2025, 9:50:49 AM PST [Modules] Streaming discord_voice@1 to /home/mailerdaemon/.config/discordcanary/0.0.809/modules/pending/discord_voice-1.zip: 38%
11/18/2025, 9:50:49 AM PST [Modules] Streaming discord_voice@1 to /home/mailerdaemon/.config/discordcanary/0.0.809/modules/pending/discord_voice-1.zip: 39%
11/18/2025, 9:50:49 AM PST [Modules] Streaming discord_voice@1 to /home/mailerdaemon/.config/discordcanary/0.0.809/modules/pending/discord_voice-1.zip: 40%
11/18/2025, 9:50:49 AM PST [Modules] Streaming discord_voice@1 to /home/mailerdaemon/.config/discordcanary/0.0.809/modules/pending/discord_voice-1.zip: 41%
11/18/2025, 9:50:49 AM PST [Modules] Streaming discord_voice@1 to /home/mailerdaemon/.config/discordcanary/0.0.809/modules/pending/discord_voice-1.zip: 42%
11/18/2025, 9:50:49 AM PST [Modules] Streaming discord_voice@1 to /home/mailerdaemon/.config/discordcanary/0.0.809/modules/pending/discord_voice-1.zip: 43%
11/18/2025, 9:50:49 AM PST [Modules] Streaming discord_voice@1 to /home/mailerdaemon/.config/discordcanary/0.0.809/modules/pending/discord_voice-1.zip: 44%
11/18/2025, 9:50:49 AM PST [Modules] Streaming discord_voice@1 to /home/mailerdaemon/.config/discordcanary/0.0.809/modules/pending/discord_voice-1.zip: 45%
11/18/2025, 9:50:49 AM PST [Modules] Streaming discord_voice@1 to /home/mailerdaemon/.config/discordcanary/0.0.809/modules/pending/discord_voice-1.zip: 46%
11/18/2025, 9:50:49 AM PST [Modules] Streaming discord_voice@1 to /home/mailerdaemon/.config/discordcanary/0.0.809/modules/pending/discord_voice-1.zip: 47%
11/18/2025, 9:50:49 AM PST [Modules] Streaming discord_voice@1 to /home/mailerdaemon/.config/discordcanary/0.0.809/modules/pending/discord_voice-1.zip: 48%
11/18/2025, 9:50:49 AM PST [Modules] Streaming discord_voice@1 to /home/mailerdaemon/.config/discordcanary/0.0.809/modules/pending/discord_voice-1.zip: 49%
11/18/2025, 9:50:49 AM PST [Modules] Streaming discord_voice@1 to /home/mailerdaemon/.config/discordcanary/0.0.809/modules/pending/discord_voice-1.zip: 50%
11/18/2025, 9:50:49 AM PST [Modules] Streaming discord_voice@1 to /home/mailerdaemon/.config/discordcanary/0.0.809/modules/pending/discord_voice-1.zip: 51%
11/18/2025, 9:50:49 AM PST [Modules] Streaming discord_voice@1 to /home/mailerdaemon/.config/discordcanary/0.0.809/modules/pending/discord_voice-1.zip: 52%
11/18/2025, 9:50:49 AM PST [Modules] Streaming discord_voice@1 to /home/mailerdaemon/.config/discordcanary/0.0.809/modules/pending/discord_voice-1.zip: 53%
11/18/2025, 9:50:49 AM PST [Modules] Streaming discord_voice@1 to /home/mailerdaemon/.config/discordcanary/0.0.809/modules/pending/discord_voice-1.zip: 54%
11/18/2025, 9:50:49 AM PST [Modules] Streaming discord_voice@1 to /home/mailerdaemon/.config/discordcanary/0.0.809/modules/pending/discord_voice-1.zip: 55%
11/18/2025, 9:50:49 AM PST [Modules] Streaming discord_voice@1 to /home/mailerdaemon/.config/discordcanary/0.0.809/modules/pending/discord_voice-1.zip: 56%
11/18/2025, 9:50:49 AM PST [Modules] Streaming discord_voice@1 to /home/mailerdaemon/.config/discordcanary/0.0.809/modules/pending/discord_voice-1.zip: 57%
11/18/2025, 9:50:49 AM PST [Modules] Streaming discord_voice@1 to /home/mailerdaemon/.config/discordcanary/0.0.809/modules/pending/discord_voice-1.zip: 59%
11/18/2025, 9:50:49 AM PST [Modules] Streaming discord_voice@1 to /home/mailerdaemon/.config/discordcanary/0.0.809/modules/pending/discord_voice-1.zip: 60%
11/18/2025, 9:50:49 AM PST [Modules] Streaming discord_voice@1 to /home/mailerdaemon/.config/discordcanary/0.0.809/modules/pending/discord_voice-1.zip: 61%
11/18/2025, 9:50:50 AM PST [Modules] Streaming discord_voice@1 to /home/mailerdaemon/.config/discordcanary/0.0.809/modules/pending/discord_voice-1.zip: 62%
11/18/2025, 9:50:50 AM PST [Modules] Streaming discord_voice@1 to /home/mailerdaemon/.config/discordcanary/0.0.809/modules/pending/discord_voice-1.zip: 63%
11/18/2025, 9:50:50 AM PST [Modules] Streaming discord_voice@1 to /home/mailerdaemon/.config/discordcanary/0.0.809/modules/pending/discord_voice-1.zip: 64%
11/18/2025, 9:50:50 AM PST [Modules] Streaming discord_voice@1 to /home/mailerdaemon/.config/discordcanary/0.0.809/modules/pending/discord_voice-1.zip: 65%
11/18/2025, 9:50:50 AM PST [Modules] Streaming discord_voice@1 to /home/mailerdaemon/.config/discordcanary/0.0.809/modules/pending/discord_voice-1.zip: 66%
11/18/2025, 9:50:50 AM PST [Modules] Streaming discord_voice@1 to /home/mailerdaemon/.config/discordcanary/0.0.809/modules/pending/discord_voice-1.zip: 67%
11/18/2025, 9:50:50 AM PST [Modules] Streaming discord_voice@1 to /home/mailerdaemon/.config/discordcanary/0.0.809/modules/pending/discord_voice-1.zip: 68%
11/18/2025, 9:50:50 AM PST [Modules] Streaming discord_voice@1 to /home/mailerdaemon/.config/discordcanary/0.0.809/modules/pending/discord_voice-1.zip: 69%
11/18/2025, 9:50:50 AM PST [Modules] Streaming discord_voice@1 to /home/mailerdaemon/.config/discordcanary/0.0.809/modules/pending/discord_voice-1.zip: 70%
11/18/2025, 9:50:50 AM PST [Modules] Streaming discord_voice@1 to /home/mailerdaemon/.config/discordcanary/0.0.809/modules/pending/discord_voice-1.zip: 71%
11/18/2025, 9:50:50 AM PST [Modules] Streaming discord_voice@1 to /home/mailerdaemon/.config/discordcanary/0.0.809/modules/pending/discord_voice-1.zip: 72%
11/18/2025, 9:50:50 AM PST [Modules] Streaming discord_voice@1 to /home/mailerdaemon/.config/discordcanary/0.0.809/modules/pending/discord_voice-1.zip: 73%
11/18/2025, 9:50:50 AM PST [Modules] Streaming discord_voice@1 to /home/mailerdaemon/.config/discordcanary/0.0.809/modules/pending/discord_voice-1.zip: 74%
11/18/2025, 9:50:50 AM PST [Modules] Streaming discord_voice@1 to /home/mailerdaemon/.config/discordcanary/0.0.809/modules/pending/discord_voice-1.zip: 75%
11/18/2025, 9:50:50 AM PST [Modules] Streaming discord_voice@1 to /home/mailerdaemon/.config/discordcanary/0.0.809/modules/pending/discord_voice-1.zip: 76%
11/18/2025, 9:50:50 AM PST [Modules] Streaming discord_voice@1 to /home/mailerdaemon/.config/discordcanary/0.0.809/modules/pending/discord_voice-1.zip: 77%
11/18/2025, 9:50:50 AM PST [Modules] Streaming discord_voice@1 to /home/mailerdaemon/.config/discordcanary/0.0.809/modules/pending/discord_voice-1.zip: 78%
11/18/2025, 9:50:50 AM PST [Modules] Streaming discord_voice@1 to /home/mailerdaemon/.config/discordcanary/0.0.809/modules/pending/discord_voice-1.zip: 79%
11/18/2025, 9:50:50 AM PST [Modules] Streaming discord_voice@1 to /home/mailerdaemon/.config/discordcanary/0.0.809/modules/pending/discord_voice-1.zip: 80%
11/18/2025, 9:50:50 AM PST [Modules] Streaming discord_voice@1 to /home/mailerdaemon/.config/discordcanary/0.0.809/modules/pending/discord_voice-1.zip: 81%
11/18/2025, 9:50:50 AM PST [Modules] Streaming discord_voice@1 to /home/mailerdaemon/.config/discordcanary/0.0.809/modules/pending/discord_voice-1.zip: 82%
11/18/2025, 9:50:50 AM PST [Modules] Streaming discord_voice@1 to /home/mailerdaemon/.config/discordcanary/0.0.809/modules/pending/discord_voice-1.zip: 83%
11/18/2025, 9:50:50 AM PST [Modules] Streaming discord_voice@1 to /home/mailerdaemon/.config/discordcanary/0.0.809/modules/pending/discord_voice-1.zip: 84%
11/18/2025, 9:50:50 AM PST [Modules] Streaming discord_voice@1 to /home/mailerdaemon/.config/discordcanary/0.0.809/modules/pending/discord_voice-1.zip: 85%
11/18/2025, 9:50:50 AM PST [Modules] Streaming discord_voice@1 to /home/mailerdaemon/.config/discordcanary/0.0.809/modules/pending/discord_voice-1.zip: 86%
11/18/2025, 9:50:50 AM PST [Modules] Streaming discord_voice@1 to /home/mailerdaemon/.config/discordcanary/0.0.809/modules/pending/discord_voice-1.zip: 87%
11/18/2025, 9:50:50 AM PST [Modules] Streaming discord_voice@1 to /home/mailerdaemon/.config/discordcanary/0.0.809/modules/pending/discord_voice-1.zip: 88%
11/18/2025, 9:50:50 AM PST [Modules] Streaming discord_voice@1 to /home/mailerdaemon/.config/discordcanary/0.0.809/modules/pending/discord_voice-1.zip: 89%
11/18/2025, 9:50:50 AM PST [Modules] Streaming discord_voice@1 to /home/mailerdaemon/.config/discordcanary/0.0.809/modules/pending/discord_voice-1.zip: 90%
11/18/2025, 9:50:50 AM PST [Modules] Streaming discord_voice@1 to /home/mailerdaemon/.config/discordcanary/0.0.809/modules/pending/discord_voice-1.zip: 91%
11/18/2025, 9:50:51 AM PST [Modules] Streaming discord_voice@1 to /home/mailerdaemon/.config/discordcanary/0.0.809/modules/pending/discord_voice-1.zip: 92%
11/18/2025, 9:50:51 AM PST [Modules] Streaming discord_voice@1 to /home/mailerdaemon/.config/discordcanary/0.0.809/modules/pending/discord_voice-1.zip: 93%
11/18/2025, 9:50:51 AM PST [Modules] Streaming discord_voice@1 to /home/mailerdaemon/.config/discordcanary/0.0.809/modules/pending/discord_voice-1.zip: 94%
11/18/2025, 9:50:51 AM PST [Modules] Streaming discord_voice@1 to /home/mailerdaemon/.config/discordcanary/0.0.809/modules/pending/discord_voice-1.zip: 95%
11/18/2025, 9:50:51 AM PST [Modules] Streaming discord_voice@1 to /home/mailerdaemon/.config/discordcanary/0.0.809/modules/pending/discord_voice-1.zip: 96%
11/18/2025, 9:50:51 AM PST [Modules] Streaming discord_voice@1 to /home/mailerdaemon/.config/discordcanary/0.0.809/modules/pending/discord_voice-1.zip: 97%
11/18/2025, 9:50:51 AM PST [Modules] Streaming discord_voice@1 to /home/mailerdaemon/.config/discordcanary/0.0.809/modules/pending/discord_voice-1.zip: 99%
11/18/2025, 9:50:51 AM PST [Modules] Streaming discord_voice@1 to /home/mailerdaemon/.config/discordcanary/0.0.809/modules/pending/discord_voice-1.zip: 100%
11/18/2025, 9:50:51 AM PST [Modules] Fetching discord_zstd@1 from https://discord.com/api/modules/canary/discord_zstd/1
11/18/2025, 9:50:51 AM PST [Modules] Streaming discord_zstd@1 to /home/mailerdaemon/.config/discordcanary/0.0.809/modules/pending/discord_zstd-1.zip
11/18/2025, 9:50:51 AM PST [Modules] Streaming discord_zstd@1 to /home/mailerdaemon/.config/discordcanary/0.0.809/modules/pending/discord_zstd-1.zip: 9%
11/18/2025, 9:50:51 AM PST [Modules] Streaming discord_zstd@1 to /home/mailerdaemon/.config/discordcanary/0.0.809/modules/pending/discord_zstd-1.zip: 37%
11/18/2025, 9:50:51 AM PST [Modules] Streaming discord_zstd@1 to /home/mailerdaemon/.config/discordcanary/0.0.809/modules/pending/discord_zstd-1.zip: 63%
11/18/2025, 9:50:51 AM PST [Modules] Streaming discord_zstd@1 to /home/mailerdaemon/.config/discordcanary/0.0.809/modules/pending/discord_zstd-1.zip: 71%
11/18/2025, 9:50:51 AM PST [Modules] Streaming discord_zstd@1 to /home/mailerdaemon/.config/discordcanary/0.0.809/modules/pending/discord_zstd-1.zip: 74%
11/18/2025, 9:50:51 AM PST [Modules] Streaming discord_zstd@1 to /home/mailerdaemon/.config/discordcanary/0.0.809/modules/pending/discord_zstd-1.zip: 84%
11/18/2025, 9:50:51 AM PST [Modules] Streaming discord_zstd@1 to /home/mailerdaemon/.config/discordcanary/0.0.809/modules/pending/discord_zstd-1.zip: 100%
11/18/2025, 9:50:51 AM PST [Modules] Finished module downloads. [success: 6] [failure: 0]
11/18/2025, 9:50:51 AM PST [Modules] Installing updates...
11/18/2025, 9:50:51 AM PST [Modules] Installing discord_desktop_core@1 from /home/mailerdaemon/.config/discordcanary/0.0.809/modules/pending/discord_desktop_core-1.zip
11/18/2025, 9:50:51 AM PST [Modules] Installing discord_erlpack@1 from /home/mailerdaemon/.config/discordcanary/0.0.809/modules/pending/discord_erlpack-1.zip
11/18/2025, 9:50:51 AM PST [Modules] Installing discord_spellcheck@1 from /home/mailerdaemon/.config/discordcanary/0.0.809/modules/pending/discord_spellcheck-1.zip
11/18/2025, 9:50:54 AM PST [Modules] Installing discord_utils@7 from /home/mailerdaemon/.config/discordcanary/0.0.809/modules/pending/discord_utils-7.zip
11/18/2025, 9:50:55 AM PST [Modules] Installing discord_voice@1 from /home/mailerdaemon/.config/discordcanary/0.0.809/modules/pending/discord_voice-1.zip
11/18/2025, 9:50:56 AM PST [Modules] Installing discord_zstd@1 from /home/mailerdaemon/.config/discordcanary/0.0.809/modules/pending/discord_zstd-1.zip
11/18/2025, 9:50:56 AM PST [Modules] Finished module installations. [success: 6] [failure: 0]
11/18/2025, 9:50:56 AM PST [Modules] Checking for host updates.
11/18/2025, 9:50:56 AM PST [Modules] Host is up to date.
11/18/2025, 9:50:56 AM PST [Modules] Checking for module updates at https://discord.com/api/modules/canary/versions.json
11/18/2025, 9:50:56 AM PST [Modules] No module updates available.
11/18/2025, 9:51:00 AM PST [Modules] Starting to install discord_krisp...
11/18/2025, 9:51:00 AM PST [Modules] Fetching discord_krisp@1 from https://discord.com/api/modules/canary/discord_krisp/1
11/18/2025, 9:51:00 AM PST [Modules] Streaming discord_krisp@1 to /home/mailerdaemon/.config/discordcanary/0.0.809/modules/pending/discord_krisp-1.zip
11/18/2025, 9:51:00 AM PST [Modules] Starting to install discord_game_utils...
11/18/2025, 9:51:00 AM PST [Modules] Streaming discord_krisp@1 to /home/mailerdaemon/.config/discordcanary/0.0.809/modules/pending/discord_krisp-1.zip: 1%
11/18/2025, 9:51:00 AM PST [Modules] Streaming discord_krisp@1 to /home/mailerdaemon/.config/discordcanary/0.0.809/modules/pending/discord_krisp-1.zip: 2%
11/18/2025, 9:51:00 AM PST [Modules] Streaming discord_krisp@1 to /home/mailerdaemon/.config/discordcanary/0.0.809/modules/pending/discord_krisp-1.zip: 3%
11/18/2025, 9:51:00 AM PST [Modules] Streaming discord_krisp@1 to /home/mailerdaemon/.config/discordcanary/0.0.809/modules/pending/discord_krisp-1.zip: 4%
11/18/2025, 9:51:00 AM PST [Modules] Streaming discord_krisp@1 to /home/mailerdaemon/.config/discordcanary/0.0.809/modules/pending/discord_krisp-1.zip: 5%
11/18/2025, 9:51:00 AM PST [Modules] Streaming discord_krisp@1 to /home/mailerdaemon/.config/discordcanary/0.0.809/modules/pending/discord_krisp-1.zip: 6%
11/18/2025, 9:51:00 AM PST [Modules] Streaming discord_krisp@1 to /home/mailerdaemon/.config/discordcanary/0.0.809/modules/pending/discord_krisp-1.zip: 7%
11/18/2025, 9:51:00 AM PST [Modules] Streaming discord_krisp@1 to /home/mailerdaemon/.config/discordcanary/0.0.809/modules/pending/discord_krisp-1.zip: 8%
11/18/2025, 9:51:00 AM PST [Modules] Streaming discord_krisp@1 to /home/mailerdaemon/.config/discordcanary/0.0.809/modules/pending/discord_krisp-1.zip: 9%
11/18/2025, 9:51:00 AM PST [Modules] Streaming discord_krisp@1 to /home/mailerdaemon/.config/discordcanary/0.0.809/modules/pending/discord_krisp-1.zip: 10%
11/18/2025, 9:51:00 AM PST [Modules] Streaming discord_krisp@1 to /home/mailerdaemon/.config/discordcanary/0.0.809/modules/pending/discord_krisp-1.zip: 11%
11/18/2025, 9:51:00 AM PST [Modules] Streaming discord_krisp@1 to /home/mailerdaemon/.config/discordcanary/0.0.809/modules/pending/discord_krisp-1.zip: 12%
11/18/2025, 9:51:00 AM PST [Modules] Streaming discord_krisp@1 to /home/mailerdaemon/.config/discordcanary/0.0.809/modules/pending/discord_krisp-1.zip: 13%
11/18/2025, 9:51:00 AM PST [Modules] Streaming discord_krisp@1 to /home/mailerdaemon/.config/discordcanary/0.0.809/modules/pending/discord_krisp-1.zip: 14%
11/18/2025, 9:51:01 AM PST [Modules] Streaming discord_krisp@1 to /home/mailerdaemon/.config/discordcanary/0.0.809/modules/pending/discord_krisp-1.zip: 15%
11/18/2025, 9:51:01 AM PST [Modules] Streaming discord_krisp@1 to /home/mailerdaemon/.config/discordcanary/0.0.809/modules/pending/discord_krisp-1.zip: 18%
11/18/2025, 9:51:01 AM PST [Modules] Streaming discord_krisp@1 to /home/mailerdaemon/.config/discordcanary/0.0.809/modules/pending/discord_krisp-1.zip: 21%
11/18/2025, 9:51:01 AM PST [Modules] Streaming discord_krisp@1 to /home/mailerdaemon/.config/discordcanary/0.0.809/modules/pending/discord_krisp-1.zip: 22%
11/18/2025, 9:51:01 AM PST [Modules] Streaming discord_krisp@1 to /home/mailerdaemon/.config/discordcanary/0.0.809/modules/pending/discord_krisp-1.zip: 23%
11/18/2025, 9:51:01 AM PST [Modules] Streaming discord_krisp@1 to /home/mailerdaemon/.config/discordcanary/0.0.809/modules/pending/discord_krisp-1.zip: 24%
11/18/2025, 9:51:01 AM PST [Modules] Streaming discord_krisp@1 to /home/mailerdaemon/.config/discordcanary/0.0.809/modules/pending/discord_krisp-1.zip: 25%
11/18/2025, 9:51:01 AM PST [Modules] Streaming discord_krisp@1 to /home/mailerdaemon/.config/discordcanary/0.0.809/modules/pending/discord_krisp-1.zip: 26%
11/18/2025, 9:51:01 AM PST [Modules] Streaming discord_krisp@1 to /home/mailerdaemon/.config/discordcanary/0.0.809/modules/pending/discord_krisp-1.zip: 27%
11/18/2025, 9:51:01 AM PST [Modules] Streaming discord_krisp@1 to /home/mailerdaemon/.config/discordcanary/0.0.809/modules/pending/discord_krisp-1.zip: 28%
11/18/2025, 9:51:01 AM PST [Modules] Streaming discord_krisp@1 to /home/mailerdaemon/.config/discordcanary/0.0.809/modules/pending/discord_krisp-1.zip: 29%
11/18/2025, 9:51:01 AM PST [Modules] Streaming discord_krisp@1 to /home/mailerdaemon/.config/discordcanary/0.0.809/modules/pending/discord_krisp-1.zip: 31%
11/18/2025, 9:51:01 AM PST [Modules] Streaming discord_krisp@1 to /home/mailerdaemon/.config/discordcanary/0.0.809/modules/pending/discord_krisp-1.zip: 32%
11/18/2025, 9:51:01 AM PST [Modules] Streaming discord_krisp@1 to /home/mailerdaemon/.config/discordcanary/0.0.809/modules/pending/discord_krisp-1.zip: 33%
11/18/2025, 9:51:01 AM PST [Modules] Streaming discord_krisp@1 to /home/mailerdaemon/.config/discordcanary/0.0.809/modules/pending/discord_krisp-1.zip: 34%
11/18/2025, 9:51:01 AM PST [Modules] Streaming discord_krisp@1 to /home/mailerdaemon/.config/discordcanary/0.0.809/modules/pending/discord_krisp-1.zip: 35%
11/18/2025, 9:51:01 AM PST [Modules] Streaming discord_krisp@1 to /home/mailerdaemon/.config/discordcanary/0.0.809/modules/pending/discord_krisp-1.zip: 36%
11/18/2025, 9:51:01 AM PST [Modules] Streaming discord_krisp@1 to /home/mailerdaemon/.config/discordcanary/0.0.809/modules/pending/discord_krisp-1.zip: 37%
11/18/2025, 9:51:01 AM PST [Modules] Streaming discord_krisp@1 to /home/mailerdaemon/.config/discordcanary/0.0.809/modules/pending/discord_krisp-1.zip: 38%
11/18/2025, 9:51:01 AM PST [Modules] Streaming discord_krisp@1 to /home/mailerdaemon/.config/discordcanary/0.0.809/modules/pending/discord_krisp-1.zip: 39%
11/18/2025, 9:51:01 AM PST [Modules] Streaming discord_krisp@1 to /home/mailerdaemon/.config/discordcanary/0.0.809/modules/pending/discord_krisp-1.zip: 40%
11/18/2025, 9:51:02 AM PST [Modules] Streaming discord_krisp@1 to /home/mailerdaemon/.config/discordcanary/0.0.809/modules/pending/discord_krisp-1.zip: 41%
11/18/2025, 9:51:02 AM PST [Modules] Streaming discord_krisp@1 to /home/mailerdaemon/.config/discordcanary/0.0.809/modules/pending/discord_krisp-1.zip: 42%
11/18/2025, 9:51:02 AM PST [Modules] Streaming discord_krisp@1 to /home/mailerdaemon/.config/discordcanary/0.0.809/modules/pending/discord_krisp-1.zip: 43%
11/18/2025, 9:51:02 AM PST [Modules] Streaming discord_krisp@1 to /home/mailerdaemon/.config/discordcanary/0.0.809/modules/pending/discord_krisp-1.zip: 44%
11/18/2025, 9:51:02 AM PST [Modules] Streaming discord_krisp@1 to /home/mailerdaemon/.config/discordcanary/0.0.809/modules/pending/discord_krisp-1.zip: 45%
11/18/2025, 9:51:02 AM PST [Modules] Streaming discord_krisp@1 to /home/mailerdaemon/.config/discordcanary/0.0.809/modules/pending/discord_krisp-1.zip: 46%
11/18/2025, 9:51:02 AM PST [Modules] Streaming discord_krisp@1 to /home/mailerdaemon/.config/discordcanary/0.0.809/modules/pending/discord_krisp-1.zip: 47%
11/18/2025, 9:51:02 AM PST [Modules] Streaming discord_krisp@1 to /home/mailerdaemon/.config/discordcanary/0.0.809/modules/pending/discord_krisp-1.zip: 48%
11/18/2025, 9:51:02 AM PST [Modules] Streaming discord_krisp@1 to /home/mailerdaemon/.config/discordcanary/0.0.809/modules/pending/discord_krisp-1.zip: 49%
11/18/2025, 9:51:02 AM PST [Modules] Streaming discord_krisp@1 to /home/mailerdaemon/.config/discordcanary/0.0.809/modules/pending/discord_krisp-1.zip: 50%
11/18/2025, 9:51:02 AM PST [Modules] Streaming discord_krisp@1 to /home/mailerdaemon/.config/discordcanary/0.0.809/modules/pending/discord_krisp-1.zip: 51%
11/18/2025, 9:51:02 AM PST [Modules] Streaming discord_krisp@1 to /home/mailerdaemon/.config/discordcanary/0.0.809/modules/pending/discord_krisp-1.zip: 52%
11/18/2025, 9:51:02 AM PST [Modules] Streaming discord_krisp@1 to /home/mailerdaemon/.config/discordcanary/0.0.809/modules/pending/discord_krisp-1.zip: 53%
11/18/2025, 9:51:02 AM PST [Modules] Streaming discord_krisp@1 to /home/mailerdaemon/.config/discordcanary/0.0.809/modules/pending/discord_krisp-1.zip: 54%
11/18/2025, 9:51:02 AM PST [Modules] Streaming discord_krisp@1 to /home/mailerdaemon/.config/discordcanary/0.0.809/modules/pending/discord_krisp-1.zip: 55%
11/18/2025, 9:51:02 AM PST [Modules] Streaming discord_krisp@1 to /home/mailerdaemon/.config/discordcanary/0.0.809/modules/pending/discord_krisp-1.zip: 56%
11/18/2025, 9:51:02 AM PST [Modules] Streaming discord_krisp@1 to /home/mailerdaemon/.config/discordcanary/0.0.809/modules/pending/discord_krisp-1.zip: 57%
11/18/2025, 9:51:02 AM PST [Modules] Streaming discord_krisp@1 to /home/mailerdaemon/.config/discordcanary/0.0.809/modules/pending/discord_krisp-1.zip: 58%
11/18/2025, 9:51:02 AM PST [Modules] Streaming discord_krisp@1 to /home/mailerdaemon/.config/discordcanary/0.0.809/modules/pending/discord_krisp-1.zip: 59%
11/18/2025, 9:51:02 AM PST [Modules] Streaming discord_krisp@1 to /home/mailerdaemon/.config/discordcanary/0.0.809/modules/pending/discord_krisp-1.zip: 60%
11/18/2025, 9:51:02 AM PST [Modules] Streaming discord_krisp@1 to /home/mailerdaemon/.config/discordcanary/0.0.809/modules/pending/discord_krisp-1.zip: 61%
11/18/2025, 9:51:03 AM PST [Modules] Streaming discord_krisp@1 to /home/mailerdaemon/.config/discordcanary/0.0.809/modules/pending/discord_krisp-1.zip: 62%
11/18/2025, 9:51:03 AM PST [Modules] Streaming discord_krisp@1 to /home/mailerdaemon/.config/discordcanary/0.0.809/modules/pending/discord_krisp-1.zip: 63%
11/18/2025, 9:51:03 AM PST [Modules] Streaming discord_krisp@1 to /home/mailerdaemon/.config/discordcanary/0.0.809/modules/pending/discord_krisp-1.zip: 64%
11/18/2025, 9:51:03 AM PST [Modules] Streaming discord_krisp@1 to /home/mailerdaemon/.config/discordcanary/0.0.809/modules/pending/discord_krisp-1.zip: 65%
11/18/2025, 9:51:03 AM PST [Modules] Streaming discord_krisp@1 to /home/mailerdaemon/.config/discordcanary/0.0.809/modules/pending/discord_krisp-1.zip: 66%
11/18/2025, 9:51:03 AM PST [Modules] Streaming discord_krisp@1 to /home/mailerdaemon/.config/discordcanary/0.0.809/modules/pending/discord_krisp-1.zip: 67%
11/18/2025, 9:51:03 AM PST [Modules] Streaming discord_krisp@1 to /home/mailerdaemon/.config/discordcanary/0.0.809/modules/pending/discord_krisp-1.zip: 68%
11/18/2025, 9:51:03 AM PST [Modules] Streaming discord_krisp@1 to /home/mailerdaemon/.config/discordcanary/0.0.809/modules/pending/discord_krisp-1.zip: 69%
11/18/2025, 9:51:03 AM PST [Modules] Streaming discord_krisp@1 to /home/mailerdaemon/.config/discordcanary/0.0.809/modules/pending/discord_krisp-1.zip: 70%
11/18/2025, 9:51:03 AM PST [Modules] Streaming discord_krisp@1 to /home/mailerdaemon/.config/discordcanary/0.0.809/modules/pending/discord_krisp-1.zip: 71%
11/18/2025, 9:51:03 AM PST [Modules] Streaming discord_krisp@1 to /home/mailerdaemon/.config/discordcanary/0.0.809/modules/pending/discord_krisp-1.zip: 72%
11/18/2025, 9:51:03 AM PST [Modules] Streaming discord_krisp@1 to /home/mailerdaemon/.config/discordcanary/0.0.809/modules/pending/discord_krisp-1.zip: 73%
11/18/2025, 9:51:03 AM PST [Modules] Streaming discord_krisp@1 to /home/mailerdaemon/.config/discordcanary/0.0.809/modules/pending/discord_krisp-1.zip: 74%
11/18/2025, 9:51:03 AM PST [Modules] Streaming discord_krisp@1 to /home/mailerdaemon/.config/discordcanary/0.0.809/modules/pending/discord_krisp-1.zip: 75%
11/18/2025, 9:51:03 AM PST [Modules] Streaming discord_krisp@1 to /home/mailerdaemon/.config/discordcanary/0.0.809/modules/pending/discord_krisp-1.zip: 76%
11/18/2025, 9:51:03 AM PST [Modules] Streaming discord_krisp@1 to /home/mailerdaemon/.config/discordcanary/0.0.809/modules/pending/discord_krisp-1.zip: 77%
11/18/2025, 9:51:03 AM PST [Modules] Streaming discord_krisp@1 to /home/mailerdaemon/.config/discordcanary/0.0.809/modules/pending/discord_krisp-1.zip: 78%
11/18/2025, 9:51:03 AM PST [Modules] Streaming discord_krisp@1 to /home/mailerdaemon/.config/discordcanary/0.0.809/modules/pending/discord_krisp-1.zip: 79%
11/18/2025, 9:51:03 AM PST [Modules] Streaming discord_krisp@1 to /home/mailerdaemon/.config/discordcanary/0.0.809/modules/pending/discord_krisp-1.zip: 80%
11/18/2025, 9:51:03 AM PST [Modules] Streaming discord_krisp@1 to /home/mailerdaemon/.config/discordcanary/0.0.809/modules/pending/discord_krisp-1.zip: 81%
11/18/2025, 9:51:03 AM PST [Modules] Streaming discord_krisp@1 to /home/mailerdaemon/.config/discordcanary/0.0.809/modules/pending/discord_krisp-1.zip: 82%
11/18/2025, 9:51:03 AM PST [Modules] Streaming discord_krisp@1 to /home/mailerdaemon/.config/discordcanary/0.0.809/modules/pending/discord_krisp-1.zip: 83%
11/18/2025, 9:51:03 AM PST [Modules] Streaming discord_krisp@1 to /home/mailerdaemon/.config/discordcanary/0.0.809/modules/pending/discord_krisp-1.zip: 84%
11/18/2025, 9:51:03 AM PST [Modules] Streaming discord_krisp@1 to /home/mailerdaemon/.config/discordcanary/0.0.809/modules/pending/discord_krisp-1.zip: 85%
11/18/2025, 9:51:03 AM PST [Modules] Streaming discord_krisp@1 to /home/mailerdaemon/.config/discordcanary/0.0.809/modules/pending/discord_krisp-1.zip: 86%
11/18/2025, 9:51:03 AM PST [Modules] Streaming discord_krisp@1 to /home/mailerdaemon/.config/discordcanary/0.0.809/modules/pending/discord_krisp-1.zip: 87%
11/18/2025, 9:51:03 AM PST [Modules] Streaming discord_krisp@1 to /home/mailerdaemon/.config/discordcanary/0.0.809/modules/pending/discord_krisp-1.zip: 88%
11/18/2025, 9:51:03 AM PST [Modules] Starting to install discord_rpc...
11/18/2025, 9:51:03 AM PST [Modules] Streaming discord_krisp@1 to /home/mailerdaemon/.config/discordcanary/0.0.809/modules/pending/discord_krisp-1.zip: 89%
11/18/2025, 9:51:03 AM PST [Modules] Streaming discord_krisp@1 to /home/mailerdaemon/.config/discordcanary/0.0.809/modules/pending/discord_krisp-1.zip: 90%
11/18/2025, 9:51:03 AM PST [Modules] Streaming discord_krisp@1 to /home/mailerdaemon/.config/discordcanary/0.0.809/modules/pending/discord_krisp-1.zip: 91%
11/18/2025, 9:51:03 AM PST [Modules] Streaming discord_krisp@1 to /home/mailerdaemon/.config/discordcanary/0.0.809/modules/pending/discord_krisp-1.zip: 92%
11/18/2025, 9:51:03 AM PST [Modules] Streaming discord_krisp@1 to /home/mailerdaemon/.config/discordcanary/0.0.809/modules/pending/discord_krisp-1.zip: 94%
11/18/2025, 9:51:03 AM PST [Modules] Streaming discord_krisp@1 to /home/mailerdaemon/.config/discordcanary/0.0.809/modules/pending/discord_krisp-1.zip: 95%
11/18/2025, 9:51:03 AM PST [Modules] Streaming discord_krisp@1 to /home/mailerdaemon/.config/discordcanary/0.0.809/modules/pending/discord_krisp-1.zip: 96%
11/18/2025, 9:51:03 AM PST [Modules] Streaming discord_krisp@1 to /home/mailerdaemon/.config/discordcanary/0.0.809/modules/pending/discord_krisp-1.zip: 97%
11/18/2025, 9:51:03 AM PST [Modules] Streaming discord_krisp@1 to /home/mailerdaemon/.config/discordcanary/0.0.809/modules/pending/discord_krisp-1.zip: 98%
11/18/2025, 9:51:03 AM PST [Modules] Streaming discord_krisp@1 to /home/mailerdaemon/.config/discordcanary/0.0.809/modules/pending/discord_krisp-1.zip: 99%
11/18/2025, 9:51:03 AM PST [Modules] Streaming discord_krisp@1 to /home/mailerdaemon/.config/discordcanary/0.0.809/modules/pending/discord_krisp-1.zip: 100%
11/18/2025, 9:51:03 AM PST [Modules] Fetching discord_game_utils@1 from https://discord.com/api/modules/canary/discord_game_utils/1
11/18/2025, 9:51:03 AM PST [Modules] Streaming discord_game_utils@1 to /home/mailerdaemon/.config/discordcanary/0.0.809/modules/pending/discord_game_utils-1.zip
11/18/2025, 9:51:03 AM PST [Modules] Installing discord_krisp@1 from /home/mailerdaemon/.config/discordcanary/0.0.809/modules/pending/discord_krisp-1.zip
11/18/2025, 9:51:03 AM PST [Modules] Streaming discord_game_utils@1 to /home/mailerdaemon/.config/discordcanary/0.0.809/modules/pending/discord_game_utils-1.zip: 1%
11/18/2025, 9:51:03 AM PST [Modules] Streaming discord_game_utils@1 to /home/mailerdaemon/.config/discordcanary/0.0.809/modules/pending/discord_game_utils-1.zip: 2%
11/18/2025, 9:51:03 AM PST [Modules] Streaming discord_game_utils@1 to /home/mailerdaemon/.config/discordcanary/0.0.809/modules/pending/discord_game_utils-1.zip: 4%
11/18/2025, 9:51:04 AM PST [Modules] Streaming discord_game_utils@1 to /home/mailerdaemon/.config/discordcanary/0.0.809/modules/pending/discord_game_utils-1.zip: 7%
11/18/2025, 9:51:04 AM PST [Modules] Streaming discord_game_utils@1 to /home/mailerdaemon/.config/discordcanary/0.0.809/modules/pending/discord_game_utils-1.zip: 9%
11/18/2025, 9:51:04 AM PST [Modules] Streaming discord_game_utils@1 to /home/mailerdaemon/.config/discordcanary/0.0.809/modules/pending/discord_game_utils-1.zip: 13%
11/18/2025, 9:51:04 AM PST [Modules] Streaming discord_game_utils@1 to /home/mailerdaemon/.config/discordcanary/0.0.809/modules/pending/discord_game_utils-1.zip: 15%
11/18/2025, 9:51:04 AM PST [Modules] Streaming discord_game_utils@1 to /home/mailerdaemon/.config/discordcanary/0.0.809/modules/pending/discord_game_utils-1.zip: 16%
11/18/2025, 9:51:04 AM PST [Modules] Streaming discord_game_utils@1 to /home/mailerdaemon/.config/discordcanary/0.0.809/modules/pending/discord_game_utils-1.zip: 18%
11/18/2025, 9:51:04 AM PST [Modules] Streaming discord_game_utils@1 to /home/mailerdaemon/.config/discordcanary/0.0.809/modules/pending/discord_game_utils-1.zip: 19%
11/18/2025, 9:51:04 AM PST [Modules] Streaming discord_game_utils@1 to /home/mailerdaemon/.config/discordcanary/0.0.809/modules/pending/discord_game_utils-1.zip: 25%
11/18/2025, 9:51:04 AM PST [Modules] Streaming discord_game_utils@1 to /home/mailerdaemon/.config/discordcanary/0.0.809/modules/pending/discord_game_utils-1.zip: 26%
11/18/2025, 9:51:04 AM PST [Modules] Streaming discord_game_utils@1 to /home/mailerdaemon/.config/discordcanary/0.0.809/modules/pending/discord_game_utils-1.zip: 33%
11/18/2025, 9:51:04 AM PST [Modules] Streaming discord_game_utils@1 to /home/mailerdaemon/.config/discordcanary/0.0.809/modules/pending/discord_game_utils-1.zip: 34%
11/18/2025, 9:51:04 AM PST [Modules] Streaming discord_game_utils@1 to /home/mailerdaemon/.config/discordcanary/0.0.809/modules/pending/discord_game_utils-1.zip: 35%
11/18/2025, 9:51:04 AM PST [Modules] Streaming discord_game_utils@1 to /home/mailerdaemon/.config/discordcanary/0.0.809/modules/pending/discord_game_utils-1.zip: 38%
11/18/2025, 9:51:04 AM PST [Modules] Streaming discord_game_utils@1 to /home/mailerdaemon/.config/discordcanary/0.0.809/modules/pending/discord_game_utils-1.zip: 40%
11/18/2025, 9:51:04 AM PST [Modules] Streaming discord_game_utils@1 to /home/mailerdaemon/.config/discordcanary/0.0.809/modules/pending/discord_game_utils-1.zip: 42%
11/18/2025, 9:51:04 AM PST [Modules] Streaming discord_game_utils@1 to /home/mailerdaemon/.config/discordcanary/0.0.809/modules/pending/discord_game_utils-1.zip: 45%
11/18/2025, 9:51:04 AM PST [Modules] Streaming discord_game_utils@1 to /home/mailerdaemon/.config/discordcanary/0.0.809/modules/pending/discord_game_utils-1.zip: 47%
11/18/2025, 9:51:04 AM PST [Modules] Streaming discord_game_utils@1 to /home/mailerdaemon/.config/discordcanary/0.0.809/modules/pending/discord_game_utils-1.zip: 49%
11/18/2025, 9:51:04 AM PST [Modules] Streaming discord_game_utils@1 to /home/mailerdaemon/.config/discordcanary/0.0.809/modules/pending/discord_game_utils-1.zip: 51%
11/18/2025, 9:51:04 AM PST [Modules] Streaming discord_game_utils@1 to /home/mailerdaemon/.config/discordcanary/0.0.809/modules/pending/discord_game_utils-1.zip: 54%
11/18/2025, 9:51:04 AM PST [Modules] Streaming discord_game_utils@1 to /home/mailerdaemon/.config/discordcanary/0.0.809/modules/pending/discord_game_utils-1.zip: 57%
11/18/2025, 9:51:04 AM PST [Modules] Streaming discord_game_utils@1 to /home/mailerdaemon/.config/discordcanary/0.0.809/modules/pending/discord_game_utils-1.zip: 60%
11/18/2025, 9:51:04 AM PST [Modules] Streaming discord_game_utils@1 to /home/mailerdaemon/.config/discordcanary/0.0.809/modules/pending/discord_game_utils-1.zip: 63%
11/18/2025, 9:51:04 AM PST [Modules] Streaming discord_game_utils@1 to /home/mailerdaemon/.config/discordcanary/0.0.809/modules/pending/discord_game_utils-1.zip: 71%
11/18/2025, 9:51:04 AM PST [Modules] Streaming discord_game_utils@1 to /home/mailerdaemon/.config/discordcanary/0.0.809/modules/pending/discord_game_utils-1.zip: 82%
11/18/2025, 9:51:04 AM PST [Modules] Streaming discord_game_utils@1 to /home/mailerdaemon/.config/discordcanary/0.0.809/modules/pending/discord_game_utils-1.zip: 86%
11/18/2025, 9:51:04 AM PST [Modules] Streaming discord_game_utils@1 to /home/mailerdaemon/.config/discordcanary/0.0.809/modules/pending/discord_game_utils-1.zip: 88%
11/18/2025, 9:51:04 AM PST [Modules] Streaming discord_game_utils@1 to /home/mailerdaemon/.config/discordcanary/0.0.809/modules/pending/discord_game_utils-1.zip: 90%
11/18/2025, 9:51:04 AM PST [Modules] Streaming discord_game_utils@1 to /home/mailerdaemon/.config/discordcanary/0.0.809/modules/pending/discord_game_utils-1.zip: 91%
11/18/2025, 9:51:04 AM PST [Modules] Streaming discord_game_utils@1 to /home/mailerdaemon/.config/discordcanary/0.0.809/modules/pending/discord_game_utils-1.zip: 94%
11/18/2025, 9:51:04 AM PST [Modules] Streaming discord_game_utils@1 to /home/mailerdaemon/.config/discordcanary/0.0.809/modules/pending/discord_game_utils-1.zip: 98%
11/18/2025, 9:51:04 AM PST [Modules] Streaming discord_game_utils@1 to /home/mailerdaemon/.config/discordcanary/0.0.809/modules/pending/discord_game_utils-1.zip: 99%
11/18/2025, 9:51:04 AM PST [Modules] Streaming discord_game_utils@1 to /home/mailerdaemon/.config/discordcanary/0.0.809/modules/pending/discord_game_utils-1.zip: 100%
11/18/2025, 9:51:04 AM PST [Modules] Fetching discord_rpc@1 from https://discord.com/api/modules/canary/discord_rpc/1
11/18/2025, 9:51:04 AM PST [Modules] Streaming discord_rpc@1 to /home/mailerdaemon/.config/discordcanary/0.0.809/modules/pending/discord_rpc-1.zip
11/18/2025, 9:51:04 AM PST [Modules] Streaming discord_rpc@1 to /home/mailerdaemon/.config/discordcanary/0.0.809/modules/pending/discord_rpc-1.zip: 100%
11/18/2025, 9:51:04 AM PST [Modules] Finished module downloads. [success: 3] [failure: 0]
11/18/2025, 9:51:06 AM PST [Modules] Installing discord_game_utils@1 from /home/mailerdaemon/.config/discordcanary/0.0.809/modules/pending/discord_game_utils-1.zip
11/18/2025, 9:51:06 AM PST [Modules] Installing discord_rpc@1 from /home/mailerdaemon/.config/discordcanary/0.0.809/modules/pending/discord_rpc-1.zip
11/18/2025, 9:51:06 AM PST [Modules] Finished module installations. [success: 3] [failure: 0]
11/18/2025, 9:51:19 AM PST [Modules] Checking for host updates.
11/18/2025, 9:51:19 AM PST [Modules] Host is up to date.
11/18/2025, 9:51:19 AM PST [Modules] Checking for module updates at https://discord.com/api/modules/canary/versions.json
11/18/2025, 9:51:20 AM PST [Modules] No module updates available.
11/19/2025, 12:55:26 AM PST [Modules] Checking for host updates.
11/19/2025, 12:55:26 AM PST [Modules] Host update is available. Manual update required!
