2025-11-28 02:05:31.417 [info] [main] Log level: Info
2025-11-28 02:05:31.417 [info] [main] Validating found git in: "git"
2025-11-28 02:05:31.417 [info] [main] Using git "2.51.2" from "git"
2025-11-28 02:05:31.417 [info] [Model][doInitialScan] Initial repository scan started
2025-11-28 02:05:31.417 [info] > git rev-parse --show-toplevel [70ms]
2025-11-28 02:05:31.417 [info] fatal: not a git repository (or any of the parent directories): .git
2025-11-28 02:05:31.417 [info] > git rev-parse --show-toplevel [8ms]
2025-11-28 02:05:31.417 [info] fatal: not a git repository (or any of the parent directories): .git
2025-11-28 02:05:31.417 [info] > git rev-parse --show-toplevel [7ms]
2025-11-28 02:05:31.417 [info] fatal: not a git repository (or any of the parent directories): .git
2025-11-28 02:05:31.417 [info] > git rev-parse --show-toplevel [6ms]
2025-11-28 02:05:31.417 [info] fatal: not a git repository (or any of the parent directories): .git
2025-11-28 02:05:31.417 [info] > git rev-parse --show-toplevel [69ms]
2025-11-28 02:05:31.417 [info] fatal: not a git repository (or any of the parent directories): .git
2025-11-28 02:05:31.417 [info] [Model][doInitialScan] Initial repository scan completed - repositories (0), closed repositories (0), parent repositories (0), unsafe repositories (0)
2025-11-28 02:05:40.112 [info] > git rev-parse --show-toplevel [731ms]
2025-11-28 02:05:40.112 [info] fatal: not a git repository (or any of the parent directories): .git
2025-11-28 02:05:46.799 [info] > git rev-parse --show-toplevel [3ms]
2025-11-28 02:05:46.799 [info] fatal: not a git repository (or any of the parent directories): .git
2025-11-28 02:05:49.858 [info] > git rev-parse --show-toplevel [13ms]
2025-11-28 02:05:49.859 [info] fatal: not a git repository (or any of the parent directories): .git
2025-11-28 02:05:50.832 [info] > git rev-parse --show-toplevel [1ms]
2025-11-28 02:05:50.832 [info] fatal: not a git repository (or any of the parent directories): .git
2025-11-28 02:09:16.101 [info] > git rev-parse --show-toplevel [65ms]
2025-11-28 02:09:16.101 [info] fatal: not a git repository (or any of the parent directories): .git
2025-11-28 02:23:48.955 [info] > git rev-parse --show-toplevel [17ms]
2025-11-28 02:23:48.956 [info] fatal: not a git repository (or any of the parent directories): .git
2025-11-28 02:24:04.095 [info] > git rev-parse --show-toplevel [10ms]
2025-11-28 02:24:04.095 [info] fatal: not a git repository (or any of the parent directories): .git
