2025-12-03 03:26:12.946 [info] Reading sessions from keychain...
2025-12-03 03:26:12.946 [info] Getting sessions for all scopes...
2025-12-03 03:26:14.196 [info] Got stored sessions!
2025-12-03 03:26:14.196 [info] Got 1 verified sessions.
2025-12-03 03:26:14.197 [info] Got 1 sessions for ...
2025-12-03 03:26:14.198 [info] Getting sessions for all scopes...
2025-12-03 03:26:14.198 [info] Got 1 sessions for ...
2025-12-03 03:26:14.200 [info] Getting sessions for all scopes...
2025-12-03 03:26:14.200 [info] Got 1 sessions for ...
2025-12-03 03:26:14.200 [info] Getting sessions for all scopes...
2025-12-03 03:26:14.200 [info] Got 1 sessions for ...
2025-12-03 03:26:14.201 [info] Getting sessions for all scopes...
2025-12-03 03:26:14.201 [info] Got 1 sessions for ...
2025-12-03 03:26:14.201 [info] Getting sessions for all scopes...
2025-12-03 03:26:14.201 [info] Got 1 sessions for ...
2025-12-03 03:26:14.201 [info] Getting sessions for all scopes...
2025-12-03 03:26:14.201 [info] Got 1 sessions for ...
2025-12-03 03:26:14.202 [info] Getting sessions for all scopes...
2025-12-03 03:26:14.202 [info] Got 1 sessions for ...
2025-12-03 03:26:14.202 [info] Getting sessions for all scopes...
2025-12-03 03:26:14.203 [info] Got 1 sessions for ...
2025-12-03 03:26:14.203 [info] Getting sessions for all scopes...
2025-12-03 03:26:14.204 [info] Got 1 sessions for ...
2025-12-03 03:26:14.204 [info] Getting sessions for all scopes...
2025-12-03 03:26:14.204 [info] Got 1 sessions for ...
2025-12-03 03:26:14.206 [info] Getting sessions for all scopes...
2025-12-03 03:26:14.206 [info] Got 1 sessions for ...
2025-12-03 03:26:14.209 [info] Getting sessions for all scopes...
2025-12-03 03:26:14.209 [info] Got 1 sessions for ...
2025-12-03 03:26:14.449 [info] Getting sessions for all scopes...
2025-12-03 03:26:14.449 [info] Got 1 sessions for ...
2025-12-03 03:26:14.660 [info] Getting sessions for all scopes...
2025-12-03 03:26:14.660 [info] Got 1 sessions for ...
2025-12-03 03:26:14.661 [info] Getting sessions for all scopes...
2025-12-03 03:26:14.661 [info] Got 1 sessions for ...
2025-12-03 03:26:14.662 [info] Getting sessions for all scopes...
2025-12-03 03:26:14.662 [info] Got 1 sessions for ...
2025-12-03 03:26:14.662 [info] Getting sessions for all scopes...
2025-12-03 03:26:14.662 [info] Got 1 sessions for ...
2025-12-03 03:26:14.663 [info] Getting sessions for all scopes...
2025-12-03 03:26:14.663 [info] Got 1 sessions for ...
2025-12-03 03:26:15.640 [info] Getting sessions for read:user,repo,user:email,workflow...
2025-12-03 03:26:15.640 [info] Got 0 sessions for read:user,repo,user:email,workflow...
2025-12-03 03:26:20.638 [info] FetcherService: Electron fetch failed with status: 429 
2025-12-03 03:26:23.855 [info] Getting sessions for user:email...
2025-12-03 03:26:23.856 [info] Got 1 sessions for user:email...
2025-12-03 03:26:23.857 [info] Getting sessions for read:user,repo,user:email,workflow...
2025-12-03 03:26:23.857 [info] Got 0 sessions for read:user,repo,user:email,workflow...
2025-12-03 03:26:23.956 [info] Getting sessions for all scopes...
2025-12-03 03:26:23.956 [info] Got 1 sessions for ...
2025-12-03 03:26:24.001 [info] Getting sessions for all scopes...
2025-12-03 03:26:24.001 [info] Got 1 sessions for ...
2025-12-03 03:26:25.735 [info] Getting sessions for read:user,repo,user:email,workflow...
2025-12-03 03:26:25.735 [info] Got 0 sessions for read:user,repo,user:email,workflow...
2025-12-03 03:26:25.811 [info] Getting sessions for all scopes...
2025-12-03 03:26:25.811 [info] Got 1 sessions for ...
2025-12-03 03:26:25.846 [info] Getting sessions for read:user,repo,user:email,workflow...
2025-12-03 03:26:25.846 [info] Got 0 sessions for read:user,repo,user:email,workflow...
2025-12-03 03:26:25.847 [info] Getting sessions for all scopes...
2025-12-03 03:26:25.847 [info] Got 1 sessions for ...
2025-12-03 03:26:25.847 [info] Getting sessions for read:user,repo,user:email,workflow...
2025-12-03 03:26:25.847 [info] Got 0 sessions for read:user,repo,user:email,workflow...
2025-12-03 03:26:26.019 [info] Getting sessions for user:email...
2025-12-03 03:26:26.019 [info] Got 1 sessions for user:email...
2025-12-03 03:26:26.401 [info] FetcherService: Node fetch failed with status: 429 Too Many Requests
2025-12-03 03:26:26.498 [info] Getting sessions for read:user...
2025-12-03 03:26:26.498 [info] Got 0 sessions for read:user...
2025-12-03 03:26:26.824 [info] Getting sessions for user:email...
2025-12-03 03:26:26.824 [info] Got 1 sessions for user:email...
2025-12-03 03:26:27.126 [info] Getting sessions for all scopes...
2025-12-03 03:26:27.126 [info] Got 1 sessions for ...
2025-12-03 03:26:27.127 [info] Getting sessions for all scopes...
2025-12-03 03:26:27.127 [info] Got 1 sessions for ...
2025-12-03 03:26:27.132 [info] Getting sessions for read:user,repo,user:email,workflow...
2025-12-03 03:26:27.132 [info] Got 0 sessions for read:user,repo,user:email,workflow...
2025-12-03 03:26:27.136 [info] Getting sessions for user:email...
2025-12-03 03:26:27.136 [info] Got 1 sessions for user:email...
2025-12-03 03:26:27.137 [info] Getting sessions for read:user,repo,user:email,workflow...
2025-12-03 03:26:27.137 [info] Got 0 sessions for read:user,repo,user:email,workflow...
2025-12-03 03:26:27.244 [info] FetcherService: Node http/s failed with status: 429 Too Many Requests
2025-12-03 03:26:27.293 [info] Getting sessions for all scopes...
2025-12-03 03:26:27.293 [info] Got 1 sessions for ...
2025-12-03 03:26:27.295 [info] Getting sessions for all scopes...
2025-12-03 03:26:27.295 [info] Got 1 sessions for ...
2025-12-03 03:26:27.297 [info] Getting sessions for all scopes...
2025-12-03 03:26:27.297 [info] Got 1 sessions for ...
2025-12-03 03:26:27.300 [info] Getting sessions for all scopes...
2025-12-03 03:26:27.300 [info] Got 1 sessions for ...
2025-12-03 03:26:27.318 [info] Getting sessions for read:user,repo,user:email,workflow...
2025-12-03 03:26:27.318 [info] Got 0 sessions for read:user,repo,user:email,workflow...
2025-12-03 03:26:27.326 [info] Getting sessions for user:email...
2025-12-03 03:26:27.327 [info] Got 1 sessions for user:email...
2025-12-03 03:26:27.327 [info] Getting sessions for read:user,repo,user:email,workflow...
2025-12-03 03:26:27.327 [info] Got 0 sessions for read:user,repo,user:email,workflow...
2025-12-03 03:26:27.331 [info] Getting sessions for all scopes...
2025-12-03 03:26:27.331 [info] Got 1 sessions for ...
2025-12-03 03:26:27.333 [info] Getting sessions for read:user,repo,user:email,workflow...
2025-12-03 03:26:27.333 [info] Got 0 sessions for read:user,repo,user:email,workflow...
2025-12-03 03:26:27.334 [info] Getting sessions for user:email...
2025-12-03 03:26:27.334 [info] Got 1 sessions for user:email...
2025-12-03 03:26:29.018 [info] Getting sessions for all scopes...
2025-12-03 03:26:29.018 [info] Got 1 sessions for ...
