2025-11-28 02:05:29.923 [info] Reading sessions from keychain...
2025-11-28 02:05:29.923 [info] Getting sessions for all scopes...
2025-11-28 02:05:29.923 [info] Got stored sessions!
2025-11-28 02:05:29.923 [info] Got 1 verified sessions.
2025-11-28 02:05:29.923 [info] Got 1 sessions for ...
2025-11-28 02:05:29.923 [info] Getting sessions for all scopes...
2025-11-28 02:05:29.923 [info] Got 1 sessions for ...
2025-11-28 02:05:29.923 [info] Getting sessions for all scopes...
2025-11-28 02:05:29.923 [info] Got 1 sessions for ...
2025-11-28 02:05:29.923 [info] Getting sessions for all scopes...
2025-11-28 02:05:29.923 [info] Got 1 sessions for ...
2025-11-28 02:05:29.923 [info] Getting sessions for all scopes...
2025-11-28 02:05:29.923 [info] Got 1 sessions for ...
2025-11-28 02:05:29.923 [info] Getting sessions for all scopes...
2025-11-28 02:05:29.923 [info] Got 1 sessions for ...
2025-11-28 02:05:29.923 [info] Getting sessions for all scopes...
2025-11-28 02:05:29.923 [info] Got 1 sessions for ...
2025-11-28 02:05:30.243 [info] Getting sessions for all scopes...
2025-11-28 02:05:30.244 [info] Got 1 sessions for ...
2025-11-28 02:05:30.245 [info] Getting sessions for all scopes...
2025-11-28 02:05:30.245 [info] Got 1 sessions for ...
2025-11-28 02:05:30.246 [info] Getting sessions for all scopes...
2025-11-28 02:05:30.246 [info] Got 1 sessions for ...
2025-11-28 02:05:30.248 [info] Getting sessions for all scopes...
2025-11-28 02:05:30.248 [info] Got 1 sessions for ...
2025-11-28 02:05:30.249 [info] Getting sessions for all scopes...
2025-11-28 02:05:30.249 [info] Got 1 sessions for ...
2025-11-28 02:05:30.250 [info] Getting sessions for all scopes...
2025-11-28 02:05:30.250 [info] Got 1 sessions for ...
2025-11-28 02:05:30.692 [info] Getting sessions for all scopes...
2025-11-28 02:05:30.692 [info] Got 1 sessions for ...
2025-11-28 02:05:31.867 [info] FetcherService: Electron fetch failed with status: 429 
2025-11-28 02:05:40.114 [info] Getting sessions for all scopes...
2025-11-28 02:05:40.114 [info] Got 1 sessions for ...
2025-11-28 02:05:40.114 [info] Getting sessions for all scopes...
2025-11-28 02:05:40.114 [info] Got 1 sessions for ...
2025-11-28 02:05:40.486 [info] Getting sessions for read:user,repo,user:email,workflow...
2025-11-28 02:05:40.486 [info] Got 0 sessions for read:user,repo,user:email,workflow...
2025-11-28 02:05:41.097 [info] Getting sessions for all scopes...
2025-11-28 02:05:41.097 [info] Got 1 sessions for ...
2025-11-28 02:05:41.119 [info] FetcherService: Node fetch failed with status: 429 Too Many Requests
2025-11-28 02:05:41.184 [info] Getting sessions for all scopes...
2025-11-28 02:05:41.185 [info] Got 1 sessions for ...
2025-11-28 02:05:41.193 [info] Getting sessions for read:user,repo,user:email,workflow...
2025-11-28 02:05:41.193 [info] Got 0 sessions for read:user,repo,user:email,workflow...
2025-11-28 02:05:41.193 [info] Getting sessions for user:email...
2025-11-28 02:05:41.193 [info] Got 1 sessions for user:email...
2025-11-28 02:05:41.194 [info] Getting sessions for read:user,repo,user:email,workflow...
2025-11-28 02:05:41.194 [info] Got 0 sessions for read:user,repo,user:email,workflow...
2025-11-28 02:05:41.781 [info] Getting sessions for read:user...
2025-11-28 02:05:41.781 [info] Got 0 sessions for read:user...
2025-11-28 02:05:41.935 [info] Getting sessions for all scopes...
2025-11-28 02:05:41.935 [info] Got 1 sessions for ...
2025-11-28 02:05:41.936 [info] Getting sessions for all scopes...
2025-11-28 02:05:41.936 [info] Got 1 sessions for ...
2025-11-28 02:05:42.326 [info] Getting sessions for user:email...
2025-11-28 02:05:42.326 [info] Got 1 sessions for user:email...
2025-11-28 02:05:42.375 [info] Getting sessions for read:user,repo,user:email,workflow...
2025-11-28 02:05:42.375 [info] Got 0 sessions for read:user,repo,user:email,workflow...
2025-11-28 02:05:42.382 [info] Getting sessions for user:email...
2025-11-28 02:05:42.382 [info] Got 1 sessions for user:email...
2025-11-28 02:05:42.628 [info] FetcherService: Node http/s failed with status: 429 Too Many Requests
2025-11-28 02:05:42.641 [info] Getting sessions for read:user,repo,user:email,workflow...
2025-11-28 02:05:42.641 [info] Got 0 sessions for read:user,repo,user:email,workflow...
2025-11-28 02:05:43.067 [info] Getting sessions for all scopes...
2025-11-28 02:05:43.067 [info] Got 1 sessions for ...
2025-11-28 02:05:43.069 [info] Getting sessions for all scopes...
2025-11-28 02:05:43.069 [info] Got 1 sessions for ...
2025-11-28 02:05:43.098 [info] Getting sessions for read:user,repo,user:email,workflow...
2025-11-28 02:05:43.099 [info] Got 0 sessions for read:user,repo,user:email,workflow...
2025-11-28 02:05:43.100 [info] Getting sessions for user:email...
2025-11-28 02:05:43.100 [info] Got 1 sessions for user:email...
2025-11-28 02:05:43.100 [info] Getting sessions for read:user,repo,user:email,workflow...
2025-11-28 02:05:43.101 [info] Got 0 sessions for read:user,repo,user:email,workflow...
2025-11-28 02:05:43.225 [info] Getting sessions for all scopes...
2025-11-28 02:05:43.225 [info] Got 1 sessions for ...
2025-11-28 02:05:43.243 [info] Getting sessions for all scopes...
2025-11-28 02:05:43.243 [info] Got 1 sessions for ...
2025-11-28 02:05:43.245 [info] Getting sessions for all scopes...
2025-11-28 02:05:43.245 [info] Got 1 sessions for ...
2025-11-28 02:05:43.257 [info] Getting sessions for read:user,repo,user:email,workflow...
2025-11-28 02:05:43.257 [info] Got 0 sessions for read:user,repo,user:email,workflow...
2025-11-28 02:05:43.267 [info] Getting sessions for user:email...
2025-11-28 02:05:43.267 [info] Got 1 sessions for user:email...
2025-11-28 02:05:48.773 [info] Getting sessions for all scopes...
2025-11-28 02:05:48.773 [info] Got 1 sessions for ...
2025-11-28 02:05:50.935 [info] Getting sessions for all scopes...
2025-11-28 02:05:50.935 [info] Got 1 sessions for ...
2025-11-28 02:05:50.937 [info] Getting sessions for all scopes...
2025-11-28 02:05:50.937 [info] Got 1 sessions for ...
2025-11-28 02:05:50.945 [info] Getting sessions for all scopes...
2025-11-28 02:05:50.945 [info] Got 1 sessions for ...
2025-11-28 02:05:56.650 [info] Getting sessions for all scopes...
2025-11-28 02:05:56.650 [info] Got 1 sessions for ...
2025-11-28 02:05:56.660 [info] Getting sessions for read:user,repo,user:email,workflow...
2025-11-28 02:05:56.660 [info] Got 0 sessions for read:user,repo,user:email,workflow...
2025-11-28 02:05:56.676 [info] Getting sessions for read:user,repo,user:email,workflow...
2025-11-28 02:05:56.676 [info] Got 0 sessions for read:user,repo,user:email,workflow...
2025-11-28 02:05:56.679 [info] Getting sessions for all scopes...
2025-11-28 02:05:56.679 [info] Got 1 sessions for ...
2025-11-28 02:05:56.680 [info] Getting sessions for read:user,repo,user:email,workflow...
2025-11-28 02:05:56.680 [info] Got 0 sessions for read:user,repo,user:email,workflow...
2025-11-28 02:05:56.682 [info] Getting sessions for user:email...
2025-11-28 02:05:56.682 [info] Got 1 sessions for user:email...
2025-11-28 02:09:35.436 [info] Getting sessions for all scopes...
2025-11-28 02:09:35.436 [info] Got 1 sessions for ...
2025-11-28 02:09:35.469 [info] Getting sessions for all scopes...
2025-11-28 02:09:35.469 [info] Got 1 sessions for ...
2025-11-28 02:09:35.845 [info] Getting sessions for all scopes...
2025-11-28 02:09:35.845 [info] Got 1 sessions for ...
2025-11-28 02:09:35.849 [info] Getting sessions for all scopes...
2025-11-28 02:09:35.849 [info] Got 1 sessions for ...
2025-11-28 02:23:15.822 [info] Getting sessions for all scopes...
2025-11-28 02:23:15.822 [info] Got 1 sessions for ...
2025-11-28 02:23:15.826 [info] Getting sessions for read:user,repo,user:email,workflow...
2025-11-28 02:23:15.826 [info] Got 0 sessions for read:user,repo,user:email,workflow...
2025-11-28 02:23:15.830 [info] Getting sessions for user:email...
2025-11-28 02:23:15.830 [info] Got 1 sessions for user:email...
2025-11-28 02:23:29.461 [info] Getting sessions for all scopes...
2025-11-28 02:23:29.461 [info] Got 1 sessions for ...
2025-11-28 02:23:29.465 [info] Getting sessions for read:user,repo,user:email,workflow...
2025-11-28 02:23:29.465 [info] Got 0 sessions for read:user,repo,user:email,workflow...
2025-11-28 02:23:29.469 [info] Getting sessions for user:email...
2025-11-28 02:23:29.469 [info] Got 1 sessions for user:email...
