2025-12-03 03:26:15.718 [info] [main] Log level: Info
2025-12-03 03:26:15.718 [info] [main] Validating found git in: "git"
2025-12-03 03:26:15.718 [info] [main] Using git "2.51.2" from "git"
2025-12-03 03:26:15.718 [info] [Model][doInitialScan] Initial repository scan started
2025-12-03 03:26:15.718 [info] > git rev-parse --show-toplevel [24ms]
2025-12-03 03:26:15.718 [info] fatal: not a git repository (or any of the parent directories): .git
2025-12-03 03:26:15.718 [info] > git rev-parse --show-toplevel [7ms]
2025-12-03 03:26:15.718 [info] fatal: not a git repository (or any of the parent directories): .git
2025-12-03 03:26:15.739 [info] > git rev-parse --show-toplevel [5ms]
2025-12-03 03:26:15.739 [info] fatal: not a git repository (or any of the parent directories): .git
2025-12-03 03:26:20.813 [info] > git rev-parse --show-toplevel [332ms]
2025-12-03 03:26:20.813 [info] fatal: not a git repository (or any of the parent directories): .git
2025-12-03 03:26:23.868 [info] > git rev-parse --show-toplevel [2990ms]
2025-12-03 03:26:23.868 [info] fatal: not a git repository (or any of the parent directories): .git
2025-12-03 03:26:24.407 [info] > git rev-parse --show-toplevel [408ms]
2025-12-03 03:26:24.407 [info] fatal: not a git repository (or any of the parent directories): .git
2025-12-03 03:26:25.710 [info] > git rev-parse --show-toplevel [1277ms]
2025-12-03 03:26:25.711 [info] fatal: not a git repository (or any of the parent directories): .git
2025-12-03 03:26:25.838 [info] > git rev-parse --show-toplevel [43ms]
2025-12-03 03:26:25.838 [info] fatal: not a git repository (or any of the parent directories): .git
2025-12-03 03:26:25.924 [info] > git rev-parse --show-toplevel [56ms]
2025-12-03 03:26:25.924 [info] fatal: not a git repository (or any of the parent directories): .git
2025-12-03 03:26:26.488 [info] > git rev-parse --show-toplevel [487ms]
2025-12-03 03:26:26.488 [info] fatal: not a git repository (or any of the parent directories): .git
2025-12-03 03:26:26.719 [info] > git rev-parse --show-toplevel [35ms]
2025-12-03 03:26:26.719 [info] fatal: not a git repository (or any of the parent directories): .git
2025-12-03 03:26:26.817 [info] > git rev-parse --show-toplevel [37ms]
2025-12-03 03:26:26.818 [info] fatal: not a git repository (or any of the parent directories): .git
2025-12-03 03:26:26.822 [info] [Model][doInitialScan] Initial repository scan completed - repositories (0), closed repositories (0), parent repositories (0), unsafe repositories (0)
2025-12-03 03:27:02.549 [info] > git rev-parse --show-toplevel [3ms]
2025-12-03 03:27:02.549 [info] fatal: not a git repository (or any of the parent directories): .git
2025-12-03 03:27:07.220 [info] > git rev-parse --show-toplevel [7ms]
2025-12-03 03:27:07.222 [info] fatal: not a git repository (or any of the parent directories): .git
2025-12-03 03:27:39.707 [info] > git rev-parse --show-toplevel [7ms]
2025-12-03 03:27:39.707 [info] fatal: not a git repository (or any of the parent directories): .git
2025-12-03 03:28:52.917 [info] > git rev-parse --show-toplevel [12ms]
2025-12-03 03:28:52.918 [info] fatal: not a git repository (or any of the parent directories): .git
2025-12-03 03:33:46.182 [info] > git rev-parse --show-toplevel [19ms]
2025-12-03 03:33:46.182 [info] fatal: not a git repository (or any of the parent directories): .git
2025-12-03 03:33:59.184 [info] > git rev-parse --show-toplevel [122ms]
2025-12-03 03:33:59.184 [info] fatal: not a git repository (or any of the parent directories): .git
2025-12-03 03:34:47.246 [info] > git rev-parse --show-toplevel [7ms]
2025-12-03 03:34:47.246 [info] fatal: not a git repository (or any of the parent directories): .git
2025-12-03 03:37:48.810 [info] > git rev-parse --show-toplevel [3ms]
2025-12-03 03:37:48.810 [info] fatal: not a git repository (or any of the parent directories): .git
2025-12-03 03:41:52.146 [info] > git rev-parse --show-toplevel [8ms]
2025-12-03 03:41:52.146 [info] fatal: not a git repository (or any of the parent directories): .git
