2025-12-04 23:18:47.491 [info] [aebc6443-996d-45c2-90f0-388ff96faa56] Native Broker is only available on Windows and macOS
2025-12-04 23:19:00.358 [info] [getSessions] [all] starting
2025-12-04 23:19:00.358 [info] [getSessions] [all] returned 0 session(s)
2025-12-04 23:19:00.359 [info] [getSessions] [all] starting
2025-12-04 23:19:00.359 [info] [getSessions] [all] returned 0 session(s)
2025-12-04 23:19:00.359 [info] [getSessions] [all] starting
2025-12-04 23:19:00.360 [info] [getSessions] [all] returned 0 session(s)
2025-12-04 23:19:00.360 [info] [getSessions] [all] starting
2025-12-04 23:19:00.360 [info] [getSessions] [all] returned 0 session(s)
2025-12-04 23:19:01.354 [info] [getSessions] [499b84ac-1321-427f-aa17-267ca6975798/.default offline_access] starting
2025-12-04 23:19:01.354 [info] [aebc6443-996d-45c2-90f0-388ff96faa56] Native Broker is only available on Windows and macOS
2025-12-04 23:19:04.858 [info] [getSessions] [499b84ac-1321-427f-aa17-267ca6975798/.default offline_access] returned 0 session(s)
2025-12-04 23:19:07.503 [info] [getSessions] [499b84ac-1321-427f-aa17-267ca6975798/.default offline_access] starting
2025-12-04 23:19:07.503 [info] [getSessions] [499b84ac-1321-427f-aa17-267ca6975798/.default offline_access] returned 0 session(s)
2025-12-04 23:19:10.449 [info] [getSessions] [all] starting
2025-12-04 23:19:10.449 [info] [getSessions] [all] returned 0 session(s)
2025-12-05 00:04:55.190 [info] [getSessions] [499b84ac-1321-427f-aa17-267ca6975798/.default offline_access] starting
2025-12-05 00:04:55.191 [info] [getSessions] [499b84ac-1321-427f-aa17-267ca6975798/.default offline_access] returned 0 session(s)
2025-12-05 00:26:04.550 [info] [getSessions] [499b84ac-1321-427f-aa17-267ca6975798/.default offline_access] starting
2025-12-05 00:26:04.550 [info] [getSessions] [499b84ac-1321-427f-aa17-267ca6975798/.default offline_access] returned 0 session(s)
