2025-12-04 23:18:43.590 [info] Reading sessions from keychain...
2025-12-04 23:18:43.590 [info] Getting sessions for all scopes...
2025-12-04 23:18:45.576 [info] Got stored sessions!
2025-12-04 23:18:45.576 [info] Got 1 verified sessions.
2025-12-04 23:18:45.579 [info] Got 1 sessions for ...
2025-12-04 23:18:45.580 [info] Getting sessions for all scopes...
2025-12-04 23:18:45.580 [info] Got 1 sessions for ...
2025-12-04 23:18:45.581 [info] Getting sessions for all scopes...
2025-12-04 23:18:45.581 [info] Got 1 sessions for ...
2025-12-04 23:18:45.581 [info] Getting sessions for all scopes...
2025-12-04 23:18:45.582 [info] Got 1 sessions for ...
2025-12-04 23:18:45.583 [info] Getting sessions for all scopes...
2025-12-04 23:18:45.583 [info] Got 1 sessions for ...
2025-12-04 23:18:45.584 [info] Getting sessions for all scopes...
2025-12-04 23:18:45.584 [info] Got 1 sessions for ...
2025-12-04 23:18:45.584 [info] Getting sessions for all scopes...
2025-12-04 23:18:45.585 [info] Got 1 sessions for ...
2025-12-04 23:18:45.585 [info] Getting sessions for all scopes...
2025-12-04 23:18:45.585 [info] Got 1 sessions for ...
2025-12-04 23:18:45.585 [info] Getting sessions for all scopes...
2025-12-04 23:18:45.586 [info] Got 1 sessions for ...
2025-12-04 23:18:45.586 [info] Getting sessions for all scopes...
2025-12-04 23:18:45.586 [info] Got 1 sessions for ...
2025-12-04 23:18:45.591 [info] Getting sessions for all scopes...
2025-12-04 23:18:45.592 [info] Got 1 sessions for ...
2025-12-04 23:18:45.724 [info] Getting sessions for all scopes...
2025-12-04 23:18:45.724 [info] Got 1 sessions for ...
2025-12-04 23:18:46.322 [info] Getting sessions for all scopes...
2025-12-04 23:18:46.322 [info] Got 1 sessions for ...
2025-12-04 23:18:46.323 [info] Getting sessions for all scopes...
2025-12-04 23:18:46.323 [info] Got 1 sessions for ...
2025-12-04 23:18:46.324 [info] Getting sessions for all scopes...
2025-12-04 23:18:46.324 [info] Got 1 sessions for ...
2025-12-04 23:18:46.324 [info] Getting sessions for all scopes...
2025-12-04 23:18:46.324 [info] Got 1 sessions for ...
2025-12-04 23:18:46.325 [info] Getting sessions for all scopes...
2025-12-04 23:18:46.325 [info] Got 1 sessions for ...
2025-12-04 23:18:46.326 [info] Getting sessions for all scopes...
2025-12-04 23:18:46.326 [info] Got 1 sessions for ...
2025-12-04 23:18:46.344 [info] Getting sessions for all scopes...
2025-12-04 23:18:46.344 [info] Got 1 sessions for ...
2025-12-04 23:18:46.346 [info] Getting sessions for all scopes...
2025-12-04 23:18:46.346 [info] Got 1 sessions for ...
2025-12-04 23:18:46.511 [info] Getting sessions for all scopes...
2025-12-04 23:18:46.511 [info] Got 1 sessions for ...
2025-12-04 23:18:46.953 [info] Getting sessions for read:user,repo,user:email,workflow...
2025-12-04 23:18:46.954 [info] Got 0 sessions for read:user,repo,user:email,workflow...
2025-12-04 23:18:47.683 [info] FetcherService: Electron fetch failed with status: 429 
2025-12-04 23:18:48.210 [info] Getting sessions for user:email...
2025-12-04 23:18:48.210 [info] Got 1 sessions for user:email...
2025-12-04 23:18:48.216 [info] Getting sessions for read:user,repo,user:email,workflow...
2025-12-04 23:18:48.216 [info] Got 0 sessions for read:user,repo,user:email,workflow...
2025-12-04 23:18:59.327 [info] Getting sessions for all scopes...
2025-12-04 23:18:59.328 [info] Got 1 sessions for ...
2025-12-04 23:19:00.356 [info] Getting sessions for all scopes...
2025-12-04 23:19:00.356 [info] Got 1 sessions for ...
2025-12-04 23:19:01.057 [info] FetcherService: Node fetch failed with status: 429 Too Many Requests
2025-12-04 23:19:03.469 [info] Getting sessions for read:user,repo,user:email,workflow...
2025-12-04 23:19:03.469 [info] Got 0 sessions for read:user,repo,user:email,workflow...
2025-12-04 23:19:04.989 [info] Getting sessions for all scopes...
2025-12-04 23:19:04.989 [info] Got 1 sessions for ...
2025-12-04 23:19:05.362 [info] Getting sessions for all scopes...
2025-12-04 23:19:05.363 [info] Got 1 sessions for ...
2025-12-04 23:19:05.383 [info] FetcherService: Node http/s failed with status: 429 Too Many Requests
2025-12-04 23:19:05.434 [info] Getting sessions for read:user,repo,user:email,workflow...
2025-12-04 23:19:05.434 [info] Got 0 sessions for read:user,repo,user:email,workflow...
2025-12-04 23:19:05.435 [info] Getting sessions for user:email...
2025-12-04 23:19:05.435 [info] Got 1 sessions for user:email...
2025-12-04 23:19:05.811 [info] Getting sessions for read:user...
2025-12-04 23:19:05.811 [info] Got 0 sessions for read:user...
2025-12-04 23:19:07.500 [info] Getting sessions for user:email...
2025-12-04 23:19:07.500 [info] Got 1 sessions for user:email...
2025-12-04 23:19:07.501 [info] Getting sessions for all scopes...
2025-12-04 23:19:07.501 [info] Got 1 sessions for ...
2025-12-04 23:19:07.502 [info] Getting sessions for all scopes...
2025-12-04 23:19:07.502 [info] Got 1 sessions for ...
2025-12-04 23:19:07.733 [info] Getting sessions for read:user,repo,user:email,workflow...
2025-12-04 23:19:07.733 [info] Got 0 sessions for read:user,repo,user:email,workflow...
2025-12-04 23:19:07.755 [info] Getting sessions for read:user,repo,user:email,workflow...
2025-12-04 23:19:07.755 [info] Got 0 sessions for read:user,repo,user:email,workflow...
2025-12-04 23:19:08.872 [info] Getting sessions for user:email...
2025-12-04 23:19:08.872 [info] Got 1 sessions for user:email...
2025-12-04 23:19:08.873 [info] Getting sessions for read:user,repo,user:email,workflow...
2025-12-04 23:19:08.873 [info] Got 0 sessions for read:user,repo,user:email,workflow...
2025-12-04 23:19:09.382 [info] Getting sessions for all scopes...
2025-12-04 23:19:09.383 [info] Got 1 sessions for ...
2025-12-04 23:19:09.396 [info] Getting sessions for all scopes...
2025-12-04 23:19:09.396 [info] Got 1 sessions for ...
2025-12-04 23:19:09.404 [info] Getting sessions for all scopes...
2025-12-04 23:19:09.404 [info] Got 1 sessions for ...
2025-12-04 23:19:09.568 [info] Getting sessions for read:user,repo,user:email,workflow...
2025-12-04 23:19:09.568 [info] Got 0 sessions for read:user,repo,user:email,workflow...
2025-12-04 23:19:09.743 [info] Getting sessions for user:email...
2025-12-04 23:19:09.743 [info] Got 1 sessions for user:email...
2025-12-04 23:19:10.448 [info] Getting sessions for all scopes...
2025-12-04 23:19:10.448 [info] Got 1 sessions for ...
2025-12-04 23:19:22.272 [info] Getting sessions for all scopes...
2025-12-04 23:19:22.272 [info] Got 1 sessions for ...
2025-12-04 23:19:22.656 [info] Getting sessions for read:user,repo,user:email,workflow...
2025-12-04 23:19:22.656 [info] Got 0 sessions for read:user,repo,user:email,workflow...
2025-12-04 23:19:22.666 [info] Getting sessions for read:user,repo,user:email,workflow...
2025-12-04 23:19:22.666 [info] Got 0 sessions for read:user,repo,user:email,workflow...
2025-12-04 23:19:22.682 [info] Getting sessions for all scopes...
2025-12-04 23:19:22.682 [info] Got 1 sessions for ...
2025-12-04 23:19:22.700 [info] Getting sessions for read:user,repo,user:email,workflow...
2025-12-04 23:19:22.700 [info] Got 0 sessions for read:user,repo,user:email,workflow...
2025-12-04 23:19:22.709 [info] Getting sessions for user:email...
2025-12-04 23:19:22.709 [info] Got 1 sessions for user:email...
2025-12-05 00:04:54.443 [info] Getting sessions for read:user,repo,user:email,workflow...
2025-12-05 00:04:54.443 [info] Got 0 sessions for read:user,repo,user:email,workflow...
2025-12-05 00:04:54.447 [info] Getting sessions for read:user...
2025-12-05 00:04:54.447 [info] Got 0 sessions for read:user...
2025-12-05 00:04:54.448 [info] Getting sessions for user:email...
2025-12-05 00:04:54.448 [info] Got 1 sessions for user:email...
2025-12-05 00:04:54.641 [info] Getting sessions for all scopes...
2025-12-05 00:04:54.641 [info] Got 1 sessions for ...
2025-12-05 00:04:54.643 [info] Getting sessions for read:user,repo,user:email,workflow...
2025-12-05 00:04:54.643 [info] Got 0 sessions for read:user,repo,user:email,workflow...
2025-12-05 00:04:54.645 [info] Getting sessions for user:email...
2025-12-05 00:04:54.645 [info] Got 1 sessions for user:email...
2025-12-05 00:04:55.188 [info] Getting sessions for all scopes...
2025-12-05 00:04:55.189 [info] Got 1 sessions for ...
2025-12-05 00:04:55.189 [info] Getting sessions for all scopes...
2025-12-05 00:04:55.189 [info] Got 1 sessions for ...
2025-12-05 00:04:55.194 [info] Getting sessions for read:user,repo,user:email,workflow...
2025-12-05 00:04:55.194 [info] Got 0 sessions for read:user,repo,user:email,workflow...
2025-12-05 00:04:55.200 [info] Getting sessions for user:email...
2025-12-05 00:04:55.200 [info] Got 1 sessions for user:email...
2025-12-05 00:04:55.201 [info] Getting sessions for read:user,repo,user:email,workflow...
2025-12-05 00:04:55.201 [info] Got 0 sessions for read:user,repo,user:email,workflow...
2025-12-05 00:04:55.233 [info] Getting sessions for all scopes...
2025-12-05 00:04:55.233 [info] Got 1 sessions for ...
2025-12-05 00:04:55.242 [info] Getting sessions for read:user,repo,user:email,workflow...
2025-12-05 00:04:55.242 [info] Got 0 sessions for read:user,repo,user:email,workflow...
2025-12-05 00:04:55.246 [info] Getting sessions for read:user,repo,user:email,workflow...
2025-12-05 00:04:55.247 [info] Got 0 sessions for read:user,repo,user:email,workflow...
2025-12-05 00:04:55.254 [info] Getting sessions for all scopes...
2025-12-05 00:04:55.254 [info] Got 1 sessions for ...
2025-12-05 00:04:55.258 [info] Getting sessions for read:user,repo,user:email,workflow...
2025-12-05 00:04:55.258 [info] Got 0 sessions for read:user,repo,user:email,workflow...
2025-12-05 00:04:55.263 [info] Getting sessions for user:email...
2025-12-05 00:04:55.263 [info] Got 1 sessions for user:email...
2025-12-05 00:11:42.196 [info] Getting sessions for all scopes...
2025-12-05 00:11:42.197 [info] Got 1 sessions for ...
2025-12-05 00:11:42.244 [info] Getting sessions for all scopes...
2025-12-05 00:11:42.244 [info] Got 1 sessions for ...
2025-12-05 00:26:03.953 [info] Getting sessions for all scopes...
2025-12-05 00:26:03.953 [info] Got 1 sessions for ...
2025-12-05 00:26:03.961 [info] Getting sessions for read:user,repo,user:email,workflow...
2025-12-05 00:26:03.961 [info] Got 0 sessions for read:user,repo,user:email,workflow...
2025-12-05 00:26:03.965 [info] Getting sessions for user:email...
2025-12-05 00:26:03.966 [info] Got 1 sessions for user:email...
2025-12-05 00:26:04.547 [info] Getting sessions for all scopes...
2025-12-05 00:26:04.547 [info] Got 1 sessions for ...
2025-12-05 00:26:04.548 [info] Getting sessions for all scopes...
2025-12-05 00:26:04.548 [info] Got 1 sessions for ...
2025-12-05 00:26:04.556 [info] Getting sessions for read:user,repo,user:email,workflow...
2025-12-05 00:26:04.557 [info] Got 0 sessions for read:user,repo,user:email,workflow...
2025-12-05 00:26:04.580 [info] Getting sessions for user:email...
2025-12-05 00:26:04.580 [info] Got 1 sessions for user:email...
2025-12-05 00:26:04.580 [info] Getting sessions for read:user,repo,user:email,workflow...
2025-12-05 00:26:04.580 [info] Got 0 sessions for read:user,repo,user:email,workflow...
2025-12-05 00:26:04.660 [info] Getting sessions for all scopes...
2025-12-05 00:26:04.660 [info] Got 1 sessions for ...
2025-12-05 00:26:04.694 [info] Getting sessions for read:user,repo,user:email,workflow...
2025-12-05 00:26:04.694 [info] Got 0 sessions for read:user,repo,user:email,workflow...
2025-12-05 00:26:04.699 [info] Getting sessions for read:user,repo,user:email,workflow...
2025-12-05 00:26:04.699 [info] Got 0 sessions for read:user,repo,user:email,workflow...
2025-12-05 00:26:04.703 [info] Getting sessions for all scopes...
2025-12-05 00:26:04.703 [info] Got 1 sessions for ...
2025-12-05 00:26:04.708 [info] Getting sessions for read:user,repo,user:email,workflow...
2025-12-05 00:26:04.708 [info] Got 0 sessions for read:user,repo,user:email,workflow...
2025-12-05 00:26:04.713 [info] Getting sessions for user:email...
2025-12-05 00:26:04.713 [info] Got 1 sessions for user:email...
2025-12-05 00:28:19.326 [info] Getting sessions for all scopes...
2025-12-05 00:28:19.326 [info] Got 1 sessions for ...
2025-12-05 00:28:19.330 [info] Getting sessions for read:user,repo,user:email,workflow...
2025-12-05 00:28:19.330 [info] Got 0 sessions for read:user,repo,user:email,workflow...
2025-12-05 00:28:19.334 [info] Getting sessions for user:email...
2025-12-05 00:28:19.334 [info] Got 1 sessions for user:email...
2025-12-05 00:30:22.295 [info] Getting sessions for read:user,repo,user:email,workflow...
2025-12-05 00:30:22.295 [info] Got 0 sessions for read:user,repo,user:email,workflow...
2025-12-05 00:30:22.297 [info] Getting sessions for read:user...
2025-12-05 00:30:22.297 [info] Got 0 sessions for read:user...
2025-12-05 00:30:22.301 [info] Getting sessions for user:email...
2025-12-05 00:30:22.301 [info] Got 1 sessions for user:email...
